[03:14:19] localProcessing Group : fix-smartphone-elementor
[03:14:19] Asset (handle: fix-smartphone-elementor) in group styles has been successfully processed.
[03:14:19] localProcessing Group : rs-plugin-settings
[03:14:19] Asset (handle: rs-plugin-settings) in group styles has been successfully processed.
[03:14:21] localProcessing Group : wdsi
[03:14:21] Asset (handle: wdsi) in group styles has been successfully processed.
[03:14:22] localProcessing Group : uaf_client_css
[03:14:22] localProcessing Group : wpah-front-styles
[03:14:22] Asset (handle: wpah-front-styles) in group styles has been successfully processed.
[03:14:22] localProcessing Group : twentyseventeen-style
[03:14:22] Asset (handle: twentyseventeen-style) in group styles has been successfully processed.
[03:14:24] localProcessing Group : twentyseventeen-ie8
[03:14:24] Asset (handle: twentyseventeen-ie8) in group styles has been successfully processed.
[03:14:24] localProcessing Group : wpmu-wpmu-ui-3-min-css
[03:14:24] Asset (handle: wpmu-wpmu-ui-3-min-css) in group styles has been successfully processed.
[05:51:40] localProcessing Group : wpmu-animate-3-min-css
[05:51:40] Asset (handle: wpmu-animate-3-min-css) in group styles has been successfully processed.
[05:51:41] localProcessing Group : jquery-core
[05:51:41] Asset (handle: jquery-core) in group scripts has been successfully processed.
[05:51:44] localProcessing Group : jquery-migrate
[05:51:44] Asset (handle: jquery-migrate) in group scripts has been successfully processed.
[05:51:45] localProcessing Group : tp-tools
[05:51:45] Asset (handle: tp-tools) in group scripts has been successfully processed.
[05:51:46] localProcessing Group : revmin
[05:51:46] Asset (handle: revmin) in group scripts has been successfully processed.
[05:51:47] localProcessing Group : wdsi
[05:51:47] Asset (handle: wdsi) in group scripts has been successfully processed.
[05:51:48] localProcessing Group : html5
[05:51:48] Asset (handle: html5) in group scripts has been successfully processed.
[05:51:55] localProcessing Group : WebgroupUtils
[05:51:55] Asset (handle: WebgroupUtils) in group scripts has been successfully processed.
[05:51:56] localProcessing Group : addPageViewCrmInfoScript
[05:51:56] Asset (handle: addPageViewCrmInfoScript) in group scripts has been successfully processed.
[05:51:57] localProcessing Group : addDiviFormCrmInfoScript
[05:51:57] Asset (handle: addDiviFormCrmInfoScript) in group scripts has been successfully processed.
[05:51:58] localProcessing Group : replacePhoneNumbersByChannelId
[05:51:58] Asset (handle: replacePhoneNumbersByChannelId) in group scripts has been successfully processed.
[05:51:58] localProcessing Group : wp-accessibility-helper
[05:51:58] Asset (handle: wp-accessibility-helper) in group scripts has been successfully processed.
[05:51:59] localProcessing Group : twentyseventeen-skip-link-focus-fix
[05:51:59] Asset (handle: twentyseventeen-skip-link-focus-fix) in group scripts has been successfully processed.
[05:52:00] localProcessing Group : twentyseventeen-global
[05:52:00] Asset (handle: twentyseventeen-global) in group scripts has been successfully processed.
[05:52:00] localProcessing Group : jquery-scrollto
[05:52:00] Asset (handle: jquery-scrollto) in group scripts has been successfully processed.
[05:52:07] localProcessing Group : wpmu-wpmu-ui-3-min-js
[05:52:07] Asset (handle: wpmu-wpmu-ui-3-min-js) in group scripts has been successfully processed.
[05:52:08] localProcessing Group : wpmu-public-min-js
[05:52:08] Asset (handle: wpmu-public-min-js) in group scripts has been successfully processed.
[05:52:08] localProcessing Group : wp-embed
[05:52:08] Asset (handle: wp-embed) in group scripts has been successfully processed.
