[04:35:28] localProcessing Group : fix-smartphone-elementor
[04:35:28] Asset (handle: fix-smartphone-elementor) in group styles has been successfully processed.
[04:35:29] localProcessing Group : rs-plugin-settings
[04:35:29] Asset (handle: rs-plugin-settings) in group styles has been successfully processed.
[04:35:30] localProcessing Group : wdsi
[04:35:30] Asset (handle: wdsi) in group styles has been successfully processed.
[04:35:31] localProcessing Group : uaf_client_css
[04:35:31] localProcessing Group : twentyseventeen-style
[04:35:31] Asset (handle: twentyseventeen-style) in group styles has been successfully processed.
[04:35:33] localProcessing Group : twentyseventeen-ie8
[04:35:33] Asset (handle: twentyseventeen-ie8) in group styles has been successfully processed.
[04:35:33] localProcessing Group : wpmu-wpmu-ui-3-min-css
[04:35:33] Asset (handle: wpmu-wpmu-ui-3-min-css) in group styles has been successfully processed.
[04:35:34] localProcessing Group : wpmu-animate-3-min-css
[04:35:34] Asset (handle: wpmu-animate-3-min-css) in group styles has been successfully processed.
[09:38:46] localProcessing Group : jquery-core
[09:38:46] Asset (handle: jquery-core) in group scripts has been successfully processed.
[09:38:51] localProcessing Group : jquery-migrate
[09:38:51] Asset (handle: jquery-migrate) in group scripts has been successfully processed.
[09:38:55] localProcessing Group : tp-tools
[09:38:55] Asset (handle: tp-tools) in group scripts has been successfully processed.
[09:38:57] localProcessing Group : revmin
[09:38:57] Asset (handle: revmin) in group scripts has been successfully processed.
[09:39:02] localProcessing Group : wdsi
[09:39:02] Asset (handle: wdsi) in group scripts has been successfully processed.
[09:39:20] localProcessing Group : html5
[09:39:21] Asset (handle: html5) in group scripts has been successfully processed.
[09:39:23] localProcessing Group : WebgroupUtils
[09:39:23] Asset (handle: WebgroupUtils) in group scripts has been successfully processed.
