[13:23:49] localProcessing Group : fix-smartphone-elementor
[13:23:49] Asset (handle: fix-smartphone-elementor) in group styles has been successfully processed.
[13:23:50] localProcessing Group : rs-plugin-settings
[13:23:50] Asset (handle: rs-plugin-settings) in group styles has been successfully processed.
[13:23:51] localProcessing Group : wdsi
[13:23:51] Asset (handle: wdsi) in group styles has been successfully processed.
[13:23:52] localProcessing Group : uaf_client_css
[13:23:52] localProcessing Group : wpah-front-styles
[13:23:52] Asset (handle: wpah-front-styles) in group styles has been successfully processed.
[13:23:53] localProcessing Group : berlin-fix-style
[13:23:53] Asset (handle: berlin-fix-style) in group styles has been successfully processed.
[13:23:55] localProcessing Group : elementor-icons
[13:23:55] Asset (handle: elementor-icons) in group styles has been successfully processed.
[13:23:56] localProcessing Group : font-awesome
[13:23:56] Asset (handle: font-awesome) in group styles has been successfully processed.
[13:24:16] localProcessing Group : elementor-animations
[13:24:16] Asset (handle: elementor-animations) in group styles has been successfully processed.
[13:24:17] localProcessing Group : elementor-frontend
[13:24:17] Asset (handle: elementor-frontend) in group styles has been successfully processed.
[13:24:19] localProcessing Group : elementor-global
[13:24:19] Asset (handle: elementor-global) in group styles has been successfully processed.
[13:24:20] localProcessing Group : elementor-post-1461
[13:24:20] Asset (handle: elementor-post-1461) in group styles has been successfully processed.
[13:24:21] localProcessing Group : elementor-pro
[13:24:21] Asset (handle: elementor-pro) in group styles has been successfully processed.
[13:24:22] localProcessing Group : wpmu-wpmu-ui-3-min-css
[13:24:22] Asset (handle: wpmu-wpmu-ui-3-min-css) in group styles has been successfully processed.
[13:24:23] localProcessing Group : wpmu-animate-3-min-css
[13:24:23] Asset (handle: wpmu-animate-3-min-css) in group styles has been successfully processed.
[13:24:24] localProcessing Group : jquery-core
[13:24:24] Asset (handle: jquery-core) in group scripts has been successfully processed.
[13:24:31] localProcessing Group : jquery-migrate
[13:24:31] Asset (handle: jquery-migrate) in group scripts has been successfully processed.
[13:24:32] localProcessing Group : tp-tools
[13:24:32] Asset (handle: tp-tools) in group scripts has been successfully processed.
[13:24:33] localProcessing Group : revmin
[13:24:33] Asset (handle: revmin) in group scripts has been successfully processed.
[13:24:34] localProcessing Group : wdsi
[13:24:34] Asset (handle: wdsi) in group scripts has been successfully processed.
[13:24:35] localProcessing Group : child-script
[13:24:35] Asset (handle: child-script) in group scripts has been successfully processed.
[13:24:36] localProcessing Group : elementor-post-2347
[13:24:36] Asset (handle: elementor-post-2347) in group styles has been successfully processed.
[13:24:38] localProcessing Group : elementor-post-2302
[13:24:38] Asset (handle: elementor-post-2302) in group styles has been successfully processed.
[13:24:45] localProcessing Group : briar-elementor
[13:24:45] Asset (handle: briar-elementor) in group styles has been successfully processed.
[13:24:46] localProcessing Group : WebgroupUtils
[13:24:46] Asset (handle: WebgroupUtils) in group scripts has been successfully processed.
[13:24:47] localProcessing Group : addPageViewCrmInfoScript
[13:24:47] Asset (handle: addPageViewCrmInfoScript) in group scripts has been successfully processed.
[13:24:48] localProcessing Group : addDiviFormCrmInfoScript
[13:24:48] Asset (handle: addDiviFormCrmInfoScript) in group scripts has been successfully processed.
[13:24:49] localProcessing Group : replacePhoneNumbersByChannelId
[13:24:49] Asset (handle: replacePhoneNumbersByChannelId) in group scripts has been successfully processed.
[13:24:50] localProcessing Group : wp-accessibility-helper
[13:24:50] Asset (handle: wp-accessibility-helper) in group scripts has been successfully processed.
[13:24:50] localProcessing Group : wpmu-wpmu-ui-3-min-js
[13:24:50] Asset (handle: wpmu-wpmu-ui-3-min-js) in group scripts has been successfully processed.
[13:24:51] localProcessing Group : wpmu-public-min-js
[13:24:51] Asset (handle: wpmu-public-min-js) in group scripts has been successfully processed.
[13:25:01] localProcessing Group : wp-embed
[13:25:01] Asset (handle: wp-embed) in group scripts has been successfully processed.
[13:25:02] localProcessing Group : smartmenus
[13:25:02] Asset (handle: smartmenus) in group scripts has been successfully processed.
[13:25:03] localProcessing Group : imagesloaded
[13:25:03] Asset (handle: imagesloaded) in group scripts has been successfully processed.
[13:25:03] localProcessing Group : jquery-slick
[13:25:03] Asset (handle: jquery-slick) in group scripts has been successfully processed.
[13:25:04] localProcessing Group : elementor-pro-frontend
[13:25:04] Asset (handle: elementor-pro-frontend) in group scripts has been successfully processed.
[13:25:05] localProcessing Group : jquery-ui-position
[13:25:05] Asset (handle: jquery-ui-position) in group scripts has been successfully processed.
[13:25:06] localProcessing Group : elementor-dialog
[13:25:06] Asset (handle: elementor-dialog) in group scripts has been successfully processed.
[13:25:07] localProcessing Group : elementor-waypoints
[13:25:07] Asset (handle: elementor-waypoints) in group scripts has been successfully processed.
[13:25:15] localProcessing Group : jquery-swiper
[13:25:15] Asset (handle: jquery-swiper) in group scripts has been successfully processed.
[13:25:16] localProcessing Group : elementor-frontend
[13:25:16] Asset (handle: elementor-frontend) in group scripts has been successfully processed.
[13:25:17] localProcessing Group : briar-elementor
[13:25:17] Asset (handle: briar-elementor) in group scripts has been successfully processed.
[13:28:10] localProcessing Group : dashicons
[13:28:10] Asset (handle: dashicons) in group styles has been successfully processed.
[13:28:11] localProcessing Group : admin-bar
[13:28:11] Asset (handle: admin-bar) in group styles has been successfully processed.
[13:28:12] localProcessing Group : yoast-seo-adminbar
[13:28:12] Asset (handle: yoast-seo-adminbar) in group styles has been successfully processed.
[13:28:13] localProcessing Group : duplicate-post
[13:28:13] Asset (handle: duplicate-post) in group styles has been successfully processed.
[13:28:14] localProcessing Group : admin-bar
[13:28:14] Asset (handle: admin-bar) in group scripts has been successfully processed.
[13:33:25] localProcessing Group : editor-preview
[13:33:25] Asset (handle: editor-preview) in group styles has been successfully processed.
[13:33:26] localProcessing Group : flatpickr
[13:33:26] Asset (handle: flatpickr) in group styles has been successfully processed.
[13:33:26] localProcessing Group : flatpickr
[13:33:26] Asset (handle: flatpickr) in group scripts has been successfully processed.
[13:33:27] localProcessing Group : jquery-numerator
[13:33:28] Asset (handle: jquery-numerator) in group scripts has been successfully processed.
[13:33:29] localProcessing Group : social-share
[13:33:29] Asset (handle: social-share) in group scripts has been successfully processed.
[13:33:29] localProcessing Group : elementor-inline-editor
[13:33:29] Asset (handle: elementor-inline-editor) in group scripts has been successfully processed.
[06:30:27] localProcessing Group : elementor-post-2282
[06:30:27] Asset (handle: elementor-post-2282) in group styles has been successfully processed.
