[16:14:00] localProcessing Group : fix-smartphone-elementor
[16:14:00] Asset (handle: fix-smartphone-elementor) in group styles has been successfully processed.
[16:14:01] localProcessing Group : rs-plugin-settings
[16:14:01] Asset (handle: rs-plugin-settings) in group styles has been successfully processed.
[16:14:02] localProcessing Group : wdsi
[16:14:02] Asset (handle: wdsi) in group styles has been successfully processed.
[16:14:03] localProcessing Group : uaf_client_css
[16:14:03] localProcessing Group : pojo-a11y
[16:14:03] Asset (handle: pojo-a11y) in group styles has been successfully processed.
[16:14:04] localProcessing Group : elementor-icons
[16:14:04] Asset (handle: elementor-icons) in group styles has been successfully processed.
[16:14:05] localProcessing Group : font-awesome
[16:14:05] Asset (handle: font-awesome) in group styles has been successfully processed.
[16:14:06] localProcessing Group : elementor-animations
[16:14:06] Asset (handle: elementor-animations) in group styles has been successfully processed.
[16:14:13] localProcessing Group : elementor-frontend
[16:14:13] Asset (handle: elementor-frontend) in group styles has been successfully processed.
[16:14:14] localProcessing Group : elementor-post-1467
[16:14:14] Asset (handle: elementor-post-1467) in group styles has been successfully processed.
[16:14:15] localProcessing Group : elementor-pro
[16:14:15] Asset (handle: elementor-pro) in group styles has been successfully processed.
[16:14:16] localProcessing Group : pojo-css-framework
[16:14:16] Asset (handle: pojo-css-framework) in group styles has been successfully processed.
[16:14:17] localProcessing Group : wpmu-wpmu-ui-3-min-css
[16:14:17] Asset (handle: wpmu-wpmu-ui-3-min-css) in group styles has been successfully processed.
[16:14:18] localProcessing Group : wpmu-animate-3-min-css
[16:14:18] Asset (handle: wpmu-animate-3-min-css) in group styles has been successfully processed.
[16:14:19] localProcessing Group : photoswipe
[16:14:19] Asset (handle: photoswipe) in group styles has been successfully processed.
[16:14:20] localProcessing Group : photoswipe-skin
[16:14:20] Asset (handle: photoswipe-skin) in group styles has been successfully processed.
[16:14:47] localProcessing Group : pojo-base-style
[16:14:47] Asset (handle: pojo-base-style) in group styles has been successfully processed.
[16:14:48] localProcessing Group : pojo-style
[16:14:48] Asset (handle: pojo-style) in group styles has been successfully processed.
[16:14:48] localProcessing Group : pojo-base-style-rtl
[16:14:48] Asset (handle: pojo-base-style-rtl) in group styles has been successfully processed.
[16:14:49] localProcessing Group : pojo-style-rtl
[16:14:49] Asset (handle: pojo-style-rtl) in group styles has been successfully processed.
[16:14:49] localProcessing Group : jquery-core
[16:14:49] Asset (handle: jquery-core) in group scripts has been successfully processed.
[16:14:52] localProcessing Group : jquery-migrate
[16:14:52] Asset (handle: jquery-migrate) in group scripts has been successfully processed.
[16:14:53] localProcessing Group : tp-tools
[16:14:53] Asset (handle: tp-tools) in group scripts has been successfully processed.
[16:15:07] localProcessing Group : revmin
[16:15:07] Asset (handle: revmin) in group scripts has been successfully processed.
[16:15:09] localProcessing Group : wdsi
[16:15:09] Asset (handle: wdsi) in group scripts has been successfully processed.
[16:15:10] localProcessing Group : comment-reply
[16:15:10] Asset (handle: comment-reply) in group scripts has been successfully processed.
[16:15:11] localProcessing Group : briar-elementor
[16:15:11] Asset (handle: briar-elementor) in group styles has been successfully processed.
[16:15:12] localProcessing Group : WebgroupUtils
[16:15:12] Asset (handle: WebgroupUtils) in group scripts has been successfully processed.
[16:15:13] localProcessing Group : addPageViewCrmInfoScript
[16:15:13] Asset (handle: addPageViewCrmInfoScript) in group scripts has been successfully processed.
[16:15:13] localProcessing Group : addDiviFormCrmInfoScript
[16:15:13] Asset (handle: addDiviFormCrmInfoScript) in group scripts has been successfully processed.
[16:15:14] localProcessing Group : replacePhoneNumbersByChannelId
[16:15:14] Asset (handle: replacePhoneNumbersByChannelId) in group scripts has been successfully processed.
[16:15:25] localProcessing Group : pojo-forms
[16:15:25] Asset (handle: pojo-forms) in group scripts has been successfully processed.
[16:15:26] localProcessing Group : pojo-a11y
[16:15:26] Asset (handle: pojo-a11y) in group scripts has been successfully processed.
[16:15:27] localProcessing Group : pojo-plugins
[16:15:27] Asset (handle: pojo-plugins) in group scripts has been successfully processed.
[16:15:28] localProcessing Group : pojo-scripts
[16:15:28] Asset (handle: pojo-scripts) in group scripts has been successfully processed.
[16:15:29] localProcessing Group : wpmu-wpmu-ui-3-min-js
[16:15:29] Asset (handle: wpmu-wpmu-ui-3-min-js) in group scripts has been successfully processed.
[16:15:30] localProcessing Group : wpmu-public-min-js
[16:15:30] Asset (handle: wpmu-public-min-js) in group scripts has been successfully processed.
[16:15:31] localProcessing Group : masterslider
[16:15:31] Asset (handle: masterslider) in group scripts has been successfully processed.
[16:15:32] localProcessing Group : photoswipe
[16:15:32] Asset (handle: photoswipe) in group scripts has been successfully processed.
[16:15:41] localProcessing Group : photoswipe-ui
[16:15:41] Asset (handle: photoswipe-ui) in group scripts has been successfully processed.
[16:15:42] localProcessing Group : pojo-lightbox-app
[16:15:42] Asset (handle: pojo-lightbox-app) in group scripts has been successfully processed.
[16:15:42] localProcessing Group : pojo-news-ticker
[16:15:42] Asset (handle: pojo-news-ticker) in group scripts has been successfully processed.
[16:15:43] localProcessing Group : wp-embed
[16:15:43] Asset (handle: wp-embed) in group scripts has been successfully processed.
[16:15:44] localProcessing Group : elementor-pro-frontend
[16:15:44] Asset (handle: elementor-pro-frontend) in group scripts has been successfully processed.
[16:15:45] localProcessing Group : jquery-ui-position
[16:15:45] Asset (handle: jquery-ui-position) in group scripts has been successfully processed.
[16:15:46] localProcessing Group : elementor-dialog
[16:15:46] Asset (handle: elementor-dialog) in group scripts has been successfully processed.
[16:15:47] localProcessing Group : elementor-waypoints
[16:15:47] Asset (handle: elementor-waypoints) in group scripts has been successfully processed.
[08:50:51] localProcessing Group : jquery-swiper
[08:50:51] Asset (handle: jquery-swiper) in group scripts has been successfully processed.
[08:50:52] localProcessing Group : elementor-frontend
[08:50:52] Asset (handle: elementor-frontend) in group scripts has been successfully processed.
[08:50:53] localProcessing Group : briar-elementor
[08:50:53] Asset (handle: briar-elementor) in group scripts has been successfully processed.
[08:51:13] localProcessing Group : dashicons
[08:51:13] Asset (handle: dashicons) in group styles has been successfully processed.
[08:51:14] localProcessing Group : admin-bar
[08:51:14] Asset (handle: admin-bar) in group styles has been successfully processed.
[08:51:15] localProcessing Group : rs-plugin-settings
[08:51:15] Asset (handle: rs-plugin-settings) in group styles has been successfully processed.
[08:51:16] localProcessing Group : editor-preview
[08:51:16] Asset (handle: editor-preview) in group styles has been successfully processed.
[08:51:17] localProcessing Group : flatpickr
[08:51:17] Asset (handle: flatpickr) in group styles has been successfully processed.
[08:51:18] localProcessing Group : admin-bar
[08:51:18] Asset (handle: admin-bar) in group scripts has been successfully processed.
[08:51:19] localProcessing Group : flatpickr
[08:51:19] Asset (handle: flatpickr) in group scripts has been successfully processed.
[08:51:20] localProcessing Group : pojo-a11y
[08:51:20] Asset (handle: pojo-a11y) in group scripts has been successfully processed.
[08:53:05] localProcessing Group : jquery-slick
[08:53:05] Asset (handle: jquery-slick) in group scripts has been successfully processed.
[08:53:06] localProcessing Group : jquery-numerator
[08:53:06] Asset (handle: jquery-numerator) in group scripts has been successfully processed.
[08:53:07] localProcessing Group : imagesloaded
[08:53:07] Asset (handle: imagesloaded) in group scripts has been successfully processed.
[08:53:08] localProcessing Group : smartmenus
[08:53:08] Asset (handle: smartmenus) in group scripts has been successfully processed.
[08:53:09] localProcessing Group : social-share
[08:53:09] Asset (handle: social-share) in group scripts has been successfully processed.
[08:53:10] localProcessing Group : elementor-inline-editor
[08:53:10] Asset (handle: elementor-inline-editor) in group scripts has been successfully processed.
[08:59:32] localProcessing Group : yoast-seo-adminbar
[08:59:32] Asset (handle: yoast-seo-adminbar) in group styles has been successfully processed.
[08:59:33] localProcessing Group : duplicate-post
[08:59:33] Asset (handle: duplicate-post) in group styles has been successfully processed.
[09:15:56] localProcessing Group : elementor-post-3089
[09:15:56] Asset (handle: elementor-post-3089) in group styles has been successfully processed.
[09:24:41] localProcessing Group : elementor-post-3048
[09:24:41] Asset (handle: elementor-post-3048) in group styles has been successfully processed.
