[16:58:52] localProcessing Group : fix-smartphone-elementor
[16:58:52] Asset (handle: fix-smartphone-elementor) in group styles has been successfully processed.
[16:58:53] localProcessing Group : rs-plugin-settings
[16:58:53] Asset (handle: rs-plugin-settings) in group styles has been successfully processed.
[16:58:54] localProcessing Group : wdsi
[16:58:54] Asset (handle: wdsi) in group styles has been successfully processed.
[16:58:55] localProcessing Group : uaf_client_css
[16:58:55] localProcessing Group : pojo-a11y
[16:58:55] Asset (handle: pojo-a11y) in group styles has been successfully processed.
[16:58:57] localProcessing Group : elementor-icons
[16:58:57] Asset (handle: elementor-icons) in group styles has been successfully processed.
[16:58:57] localProcessing Group : font-awesome
[16:58:57] Asset (handle: font-awesome) in group styles has been successfully processed.
[16:58:58] localProcessing Group : elementor-animations
[16:58:58] Asset (handle: elementor-animations) in group styles has been successfully processed.
[16:59:06] localProcessing Group : rs-plugin-settings
[16:59:06] Asset (handle: rs-plugin-settings) in group styles has been successfully processed.
[16:59:07] localProcessing Group : wdsi
[16:59:07] Asset (handle: wdsi) in group styles has been successfully processed.
[16:59:08] localProcessing Group : uaf_client_css
[16:59:08] localProcessing Group : pojo-a11y
[16:59:08] Asset (handle: pojo-a11y) in group styles has been successfully processed.
[16:59:09] localProcessing Group : elementor-icons
[16:59:09] Asset (handle: elementor-icons) in group styles has been successfully processed.
[16:59:10] localProcessing Group : font-awesome
[16:59:10] Asset (handle: font-awesome) in group styles has been successfully processed.
[16:59:11] localProcessing Group : elementor-animations
[16:59:11] Asset (handle: elementor-animations) in group styles has been successfully processed.
[16:59:12] localProcessing Group : elementor-frontend
[16:59:12] Asset (handle: elementor-frontend) in group styles has been successfully processed.
[19:11:52] localProcessing Group : rs-plugin-settings
[19:11:52] Asset (handle: rs-plugin-settings) in group styles has been successfully processed.
[19:11:53] localProcessing Group : wdsi
[19:11:53] Asset (handle: wdsi) in group styles has been successfully processed.
[19:11:55] localProcessing Group : uaf_client_css
[19:11:55] localProcessing Group : pojo-a11y
[19:11:55] Asset (handle: pojo-a11y) in group styles has been successfully processed.
[19:11:56] localProcessing Group : elementor-icons
[19:11:56] Asset (handle: elementor-icons) in group styles has been successfully processed.
[19:11:57] localProcessing Group : font-awesome
[19:11:57] Asset (handle: font-awesome) in group styles has been successfully processed.
[19:11:58] localProcessing Group : elementor-animations
[19:11:58] Asset (handle: elementor-animations) in group styles has been successfully processed.
[19:11:59] localProcessing Group : elementor-frontend
[19:11:59] Asset (handle: elementor-frontend) in group styles has been successfully processed.
[22:57:09] localProcessing Group : elementor-post-2046
[22:57:09] Asset (handle: elementor-post-2046) in group styles has been successfully processed.
[22:57:10] localProcessing Group : elementor-pro
[22:57:10] Asset (handle: elementor-pro) in group styles has been successfully processed.
[22:57:11] localProcessing Group : pojo-css-framework
[22:57:11] Asset (handle: pojo-css-framework) in group styles has been successfully processed.
[22:57:12] localProcessing Group : wpmu-wpmu-ui-3-min-css
[22:57:12] Asset (handle: wpmu-wpmu-ui-3-min-css) in group styles has been successfully processed.
[22:57:13] localProcessing Group : wpmu-animate-3-min-css
[22:57:13] Asset (handle: wpmu-animate-3-min-css) in group styles has been successfully processed.
[22:57:14] localProcessing Group : photoswipe
[22:57:14] Asset (handle: photoswipe) in group styles has been successfully processed.
[22:57:15] localProcessing Group : photoswipe-skin
[22:57:15] Asset (handle: photoswipe-skin) in group styles has been successfully processed.
[22:57:15] localProcessing Group : pojo-base-style
[22:57:15] Asset (handle: pojo-base-style) in group styles has been successfully processed.
[23:03:45] localProcessing Group : pojo-style
[23:03:45] Asset (handle: pojo-style) in group styles has been successfully processed.
[23:03:45] localProcessing Group : pojo-base-style-rtl
[23:03:45] Asset (handle: pojo-base-style-rtl) in group styles has been successfully processed.
[23:03:46] localProcessing Group : pojo-style-rtl
[23:03:46] Asset (handle: pojo-style-rtl) in group styles has been successfully processed.
[23:03:46] localProcessing Group : jquery-core
[23:03:46] Asset (handle: jquery-core) in group scripts has been successfully processed.
[23:03:48] localProcessing Group : jquery-migrate
[23:03:48] Asset (handle: jquery-migrate) in group scripts has been successfully processed.
[23:03:49] localProcessing Group : tp-tools
[23:03:49] Asset (handle: tp-tools) in group scripts has been successfully processed.
[23:03:50] localProcessing Group : revmin
[23:03:50] Asset (handle: revmin) in group scripts has been successfully processed.
[23:04:34] localProcessing Group : wdsi
[23:04:34] Asset (handle: wdsi) in group scripts has been successfully processed.
[23:04:35] localProcessing Group : briar-elementor
[23:04:35] Asset (handle: briar-elementor) in group styles has been successfully processed.
[23:04:36] localProcessing Group : WebgroupUtils
[23:04:36] Asset (handle: WebgroupUtils) in group scripts has been successfully processed.
[23:04:37] localProcessing Group : addPageViewCrmInfoScript
[23:04:37] Asset (handle: addPageViewCrmInfoScript) in group scripts has been successfully processed.
[23:04:37] localProcessing Group : addDiviFormCrmInfoScript
[23:04:37] Asset (handle: addDiviFormCrmInfoScript) in group scripts has been successfully processed.
[23:04:38] localProcessing Group : replacePhoneNumbersByChannelId
[23:04:38] Asset (handle: replacePhoneNumbersByChannelId) in group scripts has been successfully processed.
[23:04:39] localProcessing Group : pojo-forms
[23:04:39] Asset (handle: pojo-forms) in group scripts has been successfully processed.
[23:04:42] localProcessing Group : pojo-a11y
[23:04:42] Asset (handle: pojo-a11y) in group scripts has been successfully processed.
[23:40:48] localProcessing Group : pojo-plugins
[23:40:48] Asset (handle: pojo-plugins) in group scripts has been successfully processed.
[23:40:49] localProcessing Group : pojo-scripts
[23:40:49] Asset (handle: pojo-scripts) in group scripts has been successfully processed.
[23:40:50] localProcessing Group : wpmu-wpmu-ui-3-min-js
[23:40:50] Asset (handle: wpmu-wpmu-ui-3-min-js) in group scripts has been successfully processed.
[23:40:51] localProcessing Group : wpmu-public-min-js
[23:40:51] Asset (handle: wpmu-public-min-js) in group scripts has been successfully processed.
[23:40:52] localProcessing Group : masterslider
[23:40:52] Asset (handle: masterslider) in group scripts has been successfully processed.
[23:40:53] localProcessing Group : photoswipe
[23:40:53] Asset (handle: photoswipe) in group scripts has been successfully processed.
[23:40:53] localProcessing Group : photoswipe-ui
[23:40:53] Asset (handle: photoswipe-ui) in group scripts has been successfully processed.
[23:40:55] localProcessing Group : pojo-lightbox-app
[23:40:55] Asset (handle: pojo-lightbox-app) in group scripts has been successfully processed.
[23:48:15] localProcessing Group : pojo-news-ticker
[23:48:15] Asset (handle: pojo-news-ticker) in group scripts has been successfully processed.
[23:48:16] localProcessing Group : wp-embed
[23:48:16] Asset (handle: wp-embed) in group scripts has been successfully processed.
[23:48:16] localProcessing Group : jquery-slick
[23:48:16] Asset (handle: jquery-slick) in group scripts has been successfully processed.
[23:48:17] localProcessing Group : jquery-numerator
[23:48:17] Asset (handle: jquery-numerator) in group scripts has been successfully processed.
[23:48:18] localProcessing Group : elementor-pro-frontend
[23:48:18] Asset (handle: elementor-pro-frontend) in group scripts has been successfully processed.
[23:48:19] localProcessing Group : jquery-ui-position
[23:48:19] Asset (handle: jquery-ui-position) in group scripts has been successfully processed.
[23:48:19] localProcessing Group : elementor-dialog
[23:48:19] Asset (handle: elementor-dialog) in group scripts has been successfully processed.
[23:48:20] localProcessing Group : elementor-waypoints
[23:48:20] Asset (handle: elementor-waypoints) in group scripts has been successfully processed.
[23:49:10] localProcessing Group : jquery-swiper
[23:49:10] Asset (handle: jquery-swiper) in group scripts has been successfully processed.
[23:49:11] localProcessing Group : elementor-frontend
[23:49:11] Asset (handle: elementor-frontend) in group scripts has been successfully processed.
[23:49:12] localProcessing Group : briar-elementor
[23:49:12] Asset (handle: briar-elementor) in group scripts has been successfully processed.
[23:49:12] localProcessing Group : comment-reply
[23:49:12] Asset (handle: comment-reply) in group scripts has been successfully processed.
[23:49:13] localProcessing Group : elementor-post-1470
[23:49:13] Asset (handle: elementor-post-1470) in group styles has been successfully processed.
[00:16:42] localProcessing Group : elementor-post-2062
[00:16:42] Asset (handle: elementor-post-2062) in group styles has been successfully processed.
[00:16:51] localProcessing Group : elementor-post-2059
[00:16:51] Asset (handle: elementor-post-2059) in group styles has been successfully processed.
[00:17:34] localProcessing Group : elementor-post-2057
[00:17:34] Asset (handle: elementor-post-2057) in group styles has been successfully processed.
[00:18:28] localProcessing Group : elementor-post-1850
[00:18:28] Asset (handle: elementor-post-1850) in group styles has been successfully processed.
[00:42:23] localProcessing Group : elementor-post-2060
[00:42:23] Asset (handle: elementor-post-2060) in group styles has been successfully processed.
[07:03:42] localProcessing Group : elementor-post-2058
[07:03:42] Asset (handle: elementor-post-2058) in group styles has been successfully processed.
[07:06:23] localProcessing Group : elementor-post-1822
[07:06:23] Asset (handle: elementor-post-1822) in group styles has been successfully processed.
