[09:44:47] localProcessing Group : dashicons
[09:44:47] Asset (handle: dashicons) in group styles has been successfully processed.
[09:44:48] localProcessing Group : admin-bar
[09:44:48] Asset (handle: admin-bar) in group styles has been successfully processed.
[09:44:49] localProcessing Group : fix-smartphone-elementor
[09:44:49] Asset (handle: fix-smartphone-elementor) in group styles has been successfully processed.
[09:44:50] localProcessing Group : rs-plugin-settings
[09:44:50] Asset (handle: rs-plugin-settings) in group styles has been successfully processed.
[09:44:51] localProcessing Group : wdsi
[09:44:51] Asset (handle: wdsi) in group styles has been successfully processed.
[09:44:52] localProcessing Group : uaf_client_css
[09:44:52] localProcessing Group : wpah-front-styles
[09:44:52] Asset (handle: wpah-front-styles) in group styles has been successfully processed.
[09:44:52] localProcessing Group : yoast-seo-adminbar
[09:44:52] Asset (handle: yoast-seo-adminbar) in group styles has been successfully processed.
[09:49:23] localProcessing Group : berlin-fix-style
[09:49:23] Asset (handle: berlin-fix-style) in group styles has been successfully processed.
[09:49:24] localProcessing Group : elementor-icons
[09:49:24] Asset (handle: elementor-icons) in group styles has been successfully processed.
[09:49:25] localProcessing Group : font-awesome
[09:49:25] Asset (handle: font-awesome) in group styles has been successfully processed.
[09:49:26] localProcessing Group : elementor-animations
[09:49:26] Asset (handle: elementor-animations) in group styles has been successfully processed.
[09:49:27] localProcessing Group : elementor-frontend
[09:49:27] Asset (handle: elementor-frontend) in group styles has been successfully processed.
[09:49:28] localProcessing Group : elementor-post-2426
[09:49:28] Asset (handle: elementor-post-2426) in group styles has been successfully processed.
[09:49:29] localProcessing Group : elementor-pro
[09:49:29] Asset (handle: elementor-pro) in group styles has been successfully processed.
[09:49:30] localProcessing Group : wpmu-wpmu-ui-3-min-css
[09:49:30] Asset (handle: wpmu-wpmu-ui-3-min-css) in group styles has been successfully processed.
