[02:52:38] localProcessing Group : fix-smartphone-elementor
[02:52:39] Asset (handle: fix-smartphone-elementor) in group styles has been successfully processed.
[02:52:40] localProcessing Group : rs-plugin-settings
[02:52:40] Asset (handle: rs-plugin-settings) in group styles has been successfully processed.
[02:52:41] localProcessing Group : wdsi
[02:52:41] Asset (handle: wdsi) in group styles has been successfully processed.
[02:52:42] localProcessing Group : uaf_client_css
[02:52:42] localProcessing Group : pojo-a11y
[02:52:42] Asset (handle: pojo-a11y) in group styles has been successfully processed.
[02:52:43] localProcessing Group : elementor-icons
[02:52:43] Asset (handle: elementor-icons) in group styles has been successfully processed.
[02:52:44] localProcessing Group : font-awesome
[02:52:44] Asset (handle: font-awesome) in group styles has been successfully processed.
[02:52:45] localProcessing Group : elementor-animations
[02:52:45] Asset (handle: elementor-animations) in group styles has been successfully processed.
[05:41:23] localProcessing Group : elementor-frontend
[05:41:23] Asset (handle: elementor-frontend) in group styles has been successfully processed.
[05:41:24] localProcessing Group : elementor-post-1461
[05:41:24] Asset (handle: elementor-post-1461) in group styles has been successfully processed.
[05:41:25] localProcessing Group : elementor-pro
[05:41:25] Asset (handle: elementor-pro) in group styles has been successfully processed.
[05:41:26] localProcessing Group : pojo-css-framework
[05:41:26] Asset (handle: pojo-css-framework) in group styles has been successfully processed.
[05:41:27] localProcessing Group : wpmu-wpmu-ui-3-min-css
[05:41:27] Asset (handle: wpmu-wpmu-ui-3-min-css) in group styles has been successfully processed.
[05:41:29] localProcessing Group : wpmu-animate-3-min-css
[05:41:29] Asset (handle: wpmu-animate-3-min-css) in group styles has been successfully processed.
[05:41:29] localProcessing Group : photoswipe
[05:41:29] Asset (handle: photoswipe) in group styles has been successfully processed.
[05:41:30] localProcessing Group : photoswipe-skin
[05:41:30] Asset (handle: photoswipe-skin) in group styles has been successfully processed.
