[16:24:11] localProcessing Group : fix-smartphone-elementor
[16:24:11] Asset (handle: fix-smartphone-elementor) in group styles has been successfully processed.
[16:24:13] localProcessing Group : rs-plugin-settings
[16:24:13] Asset (handle: rs-plugin-settings) in group styles has been successfully processed.
[16:24:14] localProcessing Group : wdsi
[16:24:14] Asset (handle: wdsi) in group styles has been successfully processed.
[16:24:15] localProcessing Group : uaf_client_css
[16:24:15] localProcessing Group : pojo-a11y
[16:24:15] Asset (handle: pojo-a11y) in group styles has been successfully processed.
[16:24:16] localProcessing Group : elementor-icons
[16:24:16] Asset (handle: elementor-icons) in group styles has been successfully processed.
[16:24:17] localProcessing Group : font-awesome
[16:24:17] Asset (handle: font-awesome) in group styles has been successfully processed.
[16:24:18] localProcessing Group : elementor-animations
[16:24:18] Asset (handle: elementor-animations) in group styles has been successfully processed.
[16:29:49] localProcessing Group : elementor-frontend
[16:29:49] Asset (handle: elementor-frontend) in group styles has been successfully processed.
[16:29:50] localProcessing Group : elementor-post-1461
[16:29:50] Asset (handle: elementor-post-1461) in group styles has been successfully processed.
[16:29:51] localProcessing Group : elementor-pro
[16:29:51] Asset (handle: elementor-pro) in group styles has been successfully processed.
[16:29:52] localProcessing Group : pojo-css-framework
[16:29:52] Asset (handle: pojo-css-framework) in group styles has been successfully processed.
[16:29:54] localProcessing Group : wpmu-wpmu-ui-3-min-css
[16:29:54] Asset (handle: wpmu-wpmu-ui-3-min-css) in group styles has been successfully processed.
[16:29:55] localProcessing Group : wpmu-animate-3-min-css
[16:29:55] Asset (handle: wpmu-animate-3-min-css) in group styles has been successfully processed.
[16:29:56] localProcessing Group : photoswipe
[16:29:56] Asset (handle: photoswipe) in group styles has been successfully processed.
[16:29:56] localProcessing Group : photoswipe-skin
[16:29:56] Asset (handle: photoswipe-skin) in group styles has been successfully processed.
[17:39:17] localProcessing Group : pojo-base-style
[17:39:17] Asset (handle: pojo-base-style) in group styles has been successfully processed.
[17:39:18] localProcessing Group : pojo-style
[17:39:18] Asset (handle: pojo-style) in group styles has been successfully processed.
[17:39:18] localProcessing Group : pojo-base-style-rtl
[17:39:18] Asset (handle: pojo-base-style-rtl) in group styles has been successfully processed.
[17:39:19] localProcessing Group : pojo-style-rtl
[17:39:19] Asset (handle: pojo-style-rtl) in group styles has been successfully processed.
[17:39:19] localProcessing Group : jquery-core
[17:39:19] Asset (handle: jquery-core) in group scripts has been successfully processed.
[17:39:21] localProcessing Group : jquery-migrate
[17:39:21] Asset (handle: jquery-migrate) in group scripts has been successfully processed.
[17:39:22] localProcessing Group : tp-tools
[17:39:22] Asset (handle: tp-tools) in group scripts has been successfully processed.
[20:05:54] localProcessing Group : revmin
[20:05:54] Asset (handle: revmin) in group scripts has been successfully processed.
[20:05:55] localProcessing Group : wdsi
[20:05:55] Asset (handle: wdsi) in group scripts has been successfully processed.
[20:05:56] localProcessing Group : comment-reply
[20:05:56] Asset (handle: comment-reply) in group scripts has been successfully processed.
[20:05:57] localProcessing Group : briar-elementor
[20:05:57] Asset (handle: briar-elementor) in group styles has been successfully processed.
[20:05:58] localProcessing Group : WebgroupUtils
[20:05:58] Asset (handle: WebgroupUtils) in group scripts has been successfully processed.
[20:05:59] localProcessing Group : addPageViewCrmInfoScript
[20:05:59] Asset (handle: addPageViewCrmInfoScript) in group scripts has been successfully processed.
[20:06:00] localProcessing Group : addDiviFormCrmInfoScript
[20:06:00] Asset (handle: addDiviFormCrmInfoScript) in group scripts has been successfully processed.
[20:06:00] localProcessing Group : replacePhoneNumbersByChannelId
[20:06:00] Asset (handle: replacePhoneNumbersByChannelId) in group scripts has been successfully processed.
[20:06:06] localProcessing Group : pojo-forms
[20:06:06] Asset (handle: pojo-forms) in group scripts has been successfully processed.
[20:06:07] localProcessing Group : pojo-a11y
[20:06:07] Asset (handle: pojo-a11y) in group scripts has been successfully processed.
[20:06:07] localProcessing Group : pojo-plugins
[20:06:07] Asset (handle: pojo-plugins) in group scripts has been successfully processed.
[20:06:08] localProcessing Group : pojo-scripts
[20:06:08] Asset (handle: pojo-scripts) in group scripts has been successfully processed.
[20:06:09] localProcessing Group : wpmu-wpmu-ui-3-min-js
[20:06:09] Asset (handle: wpmu-wpmu-ui-3-min-js) in group scripts has been successfully processed.
[20:06:10] localProcessing Group : wpmu-public-min-js
[20:06:10] Asset (handle: wpmu-public-min-js) in group scripts has been successfully processed.
[20:06:11] localProcessing Group : masterslider
[20:06:11] Asset (handle: masterslider) in group scripts has been successfully processed.
[20:06:12] localProcessing Group : photoswipe
[20:06:12] Asset (handle: photoswipe) in group scripts has been successfully processed.
[20:06:37] localProcessing Group : photoswipe-ui
[20:06:37] Asset (handle: photoswipe-ui) in group scripts has been successfully processed.
[20:06:38] localProcessing Group : pojo-lightbox-app
[20:06:38] Asset (handle: pojo-lightbox-app) in group scripts has been successfully processed.
[20:06:39] localProcessing Group : pojo-news-ticker
[20:06:39] Asset (handle: pojo-news-ticker) in group scripts has been successfully processed.
[20:06:40] localProcessing Group : wp-embed
[20:06:40] Asset (handle: wp-embed) in group scripts has been successfully processed.
[20:06:40] localProcessing Group : jquery-slick
[20:06:40] Asset (handle: jquery-slick) in group scripts has been successfully processed.
[20:06:41] localProcessing Group : elementor-pro-frontend
[20:06:41] Asset (handle: elementor-pro-frontend) in group scripts has been successfully processed.
[20:06:43] localProcessing Group : jquery-ui-position
[20:06:43] Asset (handle: jquery-ui-position) in group scripts has been successfully processed.
[20:06:43] localProcessing Group : elementor-dialog
[20:06:43] Asset (handle: elementor-dialog) in group scripts has been successfully processed.
[20:06:49] localProcessing Group : photoswipe-ui
[20:06:49] Asset (handle: photoswipe-ui) in group scripts has been successfully processed.
[20:06:50] localProcessing Group : pojo-lightbox-app
[20:06:50] Asset (handle: pojo-lightbox-app) in group scripts has been successfully processed.
[20:06:51] localProcessing Group : pojo-news-ticker
[20:06:51] Asset (handle: pojo-news-ticker) in group scripts has been successfully processed.
[20:06:51] localProcessing Group : wp-embed
[20:06:51] Asset (handle: wp-embed) in group scripts has been successfully processed.
[20:06:52] localProcessing Group : jquery-slick
[20:06:52] Asset (handle: jquery-slick) in group scripts has been successfully processed.
[20:06:53] localProcessing Group : elementor-pro-frontend
[20:06:53] Asset (handle: elementor-pro-frontend) in group scripts has been successfully processed.
[20:06:54] localProcessing Group : jquery-ui-position
[20:06:54] Asset (handle: jquery-ui-position) in group scripts has been successfully processed.
[20:06:54] localProcessing Group : elementor-dialog
[20:06:54] Asset (handle: elementor-dialog) in group scripts has been successfully processed.
[20:07:01] localProcessing Group : photoswipe-ui
[20:07:01] Asset (handle: photoswipe-ui) in group scripts has been successfully processed.
[20:07:02] localProcessing Group : pojo-lightbox-app
[20:07:02] Asset (handle: pojo-lightbox-app) in group scripts has been successfully processed.
[20:07:03] localProcessing Group : pojo-news-ticker
[20:07:03] Asset (handle: pojo-news-ticker) in group scripts has been successfully processed.
[20:07:03] localProcessing Group : wp-embed
[20:07:03] Asset (handle: wp-embed) in group scripts has been successfully processed.
[20:07:04] localProcessing Group : jquery-slick
[20:07:04] Asset (handle: jquery-slick) in group scripts has been successfully processed.
[20:07:05] localProcessing Group : elementor-pro-frontend
[20:07:05] Asset (handle: elementor-pro-frontend) in group scripts has been successfully processed.
[20:07:06] localProcessing Group : jquery-ui-position
[20:07:06] Asset (handle: jquery-ui-position) in group scripts has been successfully processed.
[20:07:07] localProcessing Group : elementor-dialog
[20:07:07] Asset (handle: elementor-dialog) in group scripts has been successfully processed.
[20:07:13] localProcessing Group : photoswipe-ui
[20:07:13] Asset (handle: photoswipe-ui) in group scripts has been successfully processed.
[20:07:13] localProcessing Group : pojo-lightbox-app
[20:07:13] Asset (handle: pojo-lightbox-app) in group scripts has been successfully processed.
[20:07:14] localProcessing Group : pojo-news-ticker
[20:07:14] Asset (handle: pojo-news-ticker) in group scripts has been successfully processed.
[20:07:15] localProcessing Group : wp-embed
[20:07:15] Asset (handle: wp-embed) in group scripts has been successfully processed.
[20:07:16] localProcessing Group : jquery-slick
[20:07:16] Asset (handle: jquery-slick) in group scripts has been successfully processed.
[20:07:17] localProcessing Group : elementor-pro-frontend
[20:07:17] Asset (handle: elementor-pro-frontend) in group scripts has been successfully processed.
[20:07:17] localProcessing Group : jquery-ui-position
[20:07:17] Asset (handle: jquery-ui-position) in group scripts has been successfully processed.
[20:07:18] localProcessing Group : elementor-dialog
[20:07:18] Asset (handle: elementor-dialog) in group scripts has been successfully processed.
[20:07:24] localProcessing Group : pojo-lightbox-app
[20:07:24] Asset (handle: pojo-lightbox-app) in group scripts has been successfully processed.
[20:07:25] localProcessing Group : pojo-news-ticker
[20:07:25] Asset (handle: pojo-news-ticker) in group scripts has been successfully processed.
[20:07:26] localProcessing Group : wp-embed
[20:07:26] Asset (handle: wp-embed) in group scripts has been successfully processed.
[20:07:26] localProcessing Group : jquery-slick
[20:07:26] Asset (handle: jquery-slick) in group scripts has been successfully processed.
[20:07:27] localProcessing Group : elementor-pro-frontend
[20:07:27] Asset (handle: elementor-pro-frontend) in group scripts has been successfully processed.
[20:07:28] localProcessing Group : jquery-ui-position
[20:07:28] Asset (handle: jquery-ui-position) in group scripts has been successfully processed.
[20:07:29] localProcessing Group : elementor-dialog
[20:07:29] Asset (handle: elementor-dialog) in group scripts has been successfully processed.
[20:07:30] localProcessing Group : elementor-waypoints
[20:07:30] Asset (handle: elementor-waypoints) in group scripts has been successfully processed.
[21:36:10] localProcessing Group : jquery-swiper
[21:36:10] Asset (handle: jquery-swiper) in group scripts has been successfully processed.
[21:36:12] localProcessing Group : elementor-frontend
[21:36:12] Asset (handle: elementor-frontend) in group scripts has been successfully processed.
[21:36:13] localProcessing Group : briar-elementor
[21:36:13] Asset (handle: briar-elementor) in group scripts has been successfully processed.
[21:36:13] localProcessing Group : elementor-post-2174
[21:36:13] Asset (handle: elementor-post-2174) in group styles has been successfully processed.
[21:36:14] localProcessing Group : elementor-post-2173
[21:36:14] Asset (handle: elementor-post-2173) in group styles has been successfully processed.
[21:36:15] localProcessing Group : elementor-post-2156
[21:36:15] Asset (handle: elementor-post-2156) in group styles has been successfully processed.
[21:36:15] localProcessing Group : elementor-post-2157
[21:36:15] Asset (handle: elementor-post-2157) in group styles has been successfully processed.
[21:36:16] localProcessing Group : elementor-post-2318
[21:36:16] Asset (handle: elementor-post-2318) in group styles has been successfully processed.
[02:33:03] localProcessing Group : elementor-post-2316
[02:33:03] Asset (handle: elementor-post-2316) in group styles has been successfully processed.
[02:33:04] localProcessing Group : elementor-post-2322
[02:33:04] Asset (handle: elementor-post-2322) in group styles has been successfully processed.
[02:33:05] localProcessing Group : elementor-post-2340
[02:33:05] Asset (handle: elementor-post-2340) in group styles has been successfully processed.
[02:33:06] localProcessing Group : elementor-post-2349
[02:33:06] Asset (handle: elementor-post-2349) in group styles has been successfully processed.
[02:33:08] localProcessing Group : elementor-post-2352
[02:33:08] Asset (handle: elementor-post-2352) in group styles has been successfully processed.
[02:33:09] localProcessing Group : elementor-post-2320
[02:33:09] Asset (handle: elementor-post-2320) in group styles has been successfully processed.
[05:21:00] localProcessing Group : mediaelement
[05:21:00] Asset (handle: mediaelement) in group styles has been successfully processed.
[05:21:01] localProcessing Group : wp-mediaelement
[05:21:01] Asset (handle: wp-mediaelement) in group styles has been successfully processed.
[05:21:02] localProcessing Group : mediaelement-core
[05:21:02] Asset (handle: mediaelement-core) in group scripts has been successfully processed.
[05:21:03] localProcessing Group : mediaelement-migrate
[05:21:03] Asset (handle: mediaelement-migrate) in group scripts has been successfully processed.
[05:21:03] localProcessing Group : wp-mediaelement
[05:21:03] Asset (handle: wp-mediaelement) in group scripts has been successfully processed.
