[17:03:27] localProcessing Group : fix-smartphone-elementor
[17:03:27] Asset (handle: fix-smartphone-elementor) in group styles has been successfully processed.
[17:03:28] localProcessing Group : rs-plugin-settings
[17:03:28] Asset (handle: rs-plugin-settings) in group styles has been successfully processed.
[17:03:29] localProcessing Group : wdsi
[17:03:29] Asset (handle: wdsi) in group styles has been successfully processed.
[17:03:30] localProcessing Group : uaf_client_css
[17:03:30] localProcessing Group : twentyseventeen-style
[17:03:30] Asset (handle: twentyseventeen-style) in group styles has been successfully processed.
[17:03:31] localProcessing Group : twentyseventeen-ie8
[17:03:31] Asset (handle: twentyseventeen-ie8) in group styles has been successfully processed.
[17:03:32] localProcessing Group : wpmu-wpmu-ui-3-min-css
[17:03:32] Asset (handle: wpmu-wpmu-ui-3-min-css) in group styles has been successfully processed.
[17:03:33] localProcessing Group : wpmu-animate-3-min-css
[17:03:33] Asset (handle: wpmu-animate-3-min-css) in group styles has been successfully processed.
[18:19:00] localProcessing Group : jquery-core
[18:19:00] Asset (handle: jquery-core) in group scripts has been successfully processed.
[18:19:03] localProcessing Group : jquery-migrate
[18:19:03] Asset (handle: jquery-migrate) in group scripts has been successfully processed.
[18:19:04] localProcessing Group : tp-tools
[18:19:04] Asset (handle: tp-tools) in group scripts has been successfully processed.
[18:19:04] localProcessing Group : revmin
[18:19:04] Asset (handle: revmin) in group scripts has been successfully processed.
[18:19:05] localProcessing Group : wdsi
[18:19:05] Asset (handle: wdsi) in group scripts has been successfully processed.
[18:19:06] localProcessing Group : html5
[18:19:06] Asset (handle: html5) in group scripts has been successfully processed.
[18:19:07] localProcessing Group : WebgroupUtils
[18:19:07] Asset (handle: WebgroupUtils) in group scripts has been successfully processed.
[20:54:33] localProcessing Group : addPageViewCrmInfoScript
[20:54:33] Asset (handle: addPageViewCrmInfoScript) in group scripts has been successfully processed.
[20:54:33] localProcessing Group : addDiviFormCrmInfoScript
[20:54:33] Asset (handle: addDiviFormCrmInfoScript) in group scripts has been successfully processed.
[20:54:34] localProcessing Group : replacePhoneNumbersByChannelId
[20:54:34] Asset (handle: replacePhoneNumbersByChannelId) in group scripts has been successfully processed.
[20:54:35] localProcessing Group : twentyseventeen-skip-link-focus-fix
[20:54:35] Asset (handle: twentyseventeen-skip-link-focus-fix) in group scripts has been successfully processed.
[20:54:36] localProcessing Group : twentyseventeen-global
[20:54:36] Asset (handle: twentyseventeen-global) in group scripts has been successfully processed.
[20:54:36] localProcessing Group : jquery-scrollto
[20:54:36] Asset (handle: jquery-scrollto) in group scripts has been successfully processed.
[20:54:37] localProcessing Group : wpmu-wpmu-ui-3-min-js
[20:54:37] Asset (handle: wpmu-wpmu-ui-3-min-js) in group scripts has been successfully processed.
[20:54:38] localProcessing Group : wpmu-public-min-js
[20:54:38] Asset (handle: wpmu-public-min-js) in group scripts has been successfully processed.
[22:22:56] localProcessing Group : wp-embed
[22:22:56] Asset (handle: wp-embed) in group scripts has been successfully processed.
[06:18:38] localProcessing Group : comment-reply
[06:18:38] Asset (handle: comment-reply) in group scripts has been successfully processed.
