[10:35:26] ----- analyzing headers for http://diur-site.ln.fixdigital.co.il/wp-content/plugins/wp-hummingbird/core/modules/dummy/dummy-js.js
[10:35:26] args: 
[10:35:26] Array
(
    [sslverify] => 
)

[10:35:26] result: 
[10:35:26] Array
(
    [headers] => Requests_Utility_CaseInsensitiveDictionary Object
        (
            [data:protected] => Array
                (
                    [server] => nginx
                    [date] => Tue, 13 Mar 2018 10:35:26 GMT
                    [content-type] => application/javascript
                    [last-modified] => Mon, 12 Mar 2018 13:09:59 GMT
                    [vary] => Accept-Encoding
                    [etag] => W/"5aa67c27-5f0"
                    [expires] => Thu, 31 Dec 2037 23:55:55 GMT
                    [cache-control] => max-age=315360000
                    [access-control-allow-origin] => *
                    [content-encoding] => gzip
                )

        )

    [body] => 
    [response] => Array
        (
            [code] => 200
            [message] => OK
        )

    [cookies] => Array
        (
        )

    [filename] => 
    [http_response] => WP_HTTP_Requests_Response Object
        (
            [response:protected] => Requests_Response Object
                (
                    [body] => 
                    [raw] => HTTP/1.1 200 OK
Server: nginx
Date: Tue, 13 Mar 2018 10:35:26 GMT
Content-Type: application/javascript
Last-Modified: Mon, 12 Mar 2018 13:09:59 GMT
Connection: close
Vary: Accept-Encoding
ETag: W/"5aa67c27-5f0"
Expires: Thu, 31 Dec 2037 23:55:55 GMT
Cache-Control: max-age=315360000
Access-Control-Allow-Origin: *
Content-Encoding: gzip


                    [headers] => Requests_Response_Headers Object
                        (
                            [data:protected] => Array
                                (
                                    [server] => Array
                                        (
                                            [0] => nginx
                                        )

                                    [date] => Array
                                        (
                                            [0] => Tue, 13 Mar 2018 10:35:26 GMT
                                        )

                                    [content-type] => Array
                                        (
                                            [0] => application/javascript
                                        )

                                    [last-modified] => Array
                                        (
                                            [0] => Mon, 12 Mar 2018 13:09:59 GMT
                                        )

                                    [vary] => Array
                                        (
                                            [0] => Accept-Encoding
                                        )

                                    [etag] => Array
                                        (
                                            [0] => W/"5aa67c27-5f0"
                                        )

                                    [expires] => Array
                                        (
                                            [0] => Thu, 31 Dec 2037 23:55:55 GMT
                                        )

                                    [cache-control] => Array
                                        (
                                            [0] => max-age=315360000
                                        )

                                    [access-control-allow-origin] => Array
                                        (
                                            [0] => *
                                        )

                                    [content-encoding] => Array
                                        (
                                            [0] => gzip
                                        )

                                )

                        )

                    [status_code] => 200
                    [protocol_version] => 1.1
                    [success] => 1
                    [redirects] => 0
                    [url] => http://diur-site.ln.fixdigital.co.il/wp-content/plugins/wp-hummingbird/core/modules/dummy/dummy-js.js
                    [history] => Array
                        (
                        )

                    [cookies] => Requests_Cookie_Jar Object
                        (
                            [cookies:protected] => Array
                                (
                                )

                        )

                )

            [filename:protected] => 
            [data] => 
            [headers] => 
            [status] => 
        )

)

[10:35:26] ----- analyzing headers for http://www.in-go.co.il/wp-content/plugins/wp-hummingbird/core/modules/dummy/dummy-js.js
[10:35:26] args: 
[10:35:26] Array
(
    [sslverify] => 
)

[10:35:26] result: 
[10:35:26] Array
(
    [headers] => Requests_Utility_CaseInsensitiveDictionary Object
        (
            [data:protected] => Array
                (
                    [server] => nginx
                    [date] => Tue, 13 Mar 2018 10:35:26 GMT
                    [content-type] => application/javascript
                    [last-modified] => Mon, 12 Mar 2018 13:09:59 GMT
                    [vary] => Accept-Encoding
                    [etag] => W/"5aa67c27-5f0"
                    [expires] => Thu, 31 Dec 2037 23:55:55 GMT
                    [cache-control] => max-age=315360000
                    [access-control-allow-origin] => *
                    [content-encoding] => gzip
                )

        )

    [body] => 
    [response] => Array
        (
            [code] => 200
            [message] => OK
        )

    [cookies] => Array
        (
        )

    [filename] => 
    [http_response] => WP_HTTP_Requests_Response Object
        (
            [response:protected] => Requests_Response Object
                (
                    [body] => 
                    [raw] => HTTP/1.1 200 OK
Server: nginx
Date: Tue, 13 Mar 2018 10:35:26 GMT
Content-Type: application/javascript
Last-Modified: Mon, 12 Mar 2018 13:09:59 GMT
Connection: close
Vary: Accept-Encoding
ETag: W/"5aa67c27-5f0"
Expires: Thu, 31 Dec 2037 23:55:55 GMT
Cache-Control: max-age=315360000
Access-Control-Allow-Origin: *
Content-Encoding: gzip


                    [headers] => Requests_Response_Headers Object
                        (
                            [data:protected] => Array
                                (
                                    [server] => Array
                                        (
                                            [0] => nginx
                                        )

                                    [date] => Array
                                        (
                                            [0] => Tue, 13 Mar 2018 10:35:26 GMT
                                        )

                                    [content-type] => Array
                                        (
                                            [0] => application/javascript
                                        )

                                    [last-modified] => Array
                                        (
                                            [0] => Mon, 12 Mar 2018 13:09:59 GMT
                                        )

                                    [vary] => Array
                                        (
                                            [0] => Accept-Encoding
                                        )

                                    [etag] => Array
                                        (
                                            [0] => W/"5aa67c27-5f0"
                                        )

                                    [expires] => Array
                                        (
                                            [0] => Thu, 31 Dec 2037 23:55:55 GMT
                                        )

                                    [cache-control] => Array
                                        (
                                            [0] => max-age=315360000
                                        )

                                    [access-control-allow-origin] => Array
                                        (
                                            [0] => *
                                        )

                                    [content-encoding] => Array
                                        (
                                            [0] => gzip
                                        )

                                )

                        )

                    [status_code] => 200
                    [protocol_version] => 1.1
                    [success] => 1
                    [redirects] => 0
                    [url] => http://www.in-go.co.il/wp-content/plugins/wp-hummingbird/core/modules/dummy/dummy-js.js
                    [history] => Array
                        (
                        )

                    [cookies] => Requests_Cookie_Jar Object
                        (
                            [cookies:protected] => Array
                                (
                                )

                        )

                )

            [filename:protected] => 
            [data] => 
            [headers] => 
            [status] => 
        )

)

[10:35:26] ----- analyzing headers for http://diur-site.ln.fixdigital.co.il/wp-content/plugins/wp-hummingbird/core/modules/dummy/dummy-style.css
[10:35:26] args: 
[10:35:26] Array
(
    [sslverify] => 
)

[10:35:26] result: 
[10:35:26] Array
(
    [headers] => Requests_Utility_CaseInsensitiveDictionary Object
        (
            [data:protected] => Array
                (
                    [server] => nginx
                    [date] => Tue, 13 Mar 2018 10:35:26 GMT
                    [content-type] => text/css
                    [last-modified] => Mon, 12 Mar 2018 13:09:59 GMT
                    [vary] => Accept-Encoding
                    [etag] => W/"5aa67c27-a08"
                    [expires] => Thu, 31 Dec 2037 23:55:55 GMT
                    [cache-control] => max-age=315360000
                    [access-control-allow-origin] => *
                    [content-encoding] => gzip
                )

        )

    [body] => 
    [response] => Array
        (
            [code] => 200
            [message] => OK
        )

    [cookies] => Array
        (
        )

    [filename] => 
    [http_response] => WP_HTTP_Requests_Response Object
        (
            [response:protected] => Requests_Response Object
                (
                    [body] => 
                    [raw] => HTTP/1.1 200 OK
Server: nginx
Date: Tue, 13 Mar 2018 10:35:26 GMT
Content-Type: text/css
Last-Modified: Mon, 12 Mar 2018 13:09:59 GMT
Connection: close
Vary: Accept-Encoding
ETag: W/"5aa67c27-a08"
Expires: Thu, 31 Dec 2037 23:55:55 GMT
Cache-Control: max-age=315360000
Access-Control-Allow-Origin: *
Content-Encoding: gzip


                    [headers] => Requests_Response_Headers Object
                        (
                            [data:protected] => Array
                                (
                                    [server] => Array
                                        (
                                            [0] => nginx
                                        )

                                    [date] => Array
                                        (
                                            [0] => Tue, 13 Mar 2018 10:35:26 GMT
                                        )

                                    [content-type] => Array
                                        (
                                            [0] => text/css
                                        )

                                    [last-modified] => Array
                                        (
                                            [0] => Mon, 12 Mar 2018 13:09:59 GMT
                                        )

                                    [vary] => Array
                                        (
                                            [0] => Accept-Encoding
                                        )

                                    [etag] => Array
                                        (
                                            [0] => W/"5aa67c27-a08"
                                        )

                                    [expires] => Array
                                        (
                                            [0] => Thu, 31 Dec 2037 23:55:55 GMT
                                        )

                                    [cache-control] => Array
                                        (
                                            [0] => max-age=315360000
                                        )

                                    [access-control-allow-origin] => Array
                                        (
                                            [0] => *
                                        )

                                    [content-encoding] => Array
                                        (
                                            [0] => gzip
                                        )

                                )

                        )

                    [status_code] => 200
                    [protocol_version] => 1.1
                    [success] => 1
                    [redirects] => 0
                    [url] => http://diur-site.ln.fixdigital.co.il/wp-content/plugins/wp-hummingbird/core/modules/dummy/dummy-style.css
                    [history] => Array
                        (
                        )

                    [cookies] => Requests_Cookie_Jar Object
                        (
                            [cookies:protected] => Array
                                (
                                )

                        )

                )

            [filename:protected] => 
            [data] => 
            [headers] => 
            [status] => 
        )

)

[10:35:26] ----- analyzing headers for http://www.in-go.co.il/wp-content/plugins/wp-hummingbird/core/modules/dummy/dummy-style.css
[10:35:26] args: 
[10:35:26] Array
(
    [sslverify] => 
)

[10:35:26] result: 
[10:35:26] Array
(
    [headers] => Requests_Utility_CaseInsensitiveDictionary Object
        (
            [data:protected] => Array
                (
                    [server] => nginx
                    [date] => Tue, 13 Mar 2018 10:35:26 GMT
                    [content-type] => text/css
                    [last-modified] => Mon, 12 Mar 2018 13:09:59 GMT
                    [vary] => Accept-Encoding
                    [etag] => W/"5aa67c27-a08"
                    [expires] => Thu, 31 Dec 2037 23:55:55 GMT
                    [cache-control] => max-age=315360000
                    [access-control-allow-origin] => *
                    [content-encoding] => gzip
                )

        )

    [body] => 
    [response] => Array
        (
            [code] => 200
            [message] => OK
        )

    [cookies] => Array
        (
        )

    [filename] => 
    [http_response] => WP_HTTP_Requests_Response Object
        (
            [response:protected] => Requests_Response Object
                (
                    [body] => 
                    [raw] => HTTP/1.1 200 OK
Server: nginx
Date: Tue, 13 Mar 2018 10:35:26 GMT
Content-Type: text/css
Last-Modified: Mon, 12 Mar 2018 13:09:59 GMT
Connection: close
Vary: Accept-Encoding
ETag: W/"5aa67c27-a08"
Expires: Thu, 31 Dec 2037 23:55:55 GMT
Cache-Control: max-age=315360000
Access-Control-Allow-Origin: *
Content-Encoding: gzip


                    [headers] => Requests_Response_Headers Object
                        (
                            [data:protected] => Array
                                (
                                    [server] => Array
                                        (
                                            [0] => nginx
                                        )

                                    [date] => Array
                                        (
                                            [0] => Tue, 13 Mar 2018 10:35:26 GMT
                                        )

                                    [content-type] => Array
                                        (
                                            [0] => text/css
                                        )

                                    [last-modified] => Array
                                        (
                                            [0] => Mon, 12 Mar 2018 13:09:59 GMT
                                        )

                                    [vary] => Array
                                        (
                                            [0] => Accept-Encoding
                                        )

                                    [etag] => Array
                                        (
                                            [0] => W/"5aa67c27-a08"
                                        )

                                    [expires] => Array
                                        (
                                            [0] => Thu, 31 Dec 2037 23:55:55 GMT
                                        )

                                    [cache-control] => Array
                                        (
                                            [0] => max-age=315360000
                                        )

                                    [access-control-allow-origin] => Array
                                        (
                                            [0] => *
                                        )

                                    [content-encoding] => Array
                                        (
                                            [0] => gzip
                                        )

                                )

                        )

                    [status_code] => 200
                    [protocol_version] => 1.1
                    [success] => 1
                    [redirects] => 0
                    [url] => http://www.in-go.co.il/wp-content/plugins/wp-hummingbird/core/modules/dummy/dummy-style.css
                    [history] => Array
                        (
                        )

                    [cookies] => Requests_Cookie_Jar Object
                        (
                            [cookies:protected] => Array
                                (
                                )

                        )

                )

            [filename:protected] => 
            [data] => 
            [headers] => 
            [status] => 
        )

)

[10:35:26] ----- analyzing headers for http://diur-site.ln.fixdigital.co.il/wp-content/plugins/wp-hummingbird/core/modules/dummy/dummy-media.pdf
[10:35:26] args: 
[10:35:26] Array
(
    [sslverify] => 
)

[10:35:26] result: 
[10:35:26] Array
(
    [headers] => Requests_Utility_CaseInsensitiveDictionary Object
        (
            [data:protected] => Array
                (
                    [server] => nginx
                    [date] => Tue, 13 Mar 2018 10:35:26 GMT
                    [content-type] => application/pdf
                    [content-length] => 8848
                    [last-modified] => Mon, 12 Mar 2018 13:09:59 GMT
                    [etag] => "5aa67c27-2290"
                    [accept-ranges] => bytes
                )

        )

    [body] => 
    [response] => Array
        (
            [code] => 200
            [message] => OK
        )

    [cookies] => Array
        (
        )

    [filename] => 
    [http_response] => WP_HTTP_Requests_Response Object
        (
            [response:protected] => Requests_Response Object
                (
                    [body] => 
                    [raw] => HTTP/1.1 200 OK
Server: nginx
Date: Tue, 13 Mar 2018 10:35:26 GMT
Content-Type: application/pdf
Content-Length: 8848
Last-Modified: Mon, 12 Mar 2018 13:09:59 GMT
Connection: close
ETag: "5aa67c27-2290"
Accept-Ranges: bytes


                    [headers] => Requests_Response_Headers Object
                        (
                            [data:protected] => Array
                                (
                                    [server] => Array
                                        (
                                            [0] => nginx
                                        )

                                    [date] => Array
                                        (
                                            [0] => Tue, 13 Mar 2018 10:35:26 GMT
                                        )

                                    [content-type] => Array
                                        (
                                            [0] => application/pdf
                                        )

                                    [content-length] => Array
                                        (
                                            [0] => 8848
                                        )

                                    [last-modified] => Array
                                        (
                                            [0] => Mon, 12 Mar 2018 13:09:59 GMT
                                        )

                                    [etag] => Array
                                        (
                                            [0] => "5aa67c27-2290"
                                        )

                                    [accept-ranges] => Array
                                        (
                                            [0] => bytes
                                        )

                                )

                        )

                    [status_code] => 200
                    [protocol_version] => 1.1
                    [success] => 1
                    [redirects] => 0
                    [url] => http://diur-site.ln.fixdigital.co.il/wp-content/plugins/wp-hummingbird/core/modules/dummy/dummy-media.pdf
                    [history] => Array
                        (
                        )

                    [cookies] => Requests_Cookie_Jar Object
                        (
                            [cookies:protected] => Array
                                (
                                )

                        )

                )

            [filename:protected] => 
            [data] => 
            [headers] => 
            [status] => 
        )

)

[10:35:26] ----- analyzing headers for http://www.in-go.co.il/wp-content/plugins/wp-hummingbird/core/modules/dummy/dummy-media.pdf
[10:35:26] args: 
[10:35:26] Array
(
    [sslverify] => 
)

[10:35:26] result: 
[10:35:26] Array
(
    [headers] => Requests_Utility_CaseInsensitiveDictionary Object
        (
            [data:protected] => Array
                (
                    [server] => nginx
                    [date] => Tue, 13 Mar 2018 10:35:26 GMT
                    [content-type] => application/pdf
                    [content-length] => 8848
                    [last-modified] => Mon, 12 Mar 2018 13:09:59 GMT
                    [etag] => "5aa67c27-2290"
                    [accept-ranges] => bytes
                )

        )

    [body] => 
    [response] => Array
        (
            [code] => 200
            [message] => OK
        )

    [cookies] => Array
        (
        )

    [filename] => 
    [http_response] => WP_HTTP_Requests_Response Object
        (
            [response:protected] => Requests_Response Object
                (
                    [body] => 
                    [raw] => HTTP/1.1 200 OK
Server: nginx
Date: Tue, 13 Mar 2018 10:35:26 GMT
Content-Type: application/pdf
Content-Length: 8848
Last-Modified: Mon, 12 Mar 2018 13:09:59 GMT
Connection: close
ETag: "5aa67c27-2290"
Accept-Ranges: bytes


                    [headers] => Requests_Response_Headers Object
                        (
                            [data:protected] => Array
                                (
                                    [server] => Array
                                        (
                                            [0] => nginx
                                        )

                                    [date] => Array
                                        (
                                            [0] => Tue, 13 Mar 2018 10:35:26 GMT
                                        )

                                    [content-type] => Array
                                        (
                                            [0] => application/pdf
                                        )

                                    [content-length] => Array
                                        (
                                            [0] => 8848
                                        )

                                    [last-modified] => Array
                                        (
                                            [0] => Mon, 12 Mar 2018 13:09:59 GMT
                                        )

                                    [etag] => Array
                                        (
                                            [0] => "5aa67c27-2290"
                                        )

                                    [accept-ranges] => Array
                                        (
                                            [0] => bytes
                                        )

                                )

                        )

                    [status_code] => 200
                    [protocol_version] => 1.1
                    [success] => 1
                    [redirects] => 0
                    [url] => http://www.in-go.co.il/wp-content/plugins/wp-hummingbird/core/modules/dummy/dummy-media.pdf
                    [history] => Array
                        (
                        )

                    [cookies] => Requests_Cookie_Jar Object
                        (
                            [cookies:protected] => Array
                                (
                                )

                        )

                )

            [filename:protected] => 
            [data] => 
            [headers] => 
            [status] => 
        )

)

[10:35:26] ----- analyzing headers for http://diur-site.ln.fixdigital.co.il/wp-content/plugins/wp-hummingbird/core/modules/dummy/dummy-image.png
[10:35:26] ----- analyzing headers for http://www.in-go.co.il/wp-content/plugins/wp-hummingbird/core/modules/dummy/dummy-image.png
[10:35:26] args: 
[10:35:26] args: 
[10:35:26] Array
(
    [sslverify] => 
)

[10:35:26] Array
(
    [sslverify] => 
)

[10:35:26] result: 
[10:35:26] result: 
[10:35:26] Array
(
    [headers] => Requests_Utility_CaseInsensitiveDictionary Object
        (
            [data:protected] => Array
                (
                    [server] => nginx
                    [date] => Tue, 13 Mar 2018 10:35:26 GMT
                    [content-type] => image/png
                    [content-length] => 30930
                    [last-modified] => Mon, 12 Mar 2018 13:09:59 GMT
                    [etag] => "5aa67c27-78d2"
                    [expires] => Thu, 31 Dec 2037 23:55:55 GMT
                    [cache-control] => max-age=315360000
                    [access-control-allow-origin] => *
                    [accept-ranges] => bytes
                )

        )

    [body] => 
    [response] => Array
        (
            [code] => 200
            [message] => OK
        )

    [cookies] => Array
        (
        )

    [filename] => 
    [http_response] => WP_HTTP_Requests_Response Object
        (
            [response:protected] => Requests_Response Object
                (
                    [body] => 
                    [raw] => HTTP/1.1 200 OK
Server: nginx
Date: Tue, 13 Mar 2018 10:35:26 GMT
Content-Type: image/png
Content-Length: 30930
Last-Modified: Mon, 12 Mar 2018 13:09:59 GMT
Connection: close
ETag: "5aa67c27-78d2"
Expires: Thu, 31 Dec 2037 23:55:55 GMT
Cache-Control: max-age=315360000
Access-Control-Allow-Origin: *
Accept-Ranges: bytes


                    [headers] => Requests_Response_Headers Object
                        (
                            [data:protected] => Array
                                (
                                    [server] => Array
                                        (
                                            [0] => nginx
                                        )

                                    [date] => Array
                                        (
                                            [0] => Tue, 13 Mar 2018 10:35:26 GMT
                                        )

                                    [content-type] => Array
                                        (
                                            [0] => image/png
                                        )

                                    [content-length] => Array
                                        (
                                            [0] => 30930
                                        )

                                    [last-modified] => Array
                                        (
                                            [0] => Mon, 12 Mar 2018 13:09:59 GMT
                                        )

                                    [etag] => Array
                                        (
                                            [0] => "5aa67c27-78d2"
                                        )

                                    [expires] => Array
                                        (
                                            [0] => Thu, 31 Dec 2037 23:55:55 GMT
                                        )

                                    [cache-control] => Array
                                        (
                                            [0] => max-age=315360000
                                        )

                                    [access-control-allow-origin] => Array
                                        (
                                            [0] => *
                                        )

                                    [accept-ranges] => Array
                                        (
                                            [0] => bytes
                                        )

                                )

                        )

                    [status_code] => 200
                    [protocol_version] => 1.1
                    [success] => 1
                    [redirects] => 0
                    [url] => http://diur-site.ln.fixdigital.co.il/wp-content/plugins/wp-hummingbird/core/modules/dummy/dummy-image.png
                    [history] => Array
                        (
                        )

                    [cookies] => Requests_Cookie_Jar Object
                        (
                            [cookies:protected] => Array
                                (
                                )

                        )

                )

            [filename:protected] => 
            [data] => 
            [headers] => 
            [status] => 
        )

)

[10:35:26] Array
(
    [headers] => Requests_Utility_CaseInsensitiveDictionary Object
        (
            [data:protected] => Array
                (
                    [server] => nginx
                    [date] => Tue, 13 Mar 2018 10:35:26 GMT
                    [content-type] => image/png
                    [content-length] => 30930
                    [last-modified] => Mon, 12 Mar 2018 13:09:59 GMT
                    [etag] => "5aa67c27-78d2"
                    [expires] => Thu, 31 Dec 2037 23:55:55 GMT
                    [cache-control] => max-age=315360000
                    [access-control-allow-origin] => *
                    [accept-ranges] => bytes
                )

        )

    [body] => 
    [response] => Array
        (
            [code] => 200
            [message] => OK
        )

    [cookies] => Array
        (
        )

    [filename] => 
    [http_response] => WP_HTTP_Requests_Response Object
        (
            [response:protected] => Requests_Response Object
                (
                    [body] => 
                    [raw] => HTTP/1.1 200 OK
Server: nginx
Date: Tue, 13 Mar 2018 10:35:26 GMT
Content-Type: image/png
Content-Length: 30930
Last-Modified: Mon, 12 Mar 2018 13:09:59 GMT
Connection: close
ETag: "5aa67c27-78d2"
Expires: Thu, 31 Dec 2037 23:55:55 GMT
Cache-Control: max-age=315360000
Access-Control-Allow-Origin: *
Accept-Ranges: bytes


                    [headers] => Requests_Response_Headers Object
                        (
                            [data:protected] => Array
                                (
                                    [server] => Array
                                        (
                                            [0] => nginx
                                        )

                                    [date] => Array
                                        (
                                            [0] => Tue, 13 Mar 2018 10:35:26 GMT
                                        )

                                    [content-type] => Array
                                        (
                                            [0] => image/png
                                        )

                                    [content-length] => Array
                                        (
                                            [0] => 30930
                                        )

                                    [last-modified] => Array
                                        (
                                            [0] => Mon, 12 Mar 2018 13:09:59 GMT
                                        )

                                    [etag] => Array
                                        (
                                            [0] => "5aa67c27-78d2"
                                        )

                                    [expires] => Array
                                        (
                                            [0] => Thu, 31 Dec 2037 23:55:55 GMT
                                        )

                                    [cache-control] => Array
                                        (
                                            [0] => max-age=315360000
                                        )

                                    [access-control-allow-origin] => Array
                                        (
                                            [0] => *
                                        )

                                    [accept-ranges] => Array
                                        (
                                            [0] => bytes
                                        )

                                )

                        )

                    [status_code] => 200
                    [protocol_version] => 1.1
                    [success] => 1
                    [redirects] => 0
                    [url] => http://www.in-go.co.il/wp-content/plugins/wp-hummingbird/core/modules/dummy/dummy-image.png
                    [history] => Array
                        (
                        )

                    [cookies] => Requests_Cookie_Jar Object
                        (
                            [cookies:protected] => Array
                                (
                                )

                        )

                )

            [filename:protected] => 
            [data] => 
            [headers] => 
            [status] => 
        )

)

