[01:12:01] localProcessing Group : fix-smartphone-elementor
[01:12:01] Asset (handle: fix-smartphone-elementor) in group styles has been successfully processed.
[01:12:03] localProcessing Group : rs-plugin-settings
[01:12:03] Asset (handle: rs-plugin-settings) in group styles has been successfully processed.
[01:12:03] localProcessing Group : wdsi
[01:12:03] Asset (handle: wdsi) in group styles has been successfully processed.
[01:12:05] localProcessing Group : uaf_client_css
[01:12:05] localProcessing Group : pojo-a11y
[01:12:05] Asset (handle: pojo-a11y) in group styles has been successfully processed.
[01:12:06] localProcessing Group : elementor-icons
[01:12:06] Asset (handle: elementor-icons) in group styles has been successfully processed.
[01:12:07] localProcessing Group : font-awesome
[01:12:07] Asset (handle: font-awesome) in group styles has been successfully processed.
[01:12:08] localProcessing Group : elementor-animations
[01:12:08] Asset (handle: elementor-animations) in group styles has been successfully processed.
[09:01:30] localProcessing Group : elementor-frontend
[09:01:30] Asset (handle: elementor-frontend) in group styles has been successfully processed.
[09:01:32] localProcessing Group : elementor-post-229
[09:01:32] Asset (handle: elementor-post-229) in group styles has been successfully processed.
[09:01:32] localProcessing Group : elementor-pro
[09:01:32] Asset (handle: elementor-pro) in group styles has been successfully processed.
[09:01:35] localProcessing Group : pojo-css-framework
[09:01:35] Asset (handle: pojo-css-framework) in group styles has been successfully processed.
[09:01:36] localProcessing Group : wpmu-wpmu-ui-3-min-css
[09:01:36] Asset (handle: wpmu-wpmu-ui-3-min-css) in group styles has been successfully processed.
[09:01:37] localProcessing Group : wpmu-animate-3-min-css
[09:01:37] Asset (handle: wpmu-animate-3-min-css) in group styles has been successfully processed.
[09:01:38] localProcessing Group : photoswipe
[09:01:38] Asset (handle: photoswipe) in group styles has been successfully processed.
[09:01:39] localProcessing Group : photoswipe-skin
[09:01:39] Asset (handle: photoswipe-skin) in group styles has been successfully processed.
