[22:31:51] localProcessing Group : fix-smartphone-elementor
[22:31:51] Asset (handle: fix-smartphone-elementor) in group styles has been successfully processed.
[22:31:52] localProcessing Group : rs-plugin-settings
[22:31:52] Asset (handle: rs-plugin-settings) in group styles has been successfully processed.
[22:31:54] localProcessing Group : wdsi
[22:31:54] Asset (handle: wdsi) in group styles has been successfully processed.
[22:31:55] localProcessing Group : uaf_client_css
[22:31:55] localProcessing Group : pojo-a11y
[22:31:55] Asset (handle: pojo-a11y) in group styles has been successfully processed.
[22:31:56] localProcessing Group : pojo-css-framework
[22:31:56] Asset (handle: pojo-css-framework) in group styles has been successfully processed.
[22:31:58] localProcessing Group : font-awesome
[22:31:58] Asset (handle: font-awesome) in group styles has been successfully processed.
[22:31:59] localProcessing Group : wpmu-wpmu-ui-3-min-css
[22:31:59] Asset (handle: wpmu-wpmu-ui-3-min-css) in group styles has been successfully processed.
[04:52:15] localProcessing Group : wpmu-animate-3-min-css
[04:52:15] Asset (handle: wpmu-animate-3-min-css) in group styles has been successfully processed.
[04:52:16] localProcessing Group : photoswipe
[04:52:16] Asset (handle: photoswipe) in group styles has been successfully processed.
[04:52:17] localProcessing Group : photoswipe-skin
[04:52:17] Asset (handle: photoswipe-skin) in group styles has been successfully processed.
[04:52:17] localProcessing Group : pojo-base-style
[04:52:17] Asset (handle: pojo-base-style) in group styles has been successfully processed.
[04:52:18] localProcessing Group : pojo-style
[04:52:18] Asset (handle: pojo-style) in group styles has been successfully processed.
[04:52:18] localProcessing Group : pojo-base-style-rtl
[04:52:18] Asset (handle: pojo-base-style-rtl) in group styles has been successfully processed.
[04:52:19] localProcessing Group : pojo-style-rtl
[04:52:19] Asset (handle: pojo-style-rtl) in group styles has been successfully processed.
[04:52:19] localProcessing Group : jquery-core
[04:52:19] Asset (handle: jquery-core) in group scripts has been successfully processed.
[05:32:59] localProcessing Group : pojo-base-style
[05:32:59] Asset (handle: pojo-base-style) in group styles has been successfully processed.
[05:33:00] localProcessing Group : pojo-style
[05:33:00] Asset (handle: pojo-style) in group styles has been successfully processed.
[05:33:00] localProcessing Group : pojo-base-style-rtl
[05:33:00] Asset (handle: pojo-base-style-rtl) in group styles has been successfully processed.
[05:33:01] localProcessing Group : pojo-style-rtl
[05:33:01] Asset (handle: pojo-style-rtl) in group styles has been successfully processed.
[05:33:01] localProcessing Group : jquery-core
[05:33:01] Asset (handle: jquery-core) in group scripts has been successfully processed.
[05:33:03] localProcessing Group : jquery-migrate
[05:33:03] Asset (handle: jquery-migrate) in group scripts has been successfully processed.
[05:33:04] localProcessing Group : tp-tools
[05:33:04] Asset (handle: tp-tools) in group scripts has been successfully processed.
[07:37:49] localProcessing Group : revmin
[07:37:49] Asset (handle: revmin) in group scripts has been successfully processed.
[07:37:50] localProcessing Group : wdsi
[07:37:50] Asset (handle: wdsi) in group scripts has been successfully processed.
[07:37:51] localProcessing Group : comment-reply
[07:37:51] Asset (handle: comment-reply) in group scripts has been successfully processed.
[07:37:52] localProcessing Group : WebgroupUtils
[07:37:52] Asset (handle: WebgroupUtils) in group scripts has been successfully processed.
[07:37:53] localProcessing Group : addPageViewCrmInfoScript
[07:37:53] Asset (handle: addPageViewCrmInfoScript) in group scripts has been successfully processed.
[07:37:54] localProcessing Group : addDiviFormCrmInfoScript
[07:37:54] Asset (handle: addDiviFormCrmInfoScript) in group scripts has been successfully processed.
[07:37:55] localProcessing Group : replacePhoneNumbersByChannelId
[07:37:55] Asset (handle: replacePhoneNumbersByChannelId) in group scripts has been successfully processed.
[07:37:56] localProcessing Group : pojo-forms
[07:37:56] Asset (handle: pojo-forms) in group scripts has been successfully processed.
