[08:07:57] localProcessing Group : fix-smartphone-elementor
[08:07:57] Asset (handle: fix-smartphone-elementor) in group styles has been successfully processed.
[08:07:58] localProcessing Group : rs-plugin-settings
[08:07:58] Asset (handle: rs-plugin-settings) in group styles has been successfully processed.
[08:07:59] localProcessing Group : wdsi
[08:07:59] Asset (handle: wdsi) in group styles has been successfully processed.
[08:08:00] localProcessing Group : uaf_client_css
[08:08:00] localProcessing Group : pojo-a11y
[08:08:00] Asset (handle: pojo-a11y) in group styles has been successfully processed.
[08:08:01] localProcessing Group : pojo-css-framework
[08:08:01] Asset (handle: pojo-css-framework) in group styles has been successfully processed.
[08:08:02] localProcessing Group : font-awesome
[08:08:02] Asset (handle: font-awesome) in group styles has been successfully processed.
[08:08:03] localProcessing Group : wpmu-wpmu-ui-3-min-css
[08:08:03] Asset (handle: wpmu-wpmu-ui-3-min-css) in group styles has been successfully processed.
[09:05:12] localProcessing Group : wpmu-animate-3-min-css
[09:05:12] Asset (handle: wpmu-animate-3-min-css) in group styles has been successfully processed.
[09:05:13] localProcessing Group : photoswipe
[09:05:13] Asset (handle: photoswipe) in group styles has been successfully processed.
[09:05:14] localProcessing Group : photoswipe-skin
[09:05:14] Asset (handle: photoswipe-skin) in group styles has been successfully processed.
[09:05:15] localProcessing Group : pojo-base-style
[09:05:15] Asset (handle: pojo-base-style) in group styles has been successfully processed.
[09:05:16] localProcessing Group : pojo-style
[09:05:16] Asset (handle: pojo-style) in group styles has been successfully processed.
[09:05:16] localProcessing Group : pojo-base-style-rtl
[09:05:16] Asset (handle: pojo-base-style-rtl) in group styles has been successfully processed.
[09:05:17] localProcessing Group : pojo-style-rtl
[09:05:17] Asset (handle: pojo-style-rtl) in group styles has been successfully processed.
[09:05:17] localProcessing Group : jquery-core
[09:05:17] Asset (handle: jquery-core) in group scripts has been successfully processed.
