[10:30:20] localProcessing Group : dashicons
[10:30:20] Asset (handle: dashicons) in group styles has been successfully processed.
[10:30:21] localProcessing Group : admin-bar
[10:30:21] Asset (handle: admin-bar) in group styles has been successfully processed.
[10:30:22] localProcessing Group : fix-smartphone-elementor
[10:30:22] Asset (handle: fix-smartphone-elementor) in group styles has been successfully processed.
[10:30:23] localProcessing Group : rs-plugin-settings
[10:30:23] Asset (handle: rs-plugin-settings) in group styles has been successfully processed.
[10:30:24] localProcessing Group : wdsi
[10:30:24] Asset (handle: wdsi) in group styles has been successfully processed.
[10:30:25] localProcessing Group : uaf_client_css
[10:30:25] localProcessing Group : yoast-seo-adminbar
[10:30:25] Asset (handle: yoast-seo-adminbar) in group styles has been successfully processed.
[10:30:25] localProcessing Group : pojo-a11y
[10:30:25] Asset (handle: pojo-a11y) in group styles has been successfully processed.
[10:30:41] localProcessing Group : elementor-icons
[10:30:41] Asset (handle: elementor-icons) in group styles has been successfully processed.
[10:30:42] localProcessing Group : font-awesome
[10:30:42] Asset (handle: font-awesome) in group styles has been successfully processed.
[10:30:43] localProcessing Group : elementor-animations
[10:30:43] Asset (handle: elementor-animations) in group styles has been successfully processed.
[10:30:44] localProcessing Group : elementor-frontend
[10:30:44] Asset (handle: elementor-frontend) in group styles has been successfully processed.
[10:30:45] localProcessing Group : elementor-post-1467
[10:30:45] Asset (handle: elementor-post-1467) in group styles has been successfully processed.
[10:30:46] localProcessing Group : elementor-pro
[10:30:46] Asset (handle: elementor-pro) in group styles has been successfully processed.
[10:30:48] localProcessing Group : pojo-css-framework
[10:30:48] Asset (handle: pojo-css-framework) in group styles has been successfully processed.
[10:30:49] localProcessing Group : wpmu-wpmu-ui-3-min-css
[10:30:49] Asset (handle: wpmu-wpmu-ui-3-min-css) in group styles has been successfully processed.
