[18:20:27] localProcessing Group : fix-smartphone-elementor
[18:20:27] Asset (handle: fix-smartphone-elementor) in group styles has been successfully processed.
[18:20:28] localProcessing Group : rs-plugin-settings
[18:20:28] Asset (handle: rs-plugin-settings) in group styles has been successfully processed.
[18:20:29] localProcessing Group : wdsi
[18:20:29] Asset (handle: wdsi) in group styles has been successfully processed.
[18:20:30] localProcessing Group : uaf_client_css
[18:20:30] localProcessing Group : pojo-a11y
[18:20:30] Asset (handle: pojo-a11y) in group styles has been successfully processed.
[18:20:33] localProcessing Group : elementor-icons
[18:20:33] Asset (handle: elementor-icons) in group styles has been successfully processed.
[18:20:33] localProcessing Group : font-awesome
[18:20:33] Asset (handle: font-awesome) in group styles has been successfully processed.
[18:20:34] localProcessing Group : elementor-animations
[18:20:34] Asset (handle: elementor-animations) in group styles has been successfully processed.
[18:22:32] localProcessing Group : elementor-frontend
[18:22:32] Asset (handle: elementor-frontend) in group styles has been successfully processed.
[18:22:33] localProcessing Group : elementor-post-1874
[18:22:33] Asset (handle: elementor-post-1874) in group styles has been successfully processed.
[18:22:34] localProcessing Group : elementor-pro
[18:22:34] Asset (handle: elementor-pro) in group styles has been successfully processed.
[18:22:35] localProcessing Group : pojo-css-framework
[18:22:35] Asset (handle: pojo-css-framework) in group styles has been successfully processed.
[18:22:36] localProcessing Group : wpmu-wpmu-ui-3-min-css
[18:22:37] Asset (handle: wpmu-wpmu-ui-3-min-css) in group styles has been successfully processed.
[18:22:37] localProcessing Group : wpmu-animate-3-min-css
[18:22:37] Asset (handle: wpmu-animate-3-min-css) in group styles has been successfully processed.
[18:22:39] localProcessing Group : photoswipe
[18:22:39] Asset (handle: photoswipe) in group styles has been successfully processed.
[18:22:39] localProcessing Group : photoswipe-skin
[18:22:39] Asset (handle: photoswipe-skin) in group styles has been successfully processed.
[18:41:02] localProcessing Group : pojo-base-style
[18:41:02] Asset (handle: pojo-base-style) in group styles has been successfully processed.
[18:41:04] localProcessing Group : pojo-style
[18:41:04] Asset (handle: pojo-style) in group styles has been successfully processed.
[18:41:04] localProcessing Group : pojo-base-style-rtl
[18:41:04] Asset (handle: pojo-base-style-rtl) in group styles has been successfully processed.
[18:41:05] localProcessing Group : pojo-style-rtl
[18:41:05] Asset (handle: pojo-style-rtl) in group styles has been successfully processed.
[18:41:05] localProcessing Group : jquery-core
[18:41:05] Asset (handle: jquery-core) in group scripts has been successfully processed.
[18:41:07] localProcessing Group : jquery-migrate
[18:41:07] Asset (handle: jquery-migrate) in group scripts has been successfully processed.
[18:41:08] localProcessing Group : tp-tools
[18:41:08] Asset (handle: tp-tools) in group scripts has been successfully processed.
[19:31:59] localProcessing Group : revmin
[19:31:59] Asset (handle: revmin) in group scripts has been successfully processed.
[19:32:00] localProcessing Group : wdsi
[19:32:00] Asset (handle: wdsi) in group scripts has been successfully processed.
[19:32:01] localProcessing Group : briar-elementor
[19:32:01] Asset (handle: briar-elementor) in group styles has been successfully processed.
[19:32:01] localProcessing Group : WebgroupUtils
[19:32:01] Asset (handle: WebgroupUtils) in group scripts has been successfully processed.
[19:32:02] localProcessing Group : addPageViewCrmInfoScript
[19:32:02] Asset (handle: addPageViewCrmInfoScript) in group scripts has been successfully processed.
[19:32:03] localProcessing Group : addDiviFormCrmInfoScript
[19:32:03] Asset (handle: addDiviFormCrmInfoScript) in group scripts has been successfully processed.
[19:32:04] localProcessing Group : replacePhoneNumbersByChannelId
[19:32:04] Asset (handle: replacePhoneNumbersByChannelId) in group scripts has been successfully processed.
[19:32:05] localProcessing Group : pojo-forms
[19:32:05] Asset (handle: pojo-forms) in group scripts has been successfully processed.
[20:05:47] localProcessing Group : pojo-a11y
[20:05:47] Asset (handle: pojo-a11y) in group scripts has been successfully processed.
[20:05:48] localProcessing Group : pojo-plugins
[20:05:48] Asset (handle: pojo-plugins) in group scripts has been successfully processed.
[20:05:48] localProcessing Group : pojo-scripts
[20:05:48] Asset (handle: pojo-scripts) in group scripts has been successfully processed.
[20:05:49] localProcessing Group : wpmu-wpmu-ui-3-min-js
[20:05:49] Asset (handle: wpmu-wpmu-ui-3-min-js) in group scripts has been successfully processed.
[20:05:50] localProcessing Group : wpmu-public-min-js
[20:05:50] Asset (handle: wpmu-public-min-js) in group scripts has been successfully processed.
[20:05:51] localProcessing Group : masterslider
[20:05:51] Asset (handle: masterslider) in group scripts has been successfully processed.
[20:05:52] localProcessing Group : photoswipe
[20:05:52] Asset (handle: photoswipe) in group scripts has been successfully processed.
[20:05:53] localProcessing Group : photoswipe-ui
[20:05:53] Asset (handle: photoswipe-ui) in group scripts has been successfully processed.
[20:05:59] localProcessing Group : pojo-lightbox-app
[20:05:59] Asset (handle: pojo-lightbox-app) in group scripts has been successfully processed.
[20:06:00] localProcessing Group : pojo-news-ticker
[20:06:00] Asset (handle: pojo-news-ticker) in group scripts has been successfully processed.
[20:06:01] localProcessing Group : wp-embed
[20:06:01] Asset (handle: wp-embed) in group scripts has been successfully processed.
[20:06:01] localProcessing Group : jquery-slick
[20:06:01] Asset (handle: jquery-slick) in group scripts has been successfully processed.
[20:06:02] localProcessing Group : elementor-pro-frontend
[20:06:02] Asset (handle: elementor-pro-frontend) in group scripts has been successfully processed.
[20:06:03] localProcessing Group : jquery-ui-position
[20:06:03] Asset (handle: jquery-ui-position) in group scripts has been successfully processed.
[20:06:04] localProcessing Group : elementor-dialog
[20:06:04] Asset (handle: elementor-dialog) in group scripts has been successfully processed.
[20:06:05] localProcessing Group : elementor-waypoints
[20:06:05] Asset (handle: elementor-waypoints) in group scripts has been successfully processed.
[20:06:29] localProcessing Group : jquery-swiper
[20:06:29] Asset (handle: jquery-swiper) in group scripts has been successfully processed.
[20:06:30] localProcessing Group : elementor-frontend
[20:06:30] Asset (handle: elementor-frontend) in group scripts has been successfully processed.
[20:06:31] localProcessing Group : briar-elementor
[20:06:31] Asset (handle: briar-elementor) in group scripts has been successfully processed.
[20:09:18] localProcessing Group : elementor-post-2238
[20:09:18] Asset (handle: elementor-post-2238) in group styles has been successfully processed.
[20:09:20] localProcessing Group : imagesloaded
[20:09:20] Asset (handle: imagesloaded) in group scripts has been successfully processed.
[20:10:55] localProcessing Group : elementor-post-2950
[20:10:55] Asset (handle: elementor-post-2950) in group styles has been successfully processed.
[20:11:13] localProcessing Group : elementor-post-3118
[20:11:13] Asset (handle: elementor-post-3118) in group styles has been successfully processed.
[09:13:59] localProcessing Group : dashicons
[09:13:59] Asset (handle: dashicons) in group styles has been successfully processed.
[09:14:00] localProcessing Group : admin-bar
[09:14:00] Asset (handle: admin-bar) in group styles has been successfully processed.
[09:14:01] localProcessing Group : yoast-seo-adminbar
[09:14:01] Asset (handle: yoast-seo-adminbar) in group styles has been successfully processed.
[09:14:01] localProcessing Group : admin-bar
[09:14:01] Asset (handle: admin-bar) in group scripts has been successfully processed.
[10:31:44] localProcessing Group : editor-preview
[10:31:44] Asset (handle: editor-preview) in group styles has been successfully processed.
[10:31:45] localProcessing Group : flatpickr
[10:31:45] Asset (handle: flatpickr) in group styles has been successfully processed.
[10:31:46] localProcessing Group : flatpickr
[10:31:46] Asset (handle: flatpickr) in group scripts has been successfully processed.
[10:31:47] localProcessing Group : jquery-numerator
[10:31:47] Asset (handle: jquery-numerator) in group scripts has been successfully processed.
[10:31:48] localProcessing Group : smartmenus
[10:31:48] Asset (handle: smartmenus) in group scripts has been successfully processed.
[10:31:49] localProcessing Group : social-share
[10:31:49] Asset (handle: social-share) in group scripts has been successfully processed.
[10:31:50] localProcessing Group : elementor-inline-editor
[10:31:50] Asset (handle: elementor-inline-editor) in group scripts has been successfully processed.
[10:32:53] localProcessing Group : duplicate-post
[10:32:53] Asset (handle: duplicate-post) in group styles has been successfully processed.
