[17:00:03] localProcessing Group : fix-smartphone-elementor
[17:00:03] Asset (handle: fix-smartphone-elementor) in group styles has been successfully processed.
[17:00:04] localProcessing Group : rs-plugin-settings
[17:00:04] Asset (handle: rs-plugin-settings) in group styles has been successfully processed.
[17:00:05] localProcessing Group : wdsi
[17:00:05] Asset (handle: wdsi) in group styles has been successfully processed.
[17:00:07] localProcessing Group : uaf_client_css
[17:00:07] localProcessing Group : twentyseventeen-style
[17:00:08] Asset (handle: twentyseventeen-style) in group styles has been successfully processed.
[17:00:09] localProcessing Group : twentyseventeen-ie8
[17:00:09] Asset (handle: twentyseventeen-ie8) in group styles has been successfully processed.
[17:00:10] localProcessing Group : wpmu-wpmu-ui-3-min-css
[17:00:10] Asset (handle: wpmu-wpmu-ui-3-min-css) in group styles has been successfully processed.
[17:00:11] localProcessing Group : wpmu-animate-3-min-css
[17:00:11] Asset (handle: wpmu-animate-3-min-css) in group styles has been successfully processed.
[19:56:30] localProcessing Group : jquery-core
[19:56:30] Asset (handle: jquery-core) in group scripts has been successfully processed.
[19:56:34] localProcessing Group : jquery-migrate
[19:56:34] Asset (handle: jquery-migrate) in group scripts has been successfully processed.
[19:56:34] localProcessing Group : tp-tools
[19:56:34] Asset (handle: tp-tools) in group scripts has been successfully processed.
[19:56:35] localProcessing Group : revmin
[19:56:35] Asset (handle: revmin) in group scripts has been successfully processed.
[19:56:36] localProcessing Group : wdsi
[19:56:36] Asset (handle: wdsi) in group scripts has been successfully processed.
[19:56:37] localProcessing Group : html5
[19:56:37] Asset (handle: html5) in group scripts has been successfully processed.
[19:56:38] localProcessing Group : WebgroupUtils
[19:56:38] Asset (handle: WebgroupUtils) in group scripts has been successfully processed.
[20:06:52] localProcessing Group : addPageViewCrmInfoScript
[20:06:52] Asset (handle: addPageViewCrmInfoScript) in group scripts has been successfully processed.
[20:06:53] localProcessing Group : addDiviFormCrmInfoScript
[20:06:53] Asset (handle: addDiviFormCrmInfoScript) in group scripts has been successfully processed.
[20:06:54] localProcessing Group : replacePhoneNumbersByChannelId
[20:06:54] Asset (handle: replacePhoneNumbersByChannelId) in group scripts has been successfully processed.
[20:06:54] localProcessing Group : twentyseventeen-skip-link-focus-fix
[20:06:54] Asset (handle: twentyseventeen-skip-link-focus-fix) in group scripts has been successfully processed.
[20:06:55] localProcessing Group : twentyseventeen-global
[20:06:55] Asset (handle: twentyseventeen-global) in group scripts has been successfully processed.
[20:06:56] localProcessing Group : jquery-scrollto
[20:06:56] Asset (handle: jquery-scrollto) in group scripts has been successfully processed.
[20:06:57] localProcessing Group : wpmu-wpmu-ui-3-min-js
[20:06:57] Asset (handle: wpmu-wpmu-ui-3-min-js) in group scripts has been successfully processed.
[20:06:58] localProcessing Group : wpmu-public-min-js
[20:06:58] Asset (handle: wpmu-public-min-js) in group scripts has been successfully processed.
[01:09:34] localProcessing Group : wp-embed
[01:09:34] Asset (handle: wp-embed) in group scripts has been successfully processed.
