[00:10:51] localProcessing Group : fix-smartphone-elementor
[00:10:51] Asset (handle: fix-smartphone-elementor) in group styles has been successfully processed.
[00:10:52] localProcessing Group : rs-plugin-settings
[00:10:52] Asset (handle: rs-plugin-settings) in group styles has been successfully processed.
[00:10:53] localProcessing Group : wdsi
[00:10:53] Asset (handle: wdsi) in group styles has been successfully processed.
[00:10:54] localProcessing Group : uaf_client_css
[00:10:54] localProcessing Group : pojo-a11y
[00:10:54] Asset (handle: pojo-a11y) in group styles has been successfully processed.
[00:10:55] localProcessing Group : pojo-css-framework
[00:10:55] Asset (handle: pojo-css-framework) in group styles has been successfully processed.
[00:10:56] localProcessing Group : font-awesome
[00:10:56] Asset (handle: font-awesome) in group styles has been successfully processed.
[00:10:57] localProcessing Group : wpmu-wpmu-ui-3-min-css
[00:10:57] Asset (handle: wpmu-wpmu-ui-3-min-css) in group styles has been successfully processed.
[03:18:21] localProcessing Group : wpmu-animate-3-min-css
[03:18:21] Asset (handle: wpmu-animate-3-min-css) in group styles has been successfully processed.
[03:18:23] localProcessing Group : photoswipe
[03:18:23] Asset (handle: photoswipe) in group styles has been successfully processed.
[03:18:23] localProcessing Group : photoswipe-skin
[03:18:23] Asset (handle: photoswipe-skin) in group styles has been successfully processed.
[03:18:24] localProcessing Group : pojo-base-style
[03:18:24] Asset (handle: pojo-base-style) in group styles has been successfully processed.
[03:18:25] localProcessing Group : pojo-style
[03:18:25] Asset (handle: pojo-style) in group styles has been successfully processed.
[03:18:25] localProcessing Group : pojo-base-style-rtl
[03:18:25] Asset (handle: pojo-base-style-rtl) in group styles has been successfully processed.
[03:18:26] localProcessing Group : pojo-style-rtl
[03:18:26] Asset (handle: pojo-style-rtl) in group styles has been successfully processed.
[03:18:26] localProcessing Group : jquery-core
[03:18:26] Asset (handle: jquery-core) in group scripts has been successfully processed.
