[08:47:51] localProcessing Group : fix-smartphone-elementor
[08:47:51] Asset (handle: fix-smartphone-elementor) in group styles has been successfully processed.
[08:47:52] localProcessing Group : rs-plugin-settings
[08:47:52] Asset (handle: rs-plugin-settings) in group styles has been successfully processed.
[08:47:53] localProcessing Group : wdsi
[08:47:53] Asset (handle: wdsi) in group styles has been successfully processed.
[08:47:54] localProcessing Group : uaf_client_css
[08:47:54] localProcessing Group : pojo-a11y
[08:47:54] Asset (handle: pojo-a11y) in group styles has been successfully processed.
[08:47:55] localProcessing Group : elementor-icons
[08:47:55] Asset (handle: elementor-icons) in group styles has been successfully processed.
[08:47:56] localProcessing Group : font-awesome
[08:47:56] Asset (handle: font-awesome) in group styles has been successfully processed.
[08:47:57] localProcessing Group : elementor-animations
[08:47:57] Asset (handle: elementor-animations) in group styles has been successfully processed.
[08:49:39] localProcessing Group : elementor-frontend
[08:49:39] Asset (handle: elementor-frontend) in group styles has been successfully processed.
[08:49:40] localProcessing Group : elementor-post-1461
[08:49:40] Asset (handle: elementor-post-1461) in group styles has been successfully processed.
[08:49:41] localProcessing Group : elementor-pro
[08:49:41] Asset (handle: elementor-pro) in group styles has been successfully processed.
[08:49:43] localProcessing Group : pojo-css-framework
[08:49:43] Asset (handle: pojo-css-framework) in group styles has been successfully processed.
[08:49:44] localProcessing Group : wpmu-wpmu-ui-3-min-css
[08:49:44] Asset (handle: wpmu-wpmu-ui-3-min-css) in group styles has been successfully processed.
[08:49:45] localProcessing Group : wpmu-animate-3-min-css
[08:49:45] Asset (handle: wpmu-animate-3-min-css) in group styles has been successfully processed.
[08:49:46] localProcessing Group : photoswipe
[08:49:46] Asset (handle: photoswipe) in group styles has been successfully processed.
[08:49:46] localProcessing Group : photoswipe-skin
[08:49:46] Asset (handle: photoswipe-skin) in group styles has been successfully processed.
