[14:47:14] localProcessing Group : fix-smartphone-elementor
[14:47:14] Asset (handle: fix-smartphone-elementor) in group styles has been successfully processed.
[14:47:15] localProcessing Group : rs-plugin-settings
[14:47:15] Asset (handle: rs-plugin-settings) in group styles has been successfully processed.
[14:47:16] localProcessing Group : wdsi
[14:47:16] Asset (handle: wdsi) in group styles has been successfully processed.
[14:47:17] localProcessing Group : uaf_client_css
[14:47:17] localProcessing Group : wpah-front-styles
[14:47:17] Asset (handle: wpah-front-styles) in group styles has been successfully processed.
[14:47:18] localProcessing Group : elementor-icons
[14:47:18] Asset (handle: elementor-icons) in group styles has been successfully processed.
[14:47:19] localProcessing Group : font-awesome
[14:47:19] Asset (handle: font-awesome) in group styles has been successfully processed.
[14:47:20] localProcessing Group : elementor-animations
[14:47:20] Asset (handle: elementor-animations) in group styles has been successfully processed.
[15:04:11] localProcessing Group : elementor-frontend
[15:04:11] Asset (handle: elementor-frontend) in group styles has been successfully processed.
[15:04:12] localProcessing Group : elementor-global
[15:04:12] Asset (handle: elementor-global) in group styles has been successfully processed.
[15:04:13] localProcessing Group : elementor-post-182
[15:04:13] Asset (handle: elementor-post-182) in group styles has been successfully processed.
[15:04:15] localProcessing Group : elementor-pro
[15:04:15] Asset (handle: elementor-pro) in group styles has been successfully processed.
[15:04:16] localProcessing Group : pojo-css-framework
[15:04:16] Asset (handle: pojo-css-framework) in group styles has been successfully processed.
[15:04:17] localProcessing Group : wpmu-wpmu-ui-3-min-css
[15:04:17] Asset (handle: wpmu-wpmu-ui-3-min-css) in group styles has been successfully processed.
[15:04:18] localProcessing Group : wpmu-animate-3-min-css
[15:04:18] Asset (handle: wpmu-animate-3-min-css) in group styles has been successfully processed.
[15:04:19] localProcessing Group : pojo-base-style
[15:04:19] Asset (handle: pojo-base-style) in group styles has been successfully processed.
[15:04:30] localProcessing Group : pojo-style
[15:04:30] Asset (handle: pojo-style) in group styles has been successfully processed.
[15:04:30] localProcessing Group : pojo-base-style-rtl
[15:04:30] Asset (handle: pojo-base-style-rtl) in group styles has been successfully processed.
[15:04:31] localProcessing Group : pojo-style-rtl
[15:04:31] Asset (handle: pojo-style-rtl) in group styles has been successfully processed.
[15:04:31] localProcessing Group : jquery-core
[15:04:31] Asset (handle: jquery-core) in group scripts has been successfully processed.
[15:04:34] localProcessing Group : jquery-migrate
[15:04:34] Asset (handle: jquery-migrate) in group scripts has been successfully processed.
[15:04:35] localProcessing Group : tp-tools
[15:04:35] Asset (handle: tp-tools) in group scripts has been successfully processed.
[15:04:36] localProcessing Group : revmin
[15:04:36] Asset (handle: revmin) in group scripts has been successfully processed.
[15:04:42] localProcessing Group : wdsi
[15:04:42] Asset (handle: wdsi) in group scripts has been successfully processed.
[15:04:43] localProcessing Group : briar-elementor
[15:04:43] Asset (handle: briar-elementor) in group styles has been successfully processed.
[15:04:44] localProcessing Group : WebgroupUtils
[15:04:44] Asset (handle: WebgroupUtils) in group scripts has been successfully processed.
[15:04:45] localProcessing Group : addPageViewCrmInfoScript
[15:04:45] Asset (handle: addPageViewCrmInfoScript) in group scripts has been successfully processed.
[15:04:46] localProcessing Group : addDiviFormCrmInfoScript
[15:04:46] Asset (handle: addDiviFormCrmInfoScript) in group scripts has been successfully processed.
[15:04:47] localProcessing Group : replacePhoneNumbersByChannelId
[15:04:47] Asset (handle: replacePhoneNumbersByChannelId) in group scripts has been successfully processed.
[15:04:48] localProcessing Group : wp-accessibility-helper
[15:04:48] Asset (handle: wp-accessibility-helper) in group scripts has been successfully processed.
[15:04:49] localProcessing Group : pojo-plugins
[15:04:49] Asset (handle: pojo-plugins) in group scripts has been successfully processed.
[15:05:01] localProcessing Group : pojo-scripts
[15:05:01] Asset (handle: pojo-scripts) in group scripts has been successfully processed.
[15:05:02] localProcessing Group : wpmu-wpmu-ui-3-min-js
[15:05:02] Asset (handle: wpmu-wpmu-ui-3-min-js) in group scripts has been successfully processed.
[15:05:03] localProcessing Group : wpmu-public-min-js
[15:05:03] Asset (handle: wpmu-public-min-js) in group scripts has been successfully processed.
[15:05:04] localProcessing Group : masterslider
[15:05:04] Asset (handle: masterslider) in group scripts has been successfully processed.
[15:05:05] localProcessing Group : wp-embed
[15:05:05] Asset (handle: wp-embed) in group scripts has been successfully processed.
[15:05:06] localProcessing Group : jquery-slick
[15:05:06] Asset (handle: jquery-slick) in group scripts has been successfully processed.
[15:05:07] localProcessing Group : elementor-pro-frontend
[15:05:07] Asset (handle: elementor-pro-frontend) in group scripts has been successfully processed.
[15:05:08] localProcessing Group : jquery-ui-position
[15:05:08] Asset (handle: jquery-ui-position) in group scripts has been successfully processed.
[15:05:17] localProcessing Group : elementor-dialog
[15:05:17] Asset (handle: elementor-dialog) in group scripts has been successfully processed.
[15:05:18] localProcessing Group : elementor-waypoints
[15:05:18] Asset (handle: elementor-waypoints) in group scripts has been successfully processed.
[15:05:20] localProcessing Group : jquery-swiper
[15:05:20] Asset (handle: jquery-swiper) in group scripts has been successfully processed.
[15:05:21] localProcessing Group : elementor-frontend
[15:05:21] Asset (handle: elementor-frontend) in group scripts has been successfully processed.
[15:05:22] localProcessing Group : briar-elementor
[15:05:22] Asset (handle: briar-elementor) in group scripts has been successfully processed.
[10:27:15] localProcessing Group : dashicons
[10:27:15] Asset (handle: dashicons) in group styles has been successfully processed.
[10:27:16] localProcessing Group : admin-bar
[10:27:16] Asset (handle: admin-bar) in group styles has been successfully processed.
[10:27:17] localProcessing Group : editor-preview
[10:27:17] Asset (handle: editor-preview) in group styles has been successfully processed.
[10:27:18] localProcessing Group : flatpickr
[10:27:18] Asset (handle: flatpickr) in group styles has been successfully processed.
[10:27:19] localProcessing Group : admin-bar
[10:27:19] Asset (handle: admin-bar) in group scripts has been successfully processed.
[10:27:20] localProcessing Group : flatpickr
[10:27:20] Asset (handle: flatpickr) in group scripts has been successfully processed.
[10:27:21] localProcessing Group : jquery-numerator
[10:27:21] Asset (handle: jquery-numerator) in group scripts has been successfully processed.
[10:27:21] localProcessing Group : imagesloaded
[10:27:21] Asset (handle: imagesloaded) in group scripts has been successfully processed.
[10:27:25] localProcessing Group : smartmenus
[10:27:25] Asset (handle: smartmenus) in group scripts has been successfully processed.
[10:27:26] localProcessing Group : social-share
[10:27:26] Asset (handle: social-share) in group scripts has been successfully processed.
[10:27:27] localProcessing Group : elementor-inline-editor
[10:27:27] Asset (handle: elementor-inline-editor) in group scripts has been successfully processed.
[10:27:42] localProcessing Group : yoast-seo-adminbar
[10:27:42] Asset (handle: yoast-seo-adminbar) in group styles has been successfully processed.
[10:27:43] localProcessing Group : duplicate-post
[10:27:43] Asset (handle: duplicate-post) in group styles has been successfully processed.
