[20:41:00] localProcessing Group : fix-smartphone-elementor
[20:41:00] Asset (handle: fix-smartphone-elementor) in group styles has been successfully processed.
[20:41:01] localProcessing Group : rs-plugin-settings
[20:41:01] Asset (handle: rs-plugin-settings) in group styles has been successfully processed.
[20:41:02] localProcessing Group : wdsi
[20:41:02] Asset (handle: wdsi) in group styles has been successfully processed.
[20:41:04] localProcessing Group : uaf_client_css
[20:41:04] localProcessing Group : pojo-a11y
[20:41:04] Asset (handle: pojo-a11y) in group styles has been successfully processed.
[20:41:05] localProcessing Group : pojo-css-framework
[20:41:05] Asset (handle: pojo-css-framework) in group styles has been successfully processed.
[20:41:06] localProcessing Group : font-awesome
[20:41:06] Asset (handle: font-awesome) in group styles has been successfully processed.
[20:41:07] localProcessing Group : wpmu-wpmu-ui-3-min-css
[20:41:07] Asset (handle: wpmu-wpmu-ui-3-min-css) in group styles has been successfully processed.
[23:57:39] localProcessing Group : wpmu-animate-3-min-css
[23:57:39] Asset (handle: wpmu-animate-3-min-css) in group styles has been successfully processed.
[23:57:40] localProcessing Group : photoswipe
[23:57:40] Asset (handle: photoswipe) in group styles has been successfully processed.
[23:57:41] localProcessing Group : photoswipe-skin
[23:57:41] Asset (handle: photoswipe-skin) in group styles has been successfully processed.
[23:57:42] localProcessing Group : pojo-base-style
[23:57:42] Asset (handle: pojo-base-style) in group styles has been successfully processed.
[23:57:43] localProcessing Group : pojo-style
[23:57:43] Asset (handle: pojo-style) in group styles has been successfully processed.
[23:57:43] localProcessing Group : pojo-base-style-rtl
[23:57:43] Asset (handle: pojo-base-style-rtl) in group styles has been successfully processed.
[23:57:44] localProcessing Group : pojo-style-rtl
[23:57:44] Asset (handle: pojo-style-rtl) in group styles has been successfully processed.
[23:57:44] localProcessing Group : jquery-core
[23:57:44] Asset (handle: jquery-core) in group scripts has been successfully processed.
[00:03:48] localProcessing Group : jquery-migrate
[00:03:48] Asset (handle: jquery-migrate) in group scripts has been successfully processed.
[00:03:48] localProcessing Group : tp-tools
[00:03:48] Asset (handle: tp-tools) in group scripts has been successfully processed.
[00:03:50] localProcessing Group : revmin
[00:03:50] Asset (handle: revmin) in group scripts has been successfully processed.
[00:03:50] localProcessing Group : wdsi
[00:03:50] Asset (handle: wdsi) in group scripts has been successfully processed.
[00:03:51] localProcessing Group : WebgroupUtils
[00:03:51] Asset (handle: WebgroupUtils) in group scripts has been successfully processed.
[00:03:52] localProcessing Group : addPageViewCrmInfoScript
[00:03:52] Asset (handle: addPageViewCrmInfoScript) in group scripts has been successfully processed.
[00:03:53] localProcessing Group : addDiviFormCrmInfoScript
[00:03:53] Asset (handle: addDiviFormCrmInfoScript) in group scripts has been successfully processed.
[03:09:57] localProcessing Group : replacePhoneNumbersByChannelId
[03:09:57] Asset (handle: replacePhoneNumbersByChannelId) in group scripts has been successfully processed.
[03:09:58] localProcessing Group : pojo-forms
[03:09:58] Asset (handle: pojo-forms) in group scripts has been successfully processed.
[03:09:59] localProcessing Group : pojo-a11y
[03:09:59] Asset (handle: pojo-a11y) in group scripts has been successfully processed.
[03:10:00] localProcessing Group : pojo-plugins
[03:10:00] Asset (handle: pojo-plugins) in group scripts has been successfully processed.
[03:10:01] localProcessing Group : pojo-scripts
[03:10:01] Asset (handle: pojo-scripts) in group scripts has been successfully processed.
[03:10:03] localProcessing Group : wpmu-wpmu-ui-3-min-js
[03:10:03] Asset (handle: wpmu-wpmu-ui-3-min-js) in group scripts has been successfully processed.
[03:10:03] localProcessing Group : wpmu-public-min-js
[03:10:03] Asset (handle: wpmu-public-min-js) in group scripts has been successfully processed.
[03:10:04] localProcessing Group : masterslider
[03:10:04] Asset (handle: masterslider) in group scripts has been successfully processed.
[10:29:29] localProcessing Group : photoswipe
[10:29:29] Asset (handle: photoswipe) in group scripts has been successfully processed.
[10:29:30] localProcessing Group : photoswipe-ui
[10:29:30] Asset (handle: photoswipe-ui) in group scripts has been successfully processed.
[10:29:30] localProcessing Group : pojo-lightbox-app
[10:29:30] Asset (handle: pojo-lightbox-app) in group scripts has been successfully processed.
[10:29:31] localProcessing Group : pojo-news-ticker
[10:29:31] Asset (handle: pojo-news-ticker) in group scripts has been successfully processed.
[10:29:32] localProcessing Group : wp-embed
[10:29:32] Asset (handle: wp-embed) in group scripts has been successfully processed.
