[16:47:00] localProcessing Group : fix-smartphone-elementor
[16:47:00] Asset (handle: fix-smartphone-elementor) in group styles has been successfully processed.
[16:47:01] localProcessing Group : rs-plugin-settings
[16:47:01] Asset (handle: rs-plugin-settings) in group styles has been successfully processed.
[16:47:02] localProcessing Group : wdsi
[16:47:02] Asset (handle: wdsi) in group styles has been successfully processed.
[16:47:03] localProcessing Group : uaf_client_css
[16:47:03] localProcessing Group : twentyseventeen-style
[16:47:03] Asset (handle: twentyseventeen-style) in group styles has been successfully processed.
[16:47:04] localProcessing Group : twentyseventeen-ie8
[16:47:04] Asset (handle: twentyseventeen-ie8) in group styles has been successfully processed.
[16:47:05] localProcessing Group : wpmu-wpmu-ui-3-min-css
[16:47:05] Asset (handle: wpmu-wpmu-ui-3-min-css) in group styles has been successfully processed.
[16:47:05] localProcessing Group : wpmu-animate-3-min-css
[16:47:05] Asset (handle: wpmu-animate-3-min-css) in group styles has been successfully processed.
[17:16:08] localProcessing Group : jquery-core
[17:16:08] Asset (handle: jquery-core) in group scripts has been successfully processed.
[17:16:11] localProcessing Group : jquery-migrate
[17:16:11] Asset (handle: jquery-migrate) in group scripts has been successfully processed.
[17:16:12] localProcessing Group : tp-tools
[17:16:12] Asset (handle: tp-tools) in group scripts has been successfully processed.
[17:16:13] localProcessing Group : revmin
[17:16:13] Asset (handle: revmin) in group scripts has been successfully processed.
[17:16:14] localProcessing Group : wdsi
[17:16:14] Asset (handle: wdsi) in group scripts has been successfully processed.
[17:16:15] localProcessing Group : html5
[17:16:15] Asset (handle: html5) in group scripts has been successfully processed.
[17:16:15] localProcessing Group : WebgroupUtils
[17:16:15] Asset (handle: WebgroupUtils) in group scripts has been successfully processed.
[17:26:35] localProcessing Group : addPageViewCrmInfoScript
[17:26:35] Asset (handle: addPageViewCrmInfoScript) in group scripts has been successfully processed.
[17:26:36] localProcessing Group : addDiviFormCrmInfoScript
[17:26:36] Asset (handle: addDiviFormCrmInfoScript) in group scripts has been successfully processed.
[17:26:36] localProcessing Group : replacePhoneNumbersByChannelId
[17:26:36] Asset (handle: replacePhoneNumbersByChannelId) in group scripts has been successfully processed.
[17:26:37] localProcessing Group : twentyseventeen-skip-link-focus-fix
[17:26:37] Asset (handle: twentyseventeen-skip-link-focus-fix) in group scripts has been successfully processed.
[17:26:38] localProcessing Group : twentyseventeen-global
[17:26:38] Asset (handle: twentyseventeen-global) in group scripts has been successfully processed.
[17:26:39] localProcessing Group : jquery-scrollto
[17:26:39] Asset (handle: jquery-scrollto) in group scripts has been successfully processed.
[17:26:40] localProcessing Group : wpmu-wpmu-ui-3-min-js
[17:26:40] Asset (handle: wpmu-wpmu-ui-3-min-js) in group scripts has been successfully processed.
[17:26:41] localProcessing Group : wpmu-public-min-js
[17:26:41] Asset (handle: wpmu-public-min-js) in group scripts has been successfully processed.
[18:15:59] localProcessing Group : wp-embed
[18:15:59] Asset (handle: wp-embed) in group scripts has been successfully processed.
