[09:42:46] localProcessing Group : dashicons
[09:42:46] Asset (handle: dashicons) in group styles has been successfully processed.
[09:42:47] localProcessing Group : admin-bar
[09:42:47] Asset (handle: admin-bar) in group styles has been successfully processed.
[09:42:48] localProcessing Group : fix-smartphone-elementor
[09:42:48] Asset (handle: fix-smartphone-elementor) in group styles has been successfully processed.
[09:42:49] localProcessing Group : rs-plugin-settings
[09:42:49] Asset (handle: rs-plugin-settings) in group styles has been successfully processed.
[09:42:50] localProcessing Group : wdsi
[09:42:50] Asset (handle: wdsi) in group styles has been successfully processed.
[09:42:51] localProcessing Group : uaf_client_css
[09:42:51] localProcessing Group : yoast-seo-adminbar
[09:42:51] Asset (handle: yoast-seo-adminbar) in group styles has been successfully processed.
[09:42:52] localProcessing Group : pojo-a11y
[09:42:52] Asset (handle: pojo-a11y) in group styles has been successfully processed.
[09:44:00] localProcessing Group : elementor-icons
[09:44:00] Asset (handle: elementor-icons) in group styles has been successfully processed.
[09:44:01] localProcessing Group : font-awesome
[09:44:01] Asset (handle: font-awesome) in group styles has been successfully processed.
[09:44:02] localProcessing Group : elementor-animations
[09:44:02] Asset (handle: elementor-animations) in group styles has been successfully processed.
[09:44:02] localProcessing Group : elementor-frontend
[09:44:02] Asset (handle: elementor-frontend) in group styles has been successfully processed.
[09:44:03] localProcessing Group : elementor-global
[09:44:03] Asset (handle: elementor-global) in group styles has been successfully processed.
[09:44:04] localProcessing Group : elementor-post-1470
[09:44:04] Asset (handle: elementor-post-1470) in group styles has been successfully processed.
[09:44:05] localProcessing Group : elementor-pro
[09:44:05] Asset (handle: elementor-pro) in group styles has been successfully processed.
[09:44:07] localProcessing Group : pojo-css-framework
[09:44:07] Asset (handle: pojo-css-framework) in group styles has been successfully processed.
