[09:28:58] localProcessing Group : fix-smartphone-elementor
[09:28:58] Asset (handle: fix-smartphone-elementor) in group styles has been successfully processed.
[09:28:59] localProcessing Group : rs-plugin-settings
[09:28:59] Asset (handle: rs-plugin-settings) in group styles has been successfully processed.
[09:29:00] localProcessing Group : wdsi
[09:29:00] Asset (handle: wdsi) in group styles has been successfully processed.
[09:29:01] localProcessing Group : uaf_client_css
[09:29:01] localProcessing Group : pojo-a11y
[09:29:01] Asset (handle: pojo-a11y) in group styles has been successfully processed.
[09:29:02] localProcessing Group : elementor-icons
[09:29:02] Asset (handle: elementor-icons) in group styles has been successfully processed.
[09:29:03] localProcessing Group : font-awesome
[09:29:03] Asset (handle: font-awesome) in group styles has been successfully processed.
[09:29:03] localProcessing Group : elementor-animations
[09:29:03] Asset (handle: elementor-animations) in group styles has been successfully processed.
[09:29:14] localProcessing Group : pojo-a11y
[09:29:14] Asset (handle: pojo-a11y) in group styles has been successfully processed.
[09:29:15] localProcessing Group : elementor-icons
[09:29:15] Asset (handle: elementor-icons) in group styles has been successfully processed.
[09:29:16] localProcessing Group : font-awesome
[09:29:16] Asset (handle: font-awesome) in group styles has been successfully processed.
[09:29:16] localProcessing Group : elementor-animations
[09:29:16] Asset (handle: elementor-animations) in group styles has been successfully processed.
[09:29:18] localProcessing Group : elementor-frontend
[09:29:18] Asset (handle: elementor-frontend) in group styles has been successfully processed.
[09:29:19] localProcessing Group : elementor-post-2878
[09:29:19] Asset (handle: elementor-post-2878) in group styles has been successfully processed.
[09:29:20] localProcessing Group : elementor-pro
[09:29:20] Asset (handle: elementor-pro) in group styles has been successfully processed.
[09:29:21] localProcessing Group : pojo-css-framework
[09:29:21] Asset (handle: pojo-css-framework) in group styles has been successfully processed.
[09:33:46] localProcessing Group : wpmu-wpmu-ui-3-min-css
[09:33:46] Asset (handle: wpmu-wpmu-ui-3-min-css) in group styles has been successfully processed.
[09:33:47] localProcessing Group : wpmu-animate-3-min-css
[09:33:47] Asset (handle: wpmu-animate-3-min-css) in group styles has been successfully processed.
[09:33:48] localProcessing Group : photoswipe
[09:33:48] Asset (handle: photoswipe) in group styles has been successfully processed.
[09:33:49] localProcessing Group : photoswipe-skin
[09:33:49] Asset (handle: photoswipe-skin) in group styles has been successfully processed.
[09:33:50] localProcessing Group : pojo-base-style
[09:33:50] Asset (handle: pojo-base-style) in group styles has been successfully processed.
[09:33:51] localProcessing Group : pojo-style
[09:33:51] Asset (handle: pojo-style) in group styles has been successfully processed.
[09:33:51] localProcessing Group : pojo-base-style-rtl
[09:33:51] Asset (handle: pojo-base-style-rtl) in group styles has been successfully processed.
[09:33:52] localProcessing Group : pojo-style-rtl
[09:33:52] Asset (handle: pojo-style-rtl) in group styles has been successfully processed.
