[03:18:11] localProcessing Group : fix-smartphone-elementor
[03:18:11] Asset (handle: fix-smartphone-elementor) in group styles has been successfully processed.
[03:18:12] localProcessing Group : rs-plugin-settings
[03:18:12] Asset (handle: rs-plugin-settings) in group styles has been successfully processed.
[03:18:13] localProcessing Group : wdsi
[03:18:13] Asset (handle: wdsi) in group styles has been successfully processed.
[03:18:14] localProcessing Group : uaf_client_css
[03:18:14] localProcessing Group : twentyseventeen-style
[03:18:14] Asset (handle: twentyseventeen-style) in group styles has been successfully processed.
[03:18:15] localProcessing Group : twentyseventeen-ie8
[03:18:15] Asset (handle: twentyseventeen-ie8) in group styles has been successfully processed.
[03:18:16] localProcessing Group : wpmu-wpmu-ui-3-min-css
[03:18:16] Asset (handle: wpmu-wpmu-ui-3-min-css) in group styles has been successfully processed.
[03:18:17] localProcessing Group : wpmu-animate-3-min-css
[03:18:17] Asset (handle: wpmu-animate-3-min-css) in group styles has been successfully processed.
[10:08:37] localProcessing Group : jquery-core
[10:08:37] Asset (handle: jquery-core) in group scripts has been successfully processed.
[10:08:40] localProcessing Group : jquery-migrate
[10:08:40] Asset (handle: jquery-migrate) in group scripts has been successfully processed.
[10:08:41] localProcessing Group : tp-tools
[10:08:41] Asset (handle: tp-tools) in group scripts has been successfully processed.
[10:08:42] localProcessing Group : revmin
[10:08:42] Asset (handle: revmin) in group scripts has been successfully processed.
[10:08:43] localProcessing Group : wdsi
[10:08:43] Asset (handle: wdsi) in group scripts has been successfully processed.
[10:08:44] localProcessing Group : html5
[10:08:44] Asset (handle: html5) in group scripts has been successfully processed.
[10:08:45] localProcessing Group : WebgroupUtils
[10:08:45] Asset (handle: WebgroupUtils) in group scripts has been successfully processed.
