[14:12:47] localProcessing Group : dashicons
[14:12:47] Asset (handle: dashicons) in group styles has been successfully processed.
[14:12:49] localProcessing Group : admin-bar
[14:12:49] Asset (handle: admin-bar) in group styles has been successfully processed.
[14:12:50] localProcessing Group : fix-smartphone-elementor
[14:12:50] Asset (handle: fix-smartphone-elementor) in group styles has been successfully processed.
[14:12:51] localProcessing Group : rs-plugin-settings
[14:12:51] Asset (handle: rs-plugin-settings) in group styles has been successfully processed.
[14:12:52] localProcessing Group : wdsi
[14:12:52] Asset (handle: wdsi) in group styles has been successfully processed.
[14:12:53] localProcessing Group : uaf_client_css
[14:12:53] localProcessing Group : pojo-a11y
[14:12:53] Asset (handle: pojo-a11y) in group styles has been successfully processed.
[14:12:54] localProcessing Group : elementor-icons
[14:12:54] Asset (handle: elementor-icons) in group styles has been successfully processed.
[14:13:23] localProcessing Group : font-awesome
[14:13:23] Asset (handle: font-awesome) in group styles has been successfully processed.
[14:13:24] localProcessing Group : elementor-animations
[14:13:24] Asset (handle: elementor-animations) in group styles has been successfully processed.
[14:13:26] localProcessing Group : elementor-frontend
[14:13:26] Asset (handle: elementor-frontend) in group styles has been successfully processed.
[14:13:27] localProcessing Group : elementor-pro
[14:13:27] Asset (handle: elementor-pro) in group styles has been successfully processed.
[14:13:29] localProcessing Group : editor-preview
[14:13:29] Asset (handle: editor-preview) in group styles has been successfully processed.
[14:13:30] localProcessing Group : briar-elementor
[14:13:30] Asset (handle: briar-elementor) in group styles has been successfully processed.
[14:13:31] localProcessing Group : flatpickr
[14:13:31] Asset (handle: flatpickr) in group styles has been successfully processed.
[14:13:32] localProcessing Group : pojo-css-framework
[14:13:32] Asset (handle: pojo-css-framework) in group styles has been successfully processed.
[14:14:10] localProcessing Group : wpmu-wpmu-ui-3-min-css
[14:14:10] Asset (handle: wpmu-wpmu-ui-3-min-css) in group styles has been successfully processed.
[14:14:11] localProcessing Group : wpmu-animate-3-min-css
[14:14:11] Asset (handle: wpmu-animate-3-min-css) in group styles has been successfully processed.
[14:14:12] localProcessing Group : photoswipe
[14:14:12] Asset (handle: photoswipe) in group styles has been successfully processed.
[14:14:13] localProcessing Group : photoswipe-skin
[14:14:13] Asset (handle: photoswipe-skin) in group styles has been successfully processed.
[14:14:14] localProcessing Group : pojo-base-style
[14:14:14] Asset (handle: pojo-base-style) in group styles has been successfully processed.
[14:14:15] localProcessing Group : pojo-style
[14:14:15] Asset (handle: pojo-style) in group styles has been successfully processed.
[14:14:15] localProcessing Group : pojo-base-style-rtl
[14:14:15] Asset (handle: pojo-base-style-rtl) in group styles has been successfully processed.
[14:14:16] localProcessing Group : pojo-style-rtl
[14:14:16] Asset (handle: pojo-style-rtl) in group styles has been successfully processed.
[14:14:25] localProcessing Group : admin-bar
[14:14:25] Asset (handle: admin-bar) in group scripts has been successfully processed.
[14:14:26] localProcessing Group : jquery-core
[14:14:26] Asset (handle: jquery-core) in group scripts has been successfully processed.
[14:14:29] localProcessing Group : jquery-migrate
[14:14:29] Asset (handle: jquery-migrate) in group scripts has been successfully processed.
[14:14:29] localProcessing Group : tp-tools
[14:14:29] Asset (handle: tp-tools) in group scripts has been successfully processed.
[14:14:31] localProcessing Group : revmin
[14:14:31] Asset (handle: revmin) in group scripts has been successfully processed.
[14:14:32] localProcessing Group : wdsi
[14:14:32] Asset (handle: wdsi) in group scripts has been successfully processed.
[14:14:33] localProcessing Group : jquery-ui-position
[14:14:33] Asset (handle: jquery-ui-position) in group scripts has been successfully processed.
[14:14:43] localProcessing Group : flatpickr
[14:14:43] Asset (handle: flatpickr) in group scripts has been successfully processed.
[14:14:44] localProcessing Group : comment-reply
[14:14:44] Asset (handle: comment-reply) in group scripts has been successfully processed.
[14:14:45] localProcessing Group : WebgroupUtils
[14:14:45] Asset (handle: WebgroupUtils) in group scripts has been successfully processed.
[14:14:46] localProcessing Group : addPageViewCrmInfoScript
[14:14:46] Asset (handle: addPageViewCrmInfoScript) in group scripts has been successfully processed.
[14:14:47] localProcessing Group : addDiviFormCrmInfoScript
[14:14:47] Asset (handle: addDiviFormCrmInfoScript) in group scripts has been successfully processed.
[14:14:48] localProcessing Group : replacePhoneNumbersByChannelId
[14:14:48] Asset (handle: replacePhoneNumbersByChannelId) in group scripts has been successfully processed.
[14:14:48] localProcessing Group : pojo-forms
[14:14:48] Asset (handle: pojo-forms) in group scripts has been successfully processed.
[14:14:49] localProcessing Group : pojo-a11y
[14:14:49] Asset (handle: pojo-a11y) in group scripts has been successfully processed.
[14:15:01] localProcessing Group : elementor-pro-frontend
[14:15:01] Asset (handle: elementor-pro-frontend) in group scripts has been successfully processed.
[14:15:02] localProcessing Group : elementor-dialog
[14:15:02] Asset (handle: elementor-dialog) in group scripts has been successfully processed.
[14:15:03] localProcessing Group : elementor-waypoints
[14:15:03] Asset (handle: elementor-waypoints) in group scripts has been successfully processed.
[14:15:04] localProcessing Group : jquery-swiper
[14:15:04] Asset (handle: jquery-swiper) in group scripts has been successfully processed.
[14:15:05] localProcessing Group : elementor-frontend
[14:15:05] Asset (handle: elementor-frontend) in group scripts has been successfully processed.
[14:15:06] localProcessing Group : briar-elementor
[14:15:06] Asset (handle: briar-elementor) in group scripts has been successfully processed.
[14:15:07] localProcessing Group : jquery-slick
[14:15:07] Asset (handle: jquery-slick) in group scripts has been successfully processed.
[14:15:08] localProcessing Group : jquery-numerator
[14:15:08] Asset (handle: jquery-numerator) in group scripts has been successfully processed.
[14:15:20] localProcessing Group : imagesloaded
[14:15:20] Asset (handle: imagesloaded) in group scripts has been successfully processed.
[14:15:21] localProcessing Group : smartmenus
[14:15:21] Asset (handle: smartmenus) in group scripts has been successfully processed.
[14:15:23] localProcessing Group : social-share
[14:15:23] Asset (handle: social-share) in group scripts has been successfully processed.
[14:15:24] localProcessing Group : elementor-inline-editor
[14:15:24] Asset (handle: elementor-inline-editor) in group scripts has been successfully processed.
[14:15:25] localProcessing Group : pojo-plugins
[14:15:25] Asset (handle: pojo-plugins) in group scripts has been successfully processed.
[14:15:26] localProcessing Group : pojo-scripts
[14:15:26] Asset (handle: pojo-scripts) in group scripts has been successfully processed.
[14:15:27] localProcessing Group : wpmu-wpmu-ui-3-min-js
[14:15:27] Asset (handle: wpmu-wpmu-ui-3-min-js) in group scripts has been successfully processed.
[14:15:29] localProcessing Group : wpmu-public-min-js
[14:15:29] Asset (handle: wpmu-public-min-js) in group scripts has been successfully processed.
[14:15:36] localProcessing Group : masterslider
[14:15:36] Asset (handle: masterslider) in group scripts has been successfully processed.
[14:15:37] localProcessing Group : photoswipe
[14:15:37] Asset (handle: photoswipe) in group scripts has been successfully processed.
[14:15:38] localProcessing Group : photoswipe-ui
[14:15:38] Asset (handle: photoswipe-ui) in group scripts has been successfully processed.
[14:15:39] localProcessing Group : pojo-lightbox-app
[14:15:39] Asset (handle: pojo-lightbox-app) in group scripts has been successfully processed.
[14:15:40] localProcessing Group : pojo-news-ticker
[14:15:40] Asset (handle: pojo-news-ticker) in group scripts has been successfully processed.
[14:15:41] localProcessing Group : wp-embed
[14:15:41] Asset (handle: wp-embed) in group scripts has been successfully processed.
[14:28:46] localProcessing Group : yoast-seo-adminbar
[14:28:46] Asset (handle: yoast-seo-adminbar) in group styles has been successfully processed.
[14:28:47] localProcessing Group : duplicate-post
[14:28:47] Asset (handle: duplicate-post) in group styles has been successfully processed.
[14:28:48] localProcessing Group : elementor-post-1461
[14:28:48] Asset (handle: elementor-post-1461) in group styles has been successfully processed.
[14:29:12] localProcessing Group : elementor-post-2083
[14:29:12] Asset (handle: elementor-post-2083) in group styles has been successfully processed.
[09:30:34] localProcessing Group : elementor-post-2096
[09:30:34] Asset (handle: elementor-post-2096) in group styles has been successfully processed.
