[19:14:44] localProcessing Group : fix-smartphone-elementor
[19:14:44] Asset (handle: fix-smartphone-elementor) in group styles has been successfully processed.
[19:14:45] localProcessing Group : rs-plugin-settings
[19:14:45] Asset (handle: rs-plugin-settings) in group styles has been successfully processed.
[19:14:46] localProcessing Group : wdsi
[19:14:46] Asset (handle: wdsi) in group styles has been successfully processed.
[19:14:47] localProcessing Group : uaf_client_css
[19:14:47] localProcessing Group : twentyseventeen-style
[19:14:47] Asset (handle: twentyseventeen-style) in group styles has been successfully processed.
[19:14:49] localProcessing Group : twentyseventeen-ie8
[19:14:49] Asset (handle: twentyseventeen-ie8) in group styles has been successfully processed.
[19:14:49] localProcessing Group : wpmu-wpmu-ui-3-min-css
[19:14:49] Asset (handle: wpmu-wpmu-ui-3-min-css) in group styles has been successfully processed.
[19:14:50] localProcessing Group : wpmu-animate-3-min-css
[19:14:50] Asset (handle: wpmu-animate-3-min-css) in group styles has been successfully processed.
[19:31:00] localProcessing Group : jquery-core
[19:31:00] Asset (handle: jquery-core) in group scripts has been successfully processed.
[19:31:02] localProcessing Group : jquery-migrate
[19:31:02] Asset (handle: jquery-migrate) in group scripts has been successfully processed.
[19:31:03] localProcessing Group : tp-tools
[19:31:03] Asset (handle: tp-tools) in group scripts has been successfully processed.
[19:31:04] localProcessing Group : revmin
[19:31:04] Asset (handle: revmin) in group scripts has been successfully processed.
[19:31:06] localProcessing Group : wdsi
[19:31:06] Asset (handle: wdsi) in group scripts has been successfully processed.
[19:31:06] localProcessing Group : html5
[19:31:06] Asset (handle: html5) in group scripts has been successfully processed.
[19:31:07] localProcessing Group : WebgroupUtils
[19:31:07] Asset (handle: WebgroupUtils) in group scripts has been successfully processed.
[19:53:30] localProcessing Group : addPageViewCrmInfoScript
[19:53:30] Asset (handle: addPageViewCrmInfoScript) in group scripts has been successfully processed.
[19:53:31] localProcessing Group : addDiviFormCrmInfoScript
[19:53:31] Asset (handle: addDiviFormCrmInfoScript) in group scripts has been successfully processed.
[19:53:32] localProcessing Group : replacePhoneNumbersByChannelId
[19:53:32] Asset (handle: replacePhoneNumbersByChannelId) in group scripts has been successfully processed.
[19:53:32] localProcessing Group : twentyseventeen-skip-link-focus-fix
[19:53:32] Asset (handle: twentyseventeen-skip-link-focus-fix) in group scripts has been successfully processed.
[19:53:33] localProcessing Group : twentyseventeen-global
[19:53:33] Asset (handle: twentyseventeen-global) in group scripts has been successfully processed.
[19:53:34] localProcessing Group : jquery-scrollto
[19:53:34] Asset (handle: jquery-scrollto) in group scripts has been successfully processed.
[19:53:35] localProcessing Group : wpmu-wpmu-ui-3-min-js
[19:53:35] Asset (handle: wpmu-wpmu-ui-3-min-js) in group scripts has been successfully processed.
[19:53:36] localProcessing Group : wpmu-public-min-js
[19:53:36] Asset (handle: wpmu-public-min-js) in group scripts has been successfully processed.
[21:48:10] localProcessing Group : wp-embed
[21:48:10] Asset (handle: wp-embed) in group scripts has been successfully processed.
[01:12:41] localProcessing Group : comment-reply
[01:12:41] Asset (handle: comment-reply) in group scripts has been successfully processed.
[10:16:11] localProcessing Group : elementor-icons
[10:16:11] Asset (handle: elementor-icons) in group styles has been successfully processed.
[10:16:12] localProcessing Group : font-awesome
[10:16:12] Asset (handle: font-awesome) in group styles has been successfully processed.
[10:16:13] localProcessing Group : elementor-animations
[10:16:13] Asset (handle: elementor-animations) in group styles has been successfully processed.
[10:16:14] localProcessing Group : elementor-frontend
[10:16:14] Asset (handle: elementor-frontend) in group styles has been successfully processed.
[10:16:15] localProcessing Group : elementor-global
[10:16:15] Asset (handle: elementor-global) in group styles has been successfully processed.
[10:16:16] localProcessing Group : elementor-post-179
[10:16:16] Asset (handle: elementor-post-179) in group styles has been successfully processed.
[10:16:17] localProcessing Group : elementor-pro
[10:16:17] Asset (handle: elementor-pro) in group styles has been successfully processed.
[10:16:18] localProcessing Group : briar-elementor
[10:16:18] Asset (handle: briar-elementor) in group styles has been successfully processed.
