[15:33:15] localProcessing Group : fix-smartphone-elementor
[15:33:15] Asset (handle: fix-smartphone-elementor) in group styles has been successfully processed.
[15:33:16] localProcessing Group : rs-plugin-settings
[15:33:16] Asset (handle: rs-plugin-settings) in group styles has been successfully processed.
[15:33:17] localProcessing Group : wdsi
[15:33:17] Asset (handle: wdsi) in group styles has been successfully processed.
[15:33:18] localProcessing Group : uaf_client_css
[15:33:18] localProcessing Group : pojo-a11y
[15:33:18] Asset (handle: pojo-a11y) in group styles has been successfully processed.
[15:33:19] localProcessing Group : pojo-css-framework
[15:33:19] Asset (handle: pojo-css-framework) in group styles has been successfully processed.
[15:33:20] localProcessing Group : font-awesome
[15:33:20] Asset (handle: font-awesome) in group styles has been successfully processed.
[15:33:21] localProcessing Group : wpmu-wpmu-ui-3-min-css
[15:33:21] Asset (handle: wpmu-wpmu-ui-3-min-css) in group styles has been successfully processed.
[15:38:22] localProcessing Group : wpmu-animate-3-min-css
[15:38:22] Asset (handle: wpmu-animate-3-min-css) in group styles has been successfully processed.
[15:38:23] localProcessing Group : photoswipe
[15:38:23] Asset (handle: photoswipe) in group styles has been successfully processed.
[15:38:24] localProcessing Group : photoswipe-skin
[15:38:24] Asset (handle: photoswipe-skin) in group styles has been successfully processed.
[15:38:24] localProcessing Group : pojo-base-style
[15:38:24] Asset (handle: pojo-base-style) in group styles has been successfully processed.
[15:38:25] localProcessing Group : pojo-style
[15:38:25] Asset (handle: pojo-style) in group styles has been successfully processed.
[15:38:25] localProcessing Group : pojo-base-style-rtl
[15:38:25] Asset (handle: pojo-base-style-rtl) in group styles has been successfully processed.
[15:38:26] localProcessing Group : pojo-style-rtl
[15:38:26] Asset (handle: pojo-style-rtl) in group styles has been successfully processed.
[15:38:26] localProcessing Group : jquery-core
[15:38:26] Asset (handle: jquery-core) in group scripts has been successfully processed.
[16:39:40] localProcessing Group : jquery-migrate
[16:39:40] Asset (handle: jquery-migrate) in group scripts has been successfully processed.
[16:39:41] localProcessing Group : tp-tools
[16:39:41] Asset (handle: tp-tools) in group scripts has been successfully processed.
[16:39:42] localProcessing Group : revmin
[16:39:42] Asset (handle: revmin) in group scripts has been successfully processed.
[16:39:43] localProcessing Group : wdsi
[16:39:43] Asset (handle: wdsi) in group scripts has been successfully processed.
[16:39:44] localProcessing Group : WebgroupUtils
[16:39:44] Asset (handle: WebgroupUtils) in group scripts has been successfully processed.
[16:39:45] localProcessing Group : addPageViewCrmInfoScript
[16:39:45] Asset (handle: addPageViewCrmInfoScript) in group scripts has been successfully processed.
[16:39:46] localProcessing Group : addDiviFormCrmInfoScript
[16:39:46] Asset (handle: addDiviFormCrmInfoScript) in group scripts has been successfully processed.
[16:42:34] localProcessing Group : replacePhoneNumbersByChannelId
[16:42:34] Asset (handle: replacePhoneNumbersByChannelId) in group scripts has been successfully processed.
[16:42:35] localProcessing Group : pojo-forms
[16:42:35] Asset (handle: pojo-forms) in group scripts has been successfully processed.
[16:42:36] localProcessing Group : pojo-a11y
[16:42:36] Asset (handle: pojo-a11y) in group scripts has been successfully processed.
[16:42:37] localProcessing Group : pojo-plugins
[16:42:37] Asset (handle: pojo-plugins) in group scripts has been successfully processed.
[16:42:38] localProcessing Group : pojo-scripts
[16:42:38] Asset (handle: pojo-scripts) in group scripts has been successfully processed.
[16:42:39] localProcessing Group : wpmu-wpmu-ui-3-min-js
[16:42:39] Asset (handle: wpmu-wpmu-ui-3-min-js) in group scripts has been successfully processed.
[16:42:40] localProcessing Group : wpmu-public-min-js
[16:42:40] Asset (handle: wpmu-public-min-js) in group scripts has been successfully processed.
[16:42:41] localProcessing Group : masterslider
[16:42:41] Asset (handle: masterslider) in group scripts has been successfully processed.
[16:51:06] localProcessing Group : photoswipe
[16:51:06] Asset (handle: photoswipe) in group scripts has been successfully processed.
[16:51:07] localProcessing Group : photoswipe-ui
[16:51:07] Asset (handle: photoswipe-ui) in group scripts has been successfully processed.
[16:51:08] localProcessing Group : pojo-lightbox-app
[16:51:08] Asset (handle: pojo-lightbox-app) in group scripts has been successfully processed.
[16:51:08] localProcessing Group : pojo-news-ticker
[16:51:08] Asset (handle: pojo-news-ticker) in group scripts has been successfully processed.
[16:51:09] localProcessing Group : wp-embed
[16:51:09] Asset (handle: wp-embed) in group scripts has been successfully processed.
[19:19:37] localProcessing Group : comment-reply
[19:19:37] Asset (handle: comment-reply) in group scripts has been successfully processed.
[01:22:19] localProcessing Group : elementor-icons
[01:22:20] Asset (handle: elementor-icons) in group styles has been successfully processed.
[01:22:20] localProcessing Group : elementor-animations
[01:22:20] Asset (handle: elementor-animations) in group styles has been successfully processed.
[01:22:21] localProcessing Group : elementor-frontend
[01:22:21] Asset (handle: elementor-frontend) in group styles has been successfully processed.
[01:22:22] localProcessing Group : elementor-post-1467
[01:22:22] Asset (handle: elementor-post-1467) in group styles has been successfully processed.
[01:22:23] localProcessing Group : elementor-pro
[01:22:23] Asset (handle: elementor-pro) in group styles has been successfully processed.
[01:22:24] localProcessing Group : briar-elementor
[01:22:24] Asset (handle: briar-elementor) in group styles has been successfully processed.
[01:22:25] localProcessing Group : imagesloaded
[01:22:25] Asset (handle: imagesloaded) in group scripts has been successfully processed.
[01:22:25] localProcessing Group : jquery-slick
[01:22:25] Asset (handle: jquery-slick) in group scripts has been successfully processed.
[01:52:23] localProcessing Group : elementor-pro-frontend
[01:52:23] Asset (handle: elementor-pro-frontend) in group scripts has been successfully processed.
[01:52:24] localProcessing Group : jquery-ui-position
[01:52:24] Asset (handle: jquery-ui-position) in group scripts has been successfully processed.
[01:52:25] localProcessing Group : elementor-dialog
[01:52:25] Asset (handle: elementor-dialog) in group scripts has been successfully processed.
[01:52:26] localProcessing Group : elementor-waypoints
[01:52:26] Asset (handle: elementor-waypoints) in group scripts has been successfully processed.
[01:52:27] localProcessing Group : jquery-swiper
[01:52:27] Asset (handle: jquery-swiper) in group scripts has been successfully processed.
[01:52:28] localProcessing Group : elementor-frontend
[01:52:28] Asset (handle: elementor-frontend) in group scripts has been successfully processed.
[01:52:29] localProcessing Group : briar-elementor
[01:52:29] Asset (handle: briar-elementor) in group scripts has been successfully processed.
[07:09:32] localProcessing Group : elementor-post-2258
[07:09:32] Asset (handle: elementor-post-2258) in group styles has been successfully processed.
[07:25:19] localProcessing Group : elementor-post-2697
[07:25:19] Asset (handle: elementor-post-2697) in group styles has been successfully processed.
[07:27:12] localProcessing Group : elementor-post-2976
[07:27:12] Asset (handle: elementor-post-2976) in group styles has been successfully processed.
