[20:53:32] localProcessing Group : fix-smartphone-elementor
[20:53:32] Asset (handle: fix-smartphone-elementor) in group styles has been successfully processed.
[20:53:33] localProcessing Group : rs-plugin-settings
[20:53:33] Asset (handle: rs-plugin-settings) in group styles has been successfully processed.
[20:53:34] localProcessing Group : wdsi
[20:53:34] Asset (handle: wdsi) in group styles has been successfully processed.
[20:53:35] localProcessing Group : uaf_client_css
[20:53:35] localProcessing Group : wpah-front-styles
[20:53:35] Asset (handle: wpah-front-styles) in group styles has been successfully processed.
[20:53:35] localProcessing Group : twentyseventeen-style
[20:53:35] Asset (handle: twentyseventeen-style) in group styles has been successfully processed.
[20:53:37] localProcessing Group : twentyseventeen-ie8
[20:53:37] Asset (handle: twentyseventeen-ie8) in group styles has been successfully processed.
[20:53:37] localProcessing Group : elementor-icons
[20:53:37] Asset (handle: elementor-icons) in group styles has been successfully processed.
[23:51:15] localProcessing Group : font-awesome
[23:51:15] Asset (handle: font-awesome) in group styles has been successfully processed.
[23:51:16] localProcessing Group : elementor-animations
[23:51:16] Asset (handle: elementor-animations) in group styles has been successfully processed.
[23:51:17] localProcessing Group : elementor-frontend
[23:51:17] Asset (handle: elementor-frontend) in group styles has been successfully processed.
[23:51:18] localProcessing Group : elementor-global
[23:51:18] Asset (handle: elementor-global) in group styles has been successfully processed.
[23:51:19] localProcessing Group : elementor-post-153
[23:51:19] Asset (handle: elementor-post-153) in group styles has been successfully processed.
[23:51:20] localProcessing Group : elementor-pro
[23:51:20] Asset (handle: elementor-pro) in group styles has been successfully processed.
[23:51:21] localProcessing Group : wpmu-wpmu-ui-3-min-css
[23:51:21] Asset (handle: wpmu-wpmu-ui-3-min-css) in group styles has been successfully processed.
[23:51:22] localProcessing Group : wpmu-animate-3-min-css
[23:51:22] Asset (handle: wpmu-animate-3-min-css) in group styles has been successfully processed.
[01:12:05] localProcessing Group : jquery-core
[01:12:05] Asset (handle: jquery-core) in group scripts has been successfully processed.
[01:12:08] localProcessing Group : jquery-migrate
[01:12:08] Asset (handle: jquery-migrate) in group scripts has been successfully processed.
[01:12:09] localProcessing Group : tp-tools
[01:12:09] Asset (handle: tp-tools) in group scripts has been successfully processed.
[01:12:10] localProcessing Group : revmin
[01:12:10] Asset (handle: revmin) in group scripts has been successfully processed.
[01:12:12] localProcessing Group : wdsi
[01:12:12] Asset (handle: wdsi) in group scripts has been successfully processed.
[01:12:13] localProcessing Group : html5
[01:12:13] Asset (handle: html5) in group scripts has been successfully processed.
[01:12:14] localProcessing Group : briar-elementor
[01:12:14] Asset (handle: briar-elementor) in group styles has been successfully processed.
[04:52:48] localProcessing Group : WebgroupUtils
[04:52:48] Asset (handle: WebgroupUtils) in group scripts has been successfully processed.
[04:52:49] localProcessing Group : addPageViewCrmInfoScript
[04:52:49] Asset (handle: addPageViewCrmInfoScript) in group scripts has been successfully processed.
[04:52:50] localProcessing Group : addDiviFormCrmInfoScript
[04:52:50] Asset (handle: addDiviFormCrmInfoScript) in group scripts has been successfully processed.
[04:52:50] localProcessing Group : replacePhoneNumbersByChannelId
[04:52:50] Asset (handle: replacePhoneNumbersByChannelId) in group scripts has been successfully processed.
[04:52:51] localProcessing Group : wp-accessibility-helper
[04:52:51] Asset (handle: wp-accessibility-helper) in group scripts has been successfully processed.
[04:52:52] localProcessing Group : twentyseventeen-skip-link-focus-fix
[04:52:52] Asset (handle: twentyseventeen-skip-link-focus-fix) in group scripts has been successfully processed.
[04:52:52] localProcessing Group : twentyseventeen-global
[04:52:52] Asset (handle: twentyseventeen-global) in group scripts has been successfully processed.
[04:52:53] localProcessing Group : jquery-scrollto
[04:52:53] Asset (handle: jquery-scrollto) in group scripts has been successfully processed.
[04:53:16] localProcessing Group : wpmu-wpmu-ui-3-min-js
[04:53:16] Asset (handle: wpmu-wpmu-ui-3-min-js) in group scripts has been successfully processed.
[04:53:17] localProcessing Group : wpmu-public-min-js
[04:53:17] Asset (handle: wpmu-public-min-js) in group scripts has been successfully processed.
[04:53:18] localProcessing Group : wp-embed
[04:53:18] Asset (handle: wp-embed) in group scripts has been successfully processed.
[04:53:18] localProcessing Group : imagesloaded
[04:53:18] Asset (handle: imagesloaded) in group scripts has been successfully processed.
[04:53:19] localProcessing Group : jquery-slick
[04:53:19] Asset (handle: jquery-slick) in group scripts has been successfully processed.
[04:53:20] localProcessing Group : elementor-pro-frontend
[04:53:20] Asset (handle: elementor-pro-frontend) in group scripts has been successfully processed.
[04:53:21] localProcessing Group : jquery-ui-position
[04:53:21] Asset (handle: jquery-ui-position) in group scripts has been successfully processed.
[04:53:22] localProcessing Group : elementor-dialog
[04:53:22] Asset (handle: elementor-dialog) in group scripts has been successfully processed.
[04:53:47] localProcessing Group : elementor-waypoints
[04:53:47] Asset (handle: elementor-waypoints) in group scripts has been successfully processed.
[04:53:48] localProcessing Group : jquery-swiper
[04:53:48] Asset (handle: jquery-swiper) in group scripts has been successfully processed.
[04:53:49] localProcessing Group : elementor-frontend
[04:53:49] Asset (handle: elementor-frontend) in group scripts has been successfully processed.
[04:53:50] localProcessing Group : briar-elementor
[04:53:50] Asset (handle: briar-elementor) in group scripts has been successfully processed.
