[17:27:28] localProcessing Group : fix-smartphone-elementor
[17:27:28] Asset (handle: fix-smartphone-elementor) in group styles has been successfully processed.
[17:27:28] localProcessing Group : rs-plugin-settings
[17:27:28] Asset (handle: rs-plugin-settings) in group styles has been successfully processed.
[17:27:30] localProcessing Group : wdsi
[17:27:30] Asset (handle: wdsi) in group styles has been successfully processed.
[17:27:30] localProcessing Group : uaf_client_css
[17:27:31] localProcessing Group : twentyseventeen-style
[17:27:31] Asset (handle: twentyseventeen-style) in group styles has been successfully processed.
[17:27:32] localProcessing Group : twentyseventeen-ie8
[17:27:32] Asset (handle: twentyseventeen-ie8) in group styles has been successfully processed.
[17:27:33] localProcessing Group : wpmu-wpmu-ui-3-min-css
[17:27:33] Asset (handle: wpmu-wpmu-ui-3-min-css) in group styles has been successfully processed.
[17:27:33] localProcessing Group : wpmu-animate-3-min-css
[17:27:33] Asset (handle: wpmu-animate-3-min-css) in group styles has been successfully processed.
[19:04:49] localProcessing Group : jquery-core
[19:04:49] Asset (handle: jquery-core) in group scripts has been successfully processed.
[19:04:52] localProcessing Group : jquery-migrate
[19:04:52] Asset (handle: jquery-migrate) in group scripts has been successfully processed.
[19:04:53] localProcessing Group : tp-tools
[19:04:53] Asset (handle: tp-tools) in group scripts has been successfully processed.
[19:04:54] localProcessing Group : revmin
[19:04:54] Asset (handle: revmin) in group scripts has been successfully processed.
[19:04:55] localProcessing Group : wdsi
[19:04:55] Asset (handle: wdsi) in group scripts has been successfully processed.
[19:04:56] localProcessing Group : html5
[19:04:56] Asset (handle: html5) in group scripts has been successfully processed.
[19:04:57] localProcessing Group : WebgroupUtils
[19:04:57] Asset (handle: WebgroupUtils) in group scripts has been successfully processed.
[22:23:54] localProcessing Group : addPageViewCrmInfoScript
[22:23:54] Asset (handle: addPageViewCrmInfoScript) in group scripts has been successfully processed.
[22:23:55] localProcessing Group : addDiviFormCrmInfoScript
[22:23:55] Asset (handle: addDiviFormCrmInfoScript) in group scripts has been successfully processed.
[22:23:56] localProcessing Group : replacePhoneNumbersByChannelId
[22:23:56] Asset (handle: replacePhoneNumbersByChannelId) in group scripts has been successfully processed.
[22:23:57] localProcessing Group : twentyseventeen-skip-link-focus-fix
[22:23:57] Asset (handle: twentyseventeen-skip-link-focus-fix) in group scripts has been successfully processed.
[22:23:58] localProcessing Group : twentyseventeen-global
[22:23:58] Asset (handle: twentyseventeen-global) in group scripts has been successfully processed.
[22:23:59] localProcessing Group : jquery-scrollto
[22:23:59] Asset (handle: jquery-scrollto) in group scripts has been successfully processed.
[22:24:00] localProcessing Group : wpmu-wpmu-ui-3-min-js
[22:24:00] Asset (handle: wpmu-wpmu-ui-3-min-js) in group scripts has been successfully processed.
[22:24:01] localProcessing Group : wpmu-public-min-js
[22:24:01] Asset (handle: wpmu-public-min-js) in group scripts has been successfully processed.
[02:13:21] localProcessing Group : wp-embed
[02:13:21] Asset (handle: wp-embed) in group scripts has been successfully processed.
