[14:59:32] localProcessing Group : fix-smartphone-elementor
[14:59:32] Asset (handle: fix-smartphone-elementor) in group styles has been successfully processed.
[14:59:33] localProcessing Group : rs-plugin-settings
[14:59:33] Asset (handle: rs-plugin-settings) in group styles has been successfully processed.
[14:59:35] localProcessing Group : wdsi
[14:59:35] Asset (handle: wdsi) in group styles has been successfully processed.
[14:59:36] localProcessing Group : uaf_client_css
[14:59:36] localProcessing Group : yaron2-parent-style
[14:59:36] Asset (handle: yaron2-parent-style) in group styles has been successfully processed.
[14:59:37] localProcessing Group : yaron2-child-aronot-style
[14:59:37] Asset (handle: yaron2-child-aronot-style) in group styles has been successfully processed.
[14:59:38] localProcessing Group : pojo-a11y
[14:59:38] Asset (handle: pojo-a11y) in group styles has been successfully processed.
[14:59:40] localProcessing Group : elementor-icons
[14:59:40] Asset (handle: elementor-icons) in group styles has been successfully processed.
[16:25:09] localProcessing Group : font-awesome
[16:25:09] Asset (handle: font-awesome) in group styles has been successfully processed.
[16:25:11] localProcessing Group : elementor-animations
[16:25:11] Asset (handle: elementor-animations) in group styles has been successfully processed.
[16:25:12] localProcessing Group : elementor-frontend
[16:25:12] Asset (handle: elementor-frontend) in group styles has been successfully processed.
[16:25:13] localProcessing Group : elementor-post-2853
[16:25:13] Asset (handle: elementor-post-2853) in group styles has been successfully processed.
[16:25:14] localProcessing Group : elementor-pro
[16:25:14] Asset (handle: elementor-pro) in group styles has been successfully processed.
[16:25:15] localProcessing Group : pojo-css-framework
[16:25:15] Asset (handle: pojo-css-framework) in group styles has been successfully processed.
[16:25:17] localProcessing Group : wpmu-wpmu-ui-3-min-css
[16:25:17] Asset (handle: wpmu-wpmu-ui-3-min-css) in group styles has been successfully processed.
[16:25:18] localProcessing Group : wpmu-animate-3-min-css
[16:25:18] Asset (handle: wpmu-animate-3-min-css) in group styles has been successfully processed.
[17:41:11] localProcessing Group : photoswipe
[17:41:11] Asset (handle: photoswipe) in group styles has been successfully processed.
[17:41:12] localProcessing Group : photoswipe-skin
[17:41:12] Asset (handle: photoswipe-skin) in group styles has been successfully processed.
[17:41:13] localProcessing Group : pojo-base-style
[17:41:13] Asset (handle: pojo-base-style) in group styles has been successfully processed.
[17:41:14] localProcessing Group : pojo-style
[17:41:14] Asset (handle: pojo-style) in group styles has been successfully processed.
[17:41:14] localProcessing Group : pojo-base-style-rtl
[17:41:14] Asset (handle: pojo-base-style-rtl) in group styles has been successfully processed.
[17:41:14] localProcessing Group : pojo-style-rtl
[17:41:14] Asset (handle: pojo-style-rtl) in group styles has been successfully processed.
[17:41:14] localProcessing Group : jquery-core
[17:41:14] Asset (handle: jquery-core) in group scripts has been successfully processed.
[17:41:17] localProcessing Group : jquery-migrate
[17:41:17] Asset (handle: jquery-migrate) in group scripts has been successfully processed.
[19:39:02] localProcessing Group : tp-tools
[19:39:02] Asset (handle: tp-tools) in group scripts has been successfully processed.
[19:39:03] localProcessing Group : revmin
[19:39:03] Asset (handle: revmin) in group scripts has been successfully processed.
[19:39:04] localProcessing Group : wdsi
[19:39:04] Asset (handle: wdsi) in group scripts has been successfully processed.
[19:39:05] localProcessing Group : comment-reply
[19:39:05] Asset (handle: comment-reply) in group scripts has been successfully processed.
[19:39:06] localProcessing Group : briar-elementor
[19:39:06] Asset (handle: briar-elementor) in group styles has been successfully processed.
[19:39:07] localProcessing Group : WebgroupUtils
[19:39:07] Asset (handle: WebgroupUtils) in group scripts has been successfully processed.
[19:39:07] localProcessing Group : addPageViewCrmInfoScript
[19:39:07] Asset (handle: addPageViewCrmInfoScript) in group scripts has been successfully processed.
[22:32:26] localProcessing Group : addDiviFormCrmInfoScript
[22:32:26] Asset (handle: addDiviFormCrmInfoScript) in group scripts has been successfully processed.
[22:32:28] localProcessing Group : replacePhoneNumbersByChannelId
[22:32:28] Asset (handle: replacePhoneNumbersByChannelId) in group scripts has been successfully processed.
[22:32:30] localProcessing Group : pojo-forms
[22:32:30] Asset (handle: pojo-forms) in group scripts has been successfully processed.
[22:32:33] localProcessing Group : pojo-a11y
[22:32:33] Asset (handle: pojo-a11y) in group scripts has been successfully processed.
[22:32:34] localProcessing Group : pojo-plugins
[22:32:34] Asset (handle: pojo-plugins) in group scripts has been successfully processed.
[22:32:35] localProcessing Group : pojo-scripts
[22:32:35] Asset (handle: pojo-scripts) in group scripts has been successfully processed.
[22:32:37] localProcessing Group : wpmu-wpmu-ui-3-min-js
[22:32:37] Asset (handle: wpmu-wpmu-ui-3-min-js) in group scripts has been successfully processed.
[22:32:39] localProcessing Group : wpmu-public-min-js
[22:32:39] Asset (handle: wpmu-public-min-js) in group scripts has been successfully processed.
[22:33:44] localProcessing Group : masterslider
[22:33:44] Asset (handle: masterslider) in group scripts has been successfully processed.
[22:33:45] localProcessing Group : photoswipe
[22:33:45] Asset (handle: photoswipe) in group scripts has been successfully processed.
[22:33:46] localProcessing Group : photoswipe-ui
[22:33:46] Asset (handle: photoswipe-ui) in group scripts has been successfully processed.
[22:33:47] localProcessing Group : pojo-lightbox-app
[22:33:47] Asset (handle: pojo-lightbox-app) in group scripts has been successfully processed.
[22:33:48] localProcessing Group : pojo-news-ticker
[22:33:48] Asset (handle: pojo-news-ticker) in group scripts has been successfully processed.
[22:33:49] localProcessing Group : wp-embed
[22:33:49] Asset (handle: wp-embed) in group scripts has been successfully processed.
[22:33:49] localProcessing Group : elementor-pro-frontend
[22:33:49] Asset (handle: elementor-pro-frontend) in group scripts has been successfully processed.
[22:33:50] localProcessing Group : jquery-ui-position
[22:33:50] Asset (handle: jquery-ui-position) in group scripts has been successfully processed.
[22:49:42] localProcessing Group : elementor-dialog
[22:49:42] Asset (handle: elementor-dialog) in group scripts has been successfully processed.
[22:49:42] localProcessing Group : elementor-waypoints
[22:49:42] Asset (handle: elementor-waypoints) in group scripts has been successfully processed.
[22:49:43] localProcessing Group : jquery-swiper
[22:49:43] Asset (handle: jquery-swiper) in group scripts has been successfully processed.
[22:49:44] localProcessing Group : elementor-frontend
[22:49:44] Asset (handle: elementor-frontend) in group scripts has been successfully processed.
[22:49:45] localProcessing Group : briar-elementor
[22:49:45] Asset (handle: briar-elementor) in group scripts has been successfully processed.
