[16:15:08] localProcessing Group : fix-smartphone-elementor
[16:15:08] Asset (handle: fix-smartphone-elementor) in group styles has been successfully processed.
[16:15:09] localProcessing Group : rs-plugin-settings
[16:15:09] Asset (handle: rs-plugin-settings) in group styles has been successfully processed.
[16:15:10] localProcessing Group : wdsi
[16:15:10] Asset (handle: wdsi) in group styles has been successfully processed.
[16:15:11] localProcessing Group : uaf_client_css
[16:15:11] localProcessing Group : wpah-front-styles
[16:15:11] Asset (handle: wpah-front-styles) in group styles has been successfully processed.
[16:15:12] localProcessing Group : berlin-fix-style
[16:15:12] Asset (handle: berlin-fix-style) in group styles has been successfully processed.
[16:15:13] localProcessing Group : elementor-icons
[16:15:13] Asset (handle: elementor-icons) in group styles has been successfully processed.
[16:15:14] localProcessing Group : font-awesome
[16:15:14] Asset (handle: font-awesome) in group styles has been successfully processed.
[19:04:39] localProcessing Group : elementor-animations
[19:04:39] Asset (handle: elementor-animations) in group styles has been successfully processed.
[19:04:40] localProcessing Group : elementor-frontend
[19:04:40] Asset (handle: elementor-frontend) in group styles has been successfully processed.
[19:04:40] localProcessing Group : elementor-post-2623
[19:04:40] Asset (handle: elementor-post-2623) in group styles has been successfully processed.
[19:04:41] localProcessing Group : elementor-pro
[19:04:41] Asset (handle: elementor-pro) in group styles has been successfully processed.
[19:04:42] localProcessing Group : wpmu-wpmu-ui-3-min-css
[19:04:42] Asset (handle: wpmu-wpmu-ui-3-min-css) in group styles has been successfully processed.
[19:04:43] localProcessing Group : wpmu-animate-3-min-css
[19:04:43] Asset (handle: wpmu-animate-3-min-css) in group styles has been successfully processed.
[19:04:44] localProcessing Group : jquery-core
[19:04:44] Asset (handle: jquery-core) in group scripts has been successfully processed.
[19:04:47] localProcessing Group : jquery-migrate
[19:04:47] Asset (handle: jquery-migrate) in group scripts has been successfully processed.
[21:18:53] localProcessing Group : tp-tools
[21:18:53] Asset (handle: tp-tools) in group scripts has been successfully processed.
[21:18:54] localProcessing Group : revmin
[21:18:54] Asset (handle: revmin) in group scripts has been successfully processed.
[21:18:55] localProcessing Group : wdsi
[21:18:55] Asset (handle: wdsi) in group scripts has been successfully processed.
[21:18:55] localProcessing Group : child-script
[21:18:55] Asset (handle: child-script) in group scripts has been successfully processed.
[21:18:57] localProcessing Group : elementor-post-2282
[21:18:57] Asset (handle: elementor-post-2282) in group styles has been successfully processed.
[21:18:57] localProcessing Group : elementor-post-3223
[21:18:57] Asset (handle: elementor-post-3223) in group styles has been successfully processed.
[21:18:58] localProcessing Group : elementor-post-2302
[21:18:58] Asset (handle: elementor-post-2302) in group styles has been successfully processed.
[22:36:14] localProcessing Group : briar-elementor
[22:36:14] Asset (handle: briar-elementor) in group styles has been successfully processed.
[22:36:15] localProcessing Group : WebgroupUtils
[22:36:15] Asset (handle: WebgroupUtils) in group scripts has been successfully processed.
[22:36:16] localProcessing Group : addPageViewCrmInfoScript
[22:36:16] Asset (handle: addPageViewCrmInfoScript) in group scripts has been successfully processed.
[22:36:16] localProcessing Group : addDiviFormCrmInfoScript
[22:36:16] Asset (handle: addDiviFormCrmInfoScript) in group scripts has been successfully processed.
[22:36:17] localProcessing Group : replacePhoneNumbersByChannelId
[22:36:17] Asset (handle: replacePhoneNumbersByChannelId) in group scripts has been successfully processed.
[22:36:18] localProcessing Group : wp-accessibility-helper
[22:36:18] Asset (handle: wp-accessibility-helper) in group scripts has been successfully processed.
[22:36:19] localProcessing Group : wpmu-wpmu-ui-3-min-js
[22:36:19] Asset (handle: wpmu-wpmu-ui-3-min-js) in group scripts has been successfully processed.
[22:36:20] localProcessing Group : wpmu-public-min-js
[22:36:20] Asset (handle: wpmu-public-min-js) in group scripts has been successfully processed.
[22:55:37] localProcessing Group : wp-embed
[22:55:37] Asset (handle: wp-embed) in group scripts has been successfully processed.
[22:55:38] localProcessing Group : smartmenus
[22:55:38] Asset (handle: smartmenus) in group scripts has been successfully processed.
[22:55:38] localProcessing Group : elementor-pro-frontend
[22:55:38] Asset (handle: elementor-pro-frontend) in group scripts has been successfully processed.
[22:55:39] localProcessing Group : jquery-ui-position
[22:55:39] Asset (handle: jquery-ui-position) in group scripts has been successfully processed.
[22:55:40] localProcessing Group : elementor-dialog
[22:55:40] Asset (handle: elementor-dialog) in group scripts has been successfully processed.
[22:55:41] localProcessing Group : elementor-waypoints
[22:55:41] Asset (handle: elementor-waypoints) in group scripts has been successfully processed.
[22:55:42] localProcessing Group : jquery-swiper
[22:55:42] Asset (handle: jquery-swiper) in group scripts has been successfully processed.
[22:55:43] localProcessing Group : elementor-frontend
[22:55:43] Asset (handle: elementor-frontend) in group scripts has been successfully processed.
[02:55:03] localProcessing Group : briar-elementor
[02:55:03] Asset (handle: briar-elementor) in group scripts has been successfully processed.
[03:50:02] localProcessing Group : elementor-post-2096
[03:50:02] Asset (handle: elementor-post-2096) in group styles has been successfully processed.
[03:50:03] localProcessing Group : elementor-post-2347
[03:50:03] Asset (handle: elementor-post-2347) in group styles has been successfully processed.
[03:50:04] localProcessing Group : jquery-slick
[03:50:04] Asset (handle: jquery-slick) in group scripts has been successfully processed.
[03:50:17] localProcessing Group : elementor-post-2717
[03:50:17] Asset (handle: elementor-post-2717) in group styles has been successfully processed.
[03:50:17] localProcessing Group : elementor-post-2694
[03:50:17] Asset (handle: elementor-post-2694) in group styles has been successfully processed.
[07:37:56] localProcessing Group : elementor-post-1461
[07:37:56] Asset (handle: elementor-post-1461) in group styles has been successfully processed.
[10:18:20] localProcessing Group : elementor-post-2100
[10:18:20] Asset (handle: elementor-post-2100) in group styles has been successfully processed.
