[18:04:52] localProcessing Group : fix-smartphone-elementor
[18:04:52] Asset (handle: fix-smartphone-elementor) in group styles has been successfully processed.
[18:04:53] localProcessing Group : rs-plugin-settings
[18:04:53] Asset (handle: rs-plugin-settings) in group styles has been successfully processed.
[18:04:54] localProcessing Group : wdsi
[18:04:54] Asset (handle: wdsi) in group styles has been successfully processed.
[18:04:55] localProcessing Group : uaf_client_css
[18:04:55] localProcessing Group : wpah-front-styles
[18:04:55] Asset (handle: wpah-front-styles) in group styles has been successfully processed.
[18:04:56] localProcessing Group : atlanta-fix-style2
[18:04:56] Asset (handle: atlanta-fix-style2) in group styles has been successfully processed.
[18:04:56] localProcessing Group : atlanta-fix-style3
[18:04:56] Asset (handle: atlanta-fix-style3) in group styles has been successfully processed.
[18:04:57] localProcessing Group : atlanta-fix-style1
[18:04:57] Asset (handle: atlanta-fix-style1) in group styles has been successfully processed.
[20:01:00] localProcessing Group : elementor-icons
[20:01:00] Asset (handle: elementor-icons) in group styles has been successfully processed.
[20:01:01] localProcessing Group : font-awesome
[20:01:01] Asset (handle: font-awesome) in group styles has been successfully processed.
[20:01:02] localProcessing Group : elementor-animations
[20:01:02] Asset (handle: elementor-animations) in group styles has been successfully processed.
[20:01:03] localProcessing Group : elementor-frontend
[20:01:03] Asset (handle: elementor-frontend) in group styles has been successfully processed.
[20:01:04] localProcessing Group : elementor-post-3172
[20:01:04] Asset (handle: elementor-post-3172) in group styles has been successfully processed.
[20:01:05] localProcessing Group : elementor-pro
[20:01:05] Asset (handle: elementor-pro) in group styles has been successfully processed.
[20:01:06] localProcessing Group : wpmu-wpmu-ui-3-min-css
[20:01:06] Asset (handle: wpmu-wpmu-ui-3-min-css) in group styles has been successfully processed.
[20:01:07] localProcessing Group : wpmu-animate-3-min-css
[20:01:07] Asset (handle: wpmu-animate-3-min-css) in group styles has been successfully processed.
[20:45:15] localProcessing Group : jquery-core
[20:45:15] Asset (handle: jquery-core) in group scripts has been successfully processed.
[20:45:17] localProcessing Group : jquery-migrate
[20:45:17] Asset (handle: jquery-migrate) in group scripts has been successfully processed.
[20:45:18] localProcessing Group : tp-tools
[20:45:18] Asset (handle: tp-tools) in group scripts has been successfully processed.
[20:45:19] localProcessing Group : revmin
[20:45:19] Asset (handle: revmin) in group scripts has been successfully processed.
[20:45:20] localProcessing Group : wdsi
[20:45:20] Asset (handle: wdsi) in group scripts has been successfully processed.
[20:45:21] localProcessing Group : elementor-post-2439
[20:45:21] Asset (handle: elementor-post-2439) in group styles has been successfully processed.
[20:45:22] localProcessing Group : elementor-post-2550
[20:45:22] Asset (handle: elementor-post-2550) in group styles has been successfully processed.
[00:52:27] localProcessing Group : briar-elementor
[00:52:27] Asset (handle: briar-elementor) in group styles has been successfully processed.
[00:52:28] localProcessing Group : WebgroupUtils
[00:52:28] Asset (handle: WebgroupUtils) in group scripts has been successfully processed.
[00:52:29] localProcessing Group : addPageViewCrmInfoScript
[00:52:29] Asset (handle: addPageViewCrmInfoScript) in group scripts has been successfully processed.
[00:52:30] localProcessing Group : addDiviFormCrmInfoScript
[00:52:30] Asset (handle: addDiviFormCrmInfoScript) in group scripts has been successfully processed.
[00:52:31] localProcessing Group : replacePhoneNumbersByChannelId
[00:52:31] Asset (handle: replacePhoneNumbersByChannelId) in group scripts has been successfully processed.
[00:52:33] localProcessing Group : wp-accessibility-helper
[00:52:33] Asset (handle: wp-accessibility-helper) in group scripts has been successfully processed.
[00:52:33] localProcessing Group : wpmu-wpmu-ui-3-min-js
[00:52:33] Asset (handle: wpmu-wpmu-ui-3-min-js) in group scripts has been successfully processed.
[00:52:34] localProcessing Group : wpmu-public-min-js
[00:52:34] Asset (handle: wpmu-public-min-js) in group scripts has been successfully processed.
