[13:13:33] localProcessing Group : fix-smartphone-elementor
[13:13:33] Asset (handle: fix-smartphone-elementor) in group styles has been successfully processed.
[13:13:34] localProcessing Group : rs-plugin-settings
[13:13:34] Asset (handle: rs-plugin-settings) in group styles has been successfully processed.
[13:13:35] localProcessing Group : wdsi
[13:13:35] Asset (handle: wdsi) in group styles has been successfully processed.
[13:13:37] localProcessing Group : uaf_client_css
[13:13:37] localProcessing Group : twentyseventeen-style
[13:13:37] Asset (handle: twentyseventeen-style) in group styles has been successfully processed.
[13:13:38] localProcessing Group : twentyseventeen-ie8
[13:13:38] Asset (handle: twentyseventeen-ie8) in group styles has been successfully processed.
[13:13:39] localProcessing Group : elementor-icons
[13:13:39] Asset (handle: elementor-icons) in group styles has been successfully processed.
[13:13:40] localProcessing Group : font-awesome
[13:13:40] Asset (handle: font-awesome) in group styles has been successfully processed.
[13:14:57] localProcessing Group : elementor-animations
[13:14:57] Asset (handle: elementor-animations) in group styles has been successfully processed.
[13:14:58] localProcessing Group : elementor-frontend
[13:14:58] Asset (handle: elementor-frontend) in group styles has been successfully processed.
[13:15:00] localProcessing Group : elementor-global
[13:15:00] Asset (handle: elementor-global) in group styles has been successfully processed.
[13:15:01] localProcessing Group : elementor-post-768
[13:15:01] Asset (handle: elementor-post-768) in group styles has been successfully processed.
[13:15:02] localProcessing Group : elementor-pro
[13:15:02] Asset (handle: elementor-pro) in group styles has been successfully processed.
[13:15:04] localProcessing Group : wpmu-wpmu-ui-3-min-css
[13:15:04] Asset (handle: wpmu-wpmu-ui-3-min-css) in group styles has been successfully processed.
[13:15:05] localProcessing Group : wpmu-animate-3-min-css
[13:15:05] Asset (handle: wpmu-animate-3-min-css) in group styles has been successfully processed.
[13:15:06] localProcessing Group : jquery-core
[13:15:06] Asset (handle: jquery-core) in group scripts has been successfully processed.
[13:15:33] localProcessing Group : jquery-migrate
[13:15:33] Asset (handle: jquery-migrate) in group scripts has been successfully processed.
[13:15:34] localProcessing Group : tp-tools
[13:15:35] Asset (handle: tp-tools) in group scripts has been successfully processed.
[13:15:36] localProcessing Group : revmin
[13:15:36] Asset (handle: revmin) in group scripts has been successfully processed.
[13:15:37] localProcessing Group : wdsi
[13:15:37] Asset (handle: wdsi) in group scripts has been successfully processed.
[13:15:38] localProcessing Group : html5
[13:15:38] Asset (handle: html5) in group scripts has been successfully processed.
[13:15:39] localProcessing Group : briar-elementor
[13:15:39] Asset (handle: briar-elementor) in group styles has been successfully processed.
[13:15:40] localProcessing Group : WebgroupUtils
[13:15:40] Asset (handle: WebgroupUtils) in group scripts has been successfully processed.
[13:16:02] localProcessing Group : addPageViewCrmInfoScript
[13:16:02] Asset (handle: addPageViewCrmInfoScript) in group scripts has been successfully processed.
[13:16:03] localProcessing Group : addDiviFormCrmInfoScript
[13:16:03] Asset (handle: addDiviFormCrmInfoScript) in group scripts has been successfully processed.
[13:16:04] localProcessing Group : replacePhoneNumbersByChannelId
[13:16:04] Asset (handle: replacePhoneNumbersByChannelId) in group scripts has been successfully processed.
[13:16:05] localProcessing Group : twentyseventeen-skip-link-focus-fix
[13:16:05] Asset (handle: twentyseventeen-skip-link-focus-fix) in group scripts has been successfully processed.
[13:16:06] localProcessing Group : twentyseventeen-global
[13:16:06] Asset (handle: twentyseventeen-global) in group scripts has been successfully processed.
[13:16:06] localProcessing Group : jquery-scrollto
[13:16:06] Asset (handle: jquery-scrollto) in group scripts has been successfully processed.
[13:16:07] localProcessing Group : wpmu-wpmu-ui-3-min-js
[13:16:07] Asset (handle: wpmu-wpmu-ui-3-min-js) in group scripts has been successfully processed.
[13:16:08] localProcessing Group : wpmu-public-min-js
[13:16:08] Asset (handle: wpmu-public-min-js) in group scripts has been successfully processed.
[13:16:13] localProcessing Group : wp-embed
[13:16:13] Asset (handle: wp-embed) in group scripts has been successfully processed.
[13:16:14] localProcessing Group : elementor-pro-frontend
[13:16:14] Asset (handle: elementor-pro-frontend) in group scripts has been successfully processed.
[13:16:15] localProcessing Group : jquery-ui-position
[13:16:15] Asset (handle: jquery-ui-position) in group scripts has been successfully processed.
[13:16:16] localProcessing Group : elementor-dialog
[13:16:16] Asset (handle: elementor-dialog) in group scripts has been successfully processed.
[13:16:17] localProcessing Group : elementor-waypoints
[13:16:17] Asset (handle: elementor-waypoints) in group scripts has been successfully processed.
[13:16:18] localProcessing Group : jquery-swiper
[13:16:18] Asset (handle: jquery-swiper) in group scripts has been successfully processed.
[13:16:19] localProcessing Group : elementor-frontend
[13:16:19] Asset (handle: elementor-frontend) in group scripts has been successfully processed.
[13:16:20] localProcessing Group : briar-elementor
[13:16:20] Asset (handle: briar-elementor) in group scripts has been successfully processed.
[14:38:59] localProcessing Group : elementor-post-694
[14:38:59] Asset (handle: elementor-post-694) in group styles has been successfully processed.
[06:54:38] localProcessing Group : dashicons
[06:54:38] Asset (handle: dashicons) in group styles has been successfully processed.
[06:54:39] localProcessing Group : admin-bar
[06:54:39] Asset (handle: admin-bar) in group styles has been successfully processed.
[06:54:40] localProcessing Group : yoast-seo-adminbar
[06:54:40] Asset (handle: yoast-seo-adminbar) in group styles has been successfully processed.
[06:54:41] localProcessing Group : duplicate-post
[06:54:41] Asset (handle: duplicate-post) in group styles has been successfully processed.
[06:54:42] localProcessing Group : admin-bar
[06:54:42] Asset (handle: admin-bar) in group scripts has been successfully processed.
