[19:55:40] localProcessing Group : fix-smartphone-elementor
[19:55:40] Asset (handle: fix-smartphone-elementor) in group styles has been successfully processed.
[19:55:41] localProcessing Group : rs-plugin-settings
[19:55:41] Asset (handle: rs-plugin-settings) in group styles has been successfully processed.
[19:55:42] localProcessing Group : wdsi
[19:55:42] Asset (handle: wdsi) in group styles has been successfully processed.
[19:55:43] localProcessing Group : uaf_client_css
[19:55:43] localProcessing Group : twentyseventeen-style
[19:55:43] Asset (handle: twentyseventeen-style) in group styles has been successfully processed.
[19:55:44] localProcessing Group : twentyseventeen-ie8
[19:55:44] Asset (handle: twentyseventeen-ie8) in group styles has been successfully processed.
[19:55:45] localProcessing Group : wpmu-wpmu-ui-3-min-css
[19:55:45] Asset (handle: wpmu-wpmu-ui-3-min-css) in group styles has been successfully processed.
[19:55:46] localProcessing Group : wpmu-animate-3-min-css
[19:55:46] Asset (handle: wpmu-animate-3-min-css) in group styles has been successfully processed.
[19:55:51] localProcessing Group : jquery-core
[19:55:51] Asset (handle: jquery-core) in group scripts has been successfully processed.
[19:55:54] localProcessing Group : jquery-migrate
[19:55:54] Asset (handle: jquery-migrate) in group scripts has been successfully processed.
[19:55:55] localProcessing Group : tp-tools
[19:55:55] Asset (handle: tp-tools) in group scripts has been successfully processed.
[19:55:56] localProcessing Group : revmin
[19:55:56] Asset (handle: revmin) in group scripts has been successfully processed.
[19:55:57] localProcessing Group : wdsi
[19:55:57] Asset (handle: wdsi) in group scripts has been successfully processed.
[19:55:58] localProcessing Group : html5
[19:55:58] Asset (handle: html5) in group scripts has been successfully processed.
[19:55:59] localProcessing Group : comment-reply
[19:55:59] Asset (handle: comment-reply) in group scripts has been successfully processed.
[19:56:11] localProcessing Group : WebgroupUtils
[19:56:11] Asset (handle: WebgroupUtils) in group scripts has been successfully processed.
[19:56:12] localProcessing Group : addPageViewCrmInfoScript
[19:56:12] Asset (handle: addPageViewCrmInfoScript) in group scripts has been successfully processed.
[19:56:13] localProcessing Group : addDiviFormCrmInfoScript
[19:56:13] Asset (handle: addDiviFormCrmInfoScript) in group scripts has been successfully processed.
[19:56:14] localProcessing Group : replacePhoneNumbersByChannelId
[19:56:14] Asset (handle: replacePhoneNumbersByChannelId) in group scripts has been successfully processed.
[19:56:14] localProcessing Group : twentyseventeen-skip-link-focus-fix
[19:56:14] Asset (handle: twentyseventeen-skip-link-focus-fix) in group scripts has been successfully processed.
[19:56:15] localProcessing Group : twentyseventeen-global
[19:56:15] Asset (handle: twentyseventeen-global) in group scripts has been successfully processed.
[19:56:16] localProcessing Group : jquery-scrollto
[19:56:16] Asset (handle: jquery-scrollto) in group scripts has been successfully processed.
[19:56:16] localProcessing Group : wpmu-wpmu-ui-3-min-js
[19:56:16] Asset (handle: wpmu-wpmu-ui-3-min-js) in group scripts has been successfully processed.
[20:16:19] localProcessing Group : wpmu-public-min-js
[20:16:19] Asset (handle: wpmu-public-min-js) in group scripts has been successfully processed.
[20:16:20] localProcessing Group : wp-embed
[20:16:20] Asset (handle: wp-embed) in group scripts has been successfully processed.
