[18:03:00] localProcessing Group : fix-smartphone-elementor
[18:03:00] Asset (handle: fix-smartphone-elementor) in group styles has been successfully processed.
[18:03:02] localProcessing Group : rs-plugin-settings
[18:03:02] Asset (handle: rs-plugin-settings) in group styles has been successfully processed.
[18:03:03] localProcessing Group : wdsi
[18:03:03] Asset (handle: wdsi) in group styles has been successfully processed.
[18:03:04] localProcessing Group : uaf_client_css
[18:03:04] localProcessing Group : twentyseventeen-style
[18:03:04] Asset (handle: twentyseventeen-style) in group styles has been successfully processed.
[18:03:05] localProcessing Group : twentyseventeen-ie8
[18:03:05] Asset (handle: twentyseventeen-ie8) in group styles has been successfully processed.
[18:03:06] localProcessing Group : wpmu-wpmu-ui-3-min-css
[18:03:06] Asset (handle: wpmu-wpmu-ui-3-min-css) in group styles has been successfully processed.
[18:03:07] localProcessing Group : wpmu-animate-3-min-css
[18:03:07] Asset (handle: wpmu-animate-3-min-css) in group styles has been successfully processed.
[23:28:55] localProcessing Group : jquery-core
[23:28:55] Asset (handle: jquery-core) in group scripts has been successfully processed.
[23:28:58] localProcessing Group : jquery-migrate
[23:28:58] Asset (handle: jquery-migrate) in group scripts has been successfully processed.
[23:28:58] localProcessing Group : tp-tools
[23:28:58] Asset (handle: tp-tools) in group scripts has been successfully processed.
[23:28:59] localProcessing Group : revmin
[23:28:59] Asset (handle: revmin) in group scripts has been successfully processed.
[23:29:00] localProcessing Group : wdsi
[23:29:00] Asset (handle: wdsi) in group scripts has been successfully processed.
[23:29:01] localProcessing Group : html5
[23:29:01] Asset (handle: html5) in group scripts has been successfully processed.
[23:29:02] localProcessing Group : WebgroupUtils
[23:29:02] Asset (handle: WebgroupUtils) in group scripts has been successfully processed.
[00:10:45] localProcessing Group : addPageViewCrmInfoScript
[00:10:45] Asset (handle: addPageViewCrmInfoScript) in group scripts has been successfully processed.
[00:10:46] localProcessing Group : addDiviFormCrmInfoScript
[00:10:46] Asset (handle: addDiviFormCrmInfoScript) in group scripts has been successfully processed.
[00:10:47] localProcessing Group : replacePhoneNumbersByChannelId
[00:10:47] Asset (handle: replacePhoneNumbersByChannelId) in group scripts has been successfully processed.
[00:10:48] localProcessing Group : twentyseventeen-skip-link-focus-fix
[00:10:48] Asset (handle: twentyseventeen-skip-link-focus-fix) in group scripts has been successfully processed.
[00:10:48] localProcessing Group : twentyseventeen-global
[00:10:48] Asset (handle: twentyseventeen-global) in group scripts has been successfully processed.
[00:10:50] localProcessing Group : jquery-scrollto
[00:10:50] Asset (handle: jquery-scrollto) in group scripts has been successfully processed.
[00:10:51] localProcessing Group : wpmu-wpmu-ui-3-min-js
[00:10:51] Asset (handle: wpmu-wpmu-ui-3-min-js) in group scripts has been successfully processed.
[00:10:51] localProcessing Group : wpmu-public-min-js
[00:10:51] Asset (handle: wpmu-public-min-js) in group scripts has been successfully processed.
[00:23:35] localProcessing Group : wp-embed
[00:23:35] Asset (handle: wp-embed) in group scripts has been successfully processed.
[04:38:17] localProcessing Group : comment-reply
[04:38:17] Asset (handle: comment-reply) in group scripts has been successfully processed.
