[14:41:54] localProcessing Group : fix-smartphone-elementor
[14:41:54] Asset (handle: fix-smartphone-elementor) in group styles has been successfully processed.
[14:41:56] localProcessing Group : rs-plugin-settings
[14:41:56] Asset (handle: rs-plugin-settings) in group styles has been successfully processed.
[14:41:57] localProcessing Group : wdsi
[14:41:57] Asset (handle: wdsi) in group styles has been successfully processed.
[14:41:58] localProcessing Group : uaf_client_css
[14:41:58] localProcessing Group : pojo-a11y
[14:41:58] Asset (handle: pojo-a11y) in group styles has been successfully processed.
[14:41:59] localProcessing Group : pojo-css-framework
[14:41:59] Asset (handle: pojo-css-framework) in group styles has been successfully processed.
[14:42:01] localProcessing Group : font-awesome
[14:42:01] Asset (handle: font-awesome) in group styles has been successfully processed.
[14:42:02] localProcessing Group : wpmu-wpmu-ui-3-min-css
[14:42:02] Asset (handle: wpmu-wpmu-ui-3-min-css) in group styles has been successfully processed.
[14:54:02] localProcessing Group : wpmu-animate-3-min-css
[14:54:02] Asset (handle: wpmu-animate-3-min-css) in group styles has been successfully processed.
[14:54:03] localProcessing Group : photoswipe
[14:54:03] Asset (handle: photoswipe) in group styles has been successfully processed.
[14:54:04] localProcessing Group : photoswipe-skin
[14:54:04] Asset (handle: photoswipe-skin) in group styles has been successfully processed.
[14:54:05] localProcessing Group : pojo-base-style
[14:54:05] Asset (handle: pojo-base-style) in group styles has been successfully processed.
[14:54:06] localProcessing Group : pojo-style
[14:54:06] Asset (handle: pojo-style) in group styles has been successfully processed.
[14:54:06] localProcessing Group : pojo-base-style-rtl
[14:54:06] Asset (handle: pojo-base-style-rtl) in group styles has been successfully processed.
[14:54:08] localProcessing Group : pojo-style-rtl
[14:54:08] Asset (handle: pojo-style-rtl) in group styles has been successfully processed.
[14:54:08] localProcessing Group : jquery-core
[14:54:08] Asset (handle: jquery-core) in group scripts has been successfully processed.
[15:40:20] localProcessing Group : jquery-migrate
[15:40:20] Asset (handle: jquery-migrate) in group scripts has been successfully processed.
[15:40:21] localProcessing Group : tp-tools
[15:40:21] Asset (handle: tp-tools) in group scripts has been successfully processed.
[15:40:22] localProcessing Group : revmin
[15:40:22] Asset (handle: revmin) in group scripts has been successfully processed.
[15:40:23] localProcessing Group : wdsi
[15:40:23] Asset (handle: wdsi) in group scripts has been successfully processed.
[15:40:24] localProcessing Group : comment-reply
[15:40:24] Asset (handle: comment-reply) in group scripts has been successfully processed.
[15:40:24] localProcessing Group : WebgroupUtils
[15:40:24] Asset (handle: WebgroupUtils) in group scripts has been successfully processed.
[15:40:25] localProcessing Group : addPageViewCrmInfoScript
[15:40:25] Asset (handle: addPageViewCrmInfoScript) in group scripts has been successfully processed.
[15:44:33] localProcessing Group : addDiviFormCrmInfoScript
[15:44:33] Asset (handle: addDiviFormCrmInfoScript) in group scripts has been successfully processed.
[15:44:34] localProcessing Group : replacePhoneNumbersByChannelId
[15:44:34] Asset (handle: replacePhoneNumbersByChannelId) in group scripts has been successfully processed.
[15:44:34] localProcessing Group : pojo-forms
[15:44:34] Asset (handle: pojo-forms) in group scripts has been successfully processed.
[15:44:35] localProcessing Group : pojo-a11y
[15:44:35] Asset (handle: pojo-a11y) in group scripts has been successfully processed.
[15:44:36] localProcessing Group : pojo-plugins
[15:44:36] Asset (handle: pojo-plugins) in group scripts has been successfully processed.
[15:44:38] localProcessing Group : pojo-scripts
[15:44:38] Asset (handle: pojo-scripts) in group scripts has been successfully processed.
[15:44:39] localProcessing Group : wpmu-wpmu-ui-3-min-js
[15:44:39] Asset (handle: wpmu-wpmu-ui-3-min-js) in group scripts has been successfully processed.
[15:44:39] localProcessing Group : wpmu-public-min-js
[15:44:39] Asset (handle: wpmu-public-min-js) in group scripts has been successfully processed.
[15:44:47] localProcessing Group : masterslider
[15:44:47] Asset (handle: masterslider) in group scripts has been successfully processed.
[15:44:49] localProcessing Group : photoswipe
[15:44:49] Asset (handle: photoswipe) in group scripts has been successfully processed.
[15:44:49] localProcessing Group : photoswipe-ui
[15:44:49] Asset (handle: photoswipe-ui) in group scripts has been successfully processed.
[15:44:50] localProcessing Group : pojo-lightbox-app
[15:44:50] Asset (handle: pojo-lightbox-app) in group scripts has been successfully processed.
[15:44:51] localProcessing Group : pojo-news-ticker
[15:44:51] Asset (handle: pojo-news-ticker) in group scripts has been successfully processed.
[15:44:52] localProcessing Group : wp-embed
[15:44:52] Asset (handle: wp-embed) in group scripts has been successfully processed.
[17:00:37] localProcessing Group : elementor-icons
[17:00:37] Asset (handle: elementor-icons) in group styles has been successfully processed.
[17:00:39] localProcessing Group : elementor-animations
[17:00:39] Asset (handle: elementor-animations) in group styles has been successfully processed.
[17:00:40] localProcessing Group : elementor-frontend
[17:00:40] Asset (handle: elementor-frontend) in group styles has been successfully processed.
[17:00:41] localProcessing Group : elementor-post-4
[17:00:41] Asset (handle: elementor-post-4) in group styles has been successfully processed.
[17:00:42] localProcessing Group : elementor-pro
[17:00:42] Asset (handle: elementor-pro) in group styles has been successfully processed.
[17:00:44] localProcessing Group : briar-elementor
[17:00:44] Asset (handle: briar-elementor) in group styles has been successfully processed.
[17:00:45] localProcessing Group : elementor-pro-frontend
[17:00:45] Asset (handle: elementor-pro-frontend) in group scripts has been successfully processed.
[17:00:48] localProcessing Group : jquery-ui-position
[17:00:48] Asset (handle: jquery-ui-position) in group scripts has been successfully processed.
[18:16:19] localProcessing Group : elementor-dialog
[18:16:19] Asset (handle: elementor-dialog) in group scripts has been successfully processed.
[18:16:20] localProcessing Group : elementor-waypoints
[18:16:20] Asset (handle: elementor-waypoints) in group scripts has been successfully processed.
[18:16:21] localProcessing Group : jquery-swiper
[18:16:21] Asset (handle: jquery-swiper) in group scripts has been successfully processed.
[18:16:22] localProcessing Group : elementor-frontend
[18:16:22] Asset (handle: elementor-frontend) in group scripts has been successfully processed.
[18:16:23] localProcessing Group : briar-elementor
[18:16:23] Asset (handle: briar-elementor) in group scripts has been successfully processed.
[23:09:58] localProcessing Group : elementor-post-2035
[23:09:58] Asset (handle: elementor-post-2035) in group styles has been successfully processed.
[06:35:50] localProcessing Group : elementor-post-2058
[06:35:50] Asset (handle: elementor-post-2058) in group styles has been successfully processed.
