[13:34:44] localProcessing Group : fix-smartphone-elementor
[13:34:44] Asset (handle: fix-smartphone-elementor) in group styles has been successfully processed.
[13:34:45] localProcessing Group : rs-plugin-settings
[13:34:45] Asset (handle: rs-plugin-settings) in group styles has been successfully processed.
[13:34:46] localProcessing Group : wdsi
[13:34:46] Asset (handle: wdsi) in group styles has been successfully processed.
[13:34:47] localProcessing Group : uaf_client_css
[13:34:47] localProcessing Group : pojo-a11y
[13:34:47] Asset (handle: pojo-a11y) in group styles has been successfully processed.
[13:34:49] localProcessing Group : pojo-css-framework
[13:34:49] Asset (handle: pojo-css-framework) in group styles has been successfully processed.
[13:34:50] localProcessing Group : font-awesome
[13:34:50] Asset (handle: font-awesome) in group styles has been successfully processed.
[13:34:51] localProcessing Group : wpmu-wpmu-ui-3-min-css
[13:34:51] Asset (handle: wpmu-wpmu-ui-3-min-css) in group styles has been successfully processed.
[15:07:48] localProcessing Group : wpmu-animate-3-min-css
[15:07:48] Asset (handle: wpmu-animate-3-min-css) in group styles has been successfully processed.
[15:07:49] localProcessing Group : photoswipe
[15:07:49] Asset (handle: photoswipe) in group styles has been successfully processed.
[15:07:50] localProcessing Group : photoswipe-skin
[15:07:50] Asset (handle: photoswipe-skin) in group styles has been successfully processed.
[15:07:50] localProcessing Group : pojo-base-style
[15:07:50] Asset (handle: pojo-base-style) in group styles has been successfully processed.
[15:07:51] localProcessing Group : pojo-style
[15:07:51] Asset (handle: pojo-style) in group styles has been successfully processed.
[15:07:52] localProcessing Group : pojo-base-style-rtl
[15:07:52] Asset (handle: pojo-base-style-rtl) in group styles has been successfully processed.
[15:07:52] localProcessing Group : pojo-style-rtl
[15:07:52] Asset (handle: pojo-style-rtl) in group styles has been successfully processed.
[15:07:52] localProcessing Group : jquery-core
[15:07:52] Asset (handle: jquery-core) in group scripts has been successfully processed.
[17:40:47] localProcessing Group : jquery-migrate
[17:40:47] Asset (handle: jquery-migrate) in group scripts has been successfully processed.
[17:40:48] localProcessing Group : tp-tools
[17:40:48] Asset (handle: tp-tools) in group scripts has been successfully processed.
[17:40:49] localProcessing Group : revmin
[17:40:49] Asset (handle: revmin) in group scripts has been successfully processed.
[17:40:50] localProcessing Group : wdsi
[17:40:50] Asset (handle: wdsi) in group scripts has been successfully processed.
[17:40:51] localProcessing Group : WebgroupUtils
[17:40:51] Asset (handle: WebgroupUtils) in group scripts has been successfully processed.
[17:40:51] localProcessing Group : addPageViewCrmInfoScript
[17:40:51] Asset (handle: addPageViewCrmInfoScript) in group scripts has been successfully processed.
[17:40:52] localProcessing Group : addDiviFormCrmInfoScript
[17:40:52] Asset (handle: addDiviFormCrmInfoScript) in group scripts has been successfully processed.
[17:42:00] localProcessing Group : replacePhoneNumbersByChannelId
[17:42:00] Asset (handle: replacePhoneNumbersByChannelId) in group scripts has been successfully processed.
[17:42:01] localProcessing Group : pojo-forms
[17:42:01] Asset (handle: pojo-forms) in group scripts has been successfully processed.
[17:42:02] localProcessing Group : pojo-a11y
[17:42:02] Asset (handle: pojo-a11y) in group scripts has been successfully processed.
[17:42:03] localProcessing Group : pojo-plugins
[17:42:03] Asset (handle: pojo-plugins) in group scripts has been successfully processed.
[17:42:04] localProcessing Group : pojo-scripts
[17:42:04] Asset (handle: pojo-scripts) in group scripts has been successfully processed.
[17:42:05] localProcessing Group : wpmu-wpmu-ui-3-min-js
[17:42:05] Asset (handle: wpmu-wpmu-ui-3-min-js) in group scripts has been successfully processed.
[17:42:06] localProcessing Group : wpmu-public-min-js
[17:42:06] Asset (handle: wpmu-public-min-js) in group scripts has been successfully processed.
[17:42:07] localProcessing Group : masterslider
[17:42:07] Asset (handle: masterslider) in group scripts has been successfully processed.
[17:43:37] localProcessing Group : photoswipe
[17:43:37] Asset (handle: photoswipe) in group scripts has been successfully processed.
[17:43:38] localProcessing Group : photoswipe-ui
[17:43:38] Asset (handle: photoswipe-ui) in group scripts has been successfully processed.
[17:43:39] localProcessing Group : pojo-lightbox-app
[17:43:39] Asset (handle: pojo-lightbox-app) in group scripts has been successfully processed.
[17:43:39] localProcessing Group : pojo-news-ticker
[17:43:39] Asset (handle: pojo-news-ticker) in group scripts has been successfully processed.
[17:43:40] localProcessing Group : wp-embed
[17:43:40] Asset (handle: wp-embed) in group scripts has been successfully processed.
[17:47:52] localProcessing Group : elementor-icons
[17:47:52] Asset (handle: elementor-icons) in group styles has been successfully processed.
[17:47:53] localProcessing Group : elementor-animations
[17:47:53] Asset (handle: elementor-animations) in group styles has been successfully processed.
[17:47:53] localProcessing Group : elementor-frontend
[17:47:53] Asset (handle: elementor-frontend) in group styles has been successfully processed.
[17:47:54] localProcessing Group : elementor-post-2101
[17:47:54] Asset (handle: elementor-post-2101) in group styles has been successfully processed.
[17:47:55] localProcessing Group : elementor-pro
[17:47:55] Asset (handle: elementor-pro) in group styles has been successfully processed.
[17:47:56] localProcessing Group : briar-elementor
[17:47:56] Asset (handle: briar-elementor) in group styles has been successfully processed.
[17:47:57] localProcessing Group : jquery-slick
[17:47:57] Asset (handle: jquery-slick) in group scripts has been successfully processed.
[17:47:59] localProcessing Group : elementor-pro-frontend
[17:47:59] Asset (handle: elementor-pro-frontend) in group scripts has been successfully processed.
[17:48:05] localProcessing Group : jquery-ui-position
[17:48:05] Asset (handle: jquery-ui-position) in group scripts has been successfully processed.
[17:48:06] localProcessing Group : elementor-dialog
[17:48:06] Asset (handle: elementor-dialog) in group scripts has been successfully processed.
[17:48:07] localProcessing Group : elementor-waypoints
[17:48:07] Asset (handle: elementor-waypoints) in group scripts has been successfully processed.
[17:48:08] localProcessing Group : jquery-swiper
[17:48:08] Asset (handle: jquery-swiper) in group scripts has been successfully processed.
[17:48:09] localProcessing Group : elementor-frontend
[17:48:09] Asset (handle: elementor-frontend) in group scripts has been successfully processed.
[17:48:09] localProcessing Group : briar-elementor
[17:48:09] Asset (handle: briar-elementor) in group scripts has been successfully processed.
[18:36:46] localProcessing Group : elementor-post-2083
[18:36:46] Asset (handle: elementor-post-2083) in group styles has been successfully processed.
[18:36:47] localProcessing Group : jquery-numerator
[18:36:47] Asset (handle: jquery-numerator) in group scripts has been successfully processed.
[18:36:48] localProcessing Group : elementor-post-2099
[18:36:48] Asset (handle: elementor-post-2099) in group styles has been successfully processed.
[19:47:44] localProcessing Group : comment-reply
[19:47:44] Asset (handle: comment-reply) in group scripts has been successfully processed.
[19:57:39] localProcessing Group : mediaelement
[19:57:39] Asset (handle: mediaelement) in group styles has been successfully processed.
[19:57:40] localProcessing Group : wp-mediaelement
[19:57:40] Asset (handle: wp-mediaelement) in group styles has been successfully processed.
[19:57:41] localProcessing Group : mediaelement-core
[19:57:41] Asset (handle: mediaelement-core) in group scripts has been successfully processed.
[19:57:42] localProcessing Group : mediaelement-migrate
[19:57:42] Asset (handle: mediaelement-migrate) in group scripts has been successfully processed.
[19:57:43] localProcessing Group : wp-mediaelement
[19:57:43] Asset (handle: wp-mediaelement) in group scripts has been successfully processed.
[23:13:05] localProcessing Group : elementor-post-2084
[23:13:05] Asset (handle: elementor-post-2084) in group styles has been successfully processed.
