[00:16:22] localProcessing Group : fix-smartphone-elementor
[00:16:22] Asset (handle: fix-smartphone-elementor) in group styles has been successfully processed.
[00:16:23] localProcessing Group : rs-plugin-settings
[00:16:23] Asset (handle: rs-plugin-settings) in group styles has been successfully processed.
[00:16:24] localProcessing Group : wdsi
[00:16:24] Asset (handle: wdsi) in group styles has been successfully processed.
[00:16:25] localProcessing Group : uaf_client_css
[00:16:25] localProcessing Group : pojo-a11y
[00:16:25] Asset (handle: pojo-a11y) in group styles has been successfully processed.
[00:16:26] localProcessing Group : pojo-css-framework
[00:16:26] Asset (handle: pojo-css-framework) in group styles has been successfully processed.
[00:16:27] localProcessing Group : font-awesome
[00:16:27] Asset (handle: font-awesome) in group styles has been successfully processed.
[00:16:28] localProcessing Group : wpmu-wpmu-ui-3-min-css
[00:16:28] Asset (handle: wpmu-wpmu-ui-3-min-css) in group styles has been successfully processed.
[06:01:38] localProcessing Group : wpmu-animate-3-min-css
[06:01:38] Asset (handle: wpmu-animate-3-min-css) in group styles has been successfully processed.
[06:01:39] localProcessing Group : photoswipe
[06:01:39] Asset (handle: photoswipe) in group styles has been successfully processed.
[06:01:40] localProcessing Group : photoswipe-skin
[06:01:40] Asset (handle: photoswipe-skin) in group styles has been successfully processed.
[06:01:41] localProcessing Group : pojo-base-style
[06:01:41] Asset (handle: pojo-base-style) in group styles has been successfully processed.
[06:01:42] localProcessing Group : pojo-style
[06:01:42] Asset (handle: pojo-style) in group styles has been successfully processed.
[06:01:42] localProcessing Group : pojo-base-style-rtl
[06:01:42] Asset (handle: pojo-base-style-rtl) in group styles has been successfully processed.
[06:01:42] localProcessing Group : pojo-style-rtl
[06:01:42] Asset (handle: pojo-style-rtl) in group styles has been successfully processed.
[06:01:42] localProcessing Group : custom-style
[06:01:42] Asset (handle: custom-style) in group styles has been successfully processed.
