[17:12:03] localProcessing Group : fix-smartphone-elementor
[17:12:03] Asset (handle: fix-smartphone-elementor) in group styles has been successfully processed.
[17:12:04] localProcessing Group : rs-plugin-settings
[17:12:04] Asset (handle: rs-plugin-settings) in group styles has been successfully processed.
[17:12:05] localProcessing Group : wdsi
[17:12:05] Asset (handle: wdsi) in group styles has been successfully processed.
[17:12:06] localProcessing Group : uaf_client_css
[17:12:06] localProcessing Group : pojo-a11y
[17:12:06] Asset (handle: pojo-a11y) in group styles has been successfully processed.
[17:12:07] localProcessing Group : elementor-icons
[17:12:07] Asset (handle: elementor-icons) in group styles has been successfully processed.
[17:12:08] localProcessing Group : font-awesome
[17:12:08] Asset (handle: font-awesome) in group styles has been successfully processed.
[17:12:09] localProcessing Group : elementor-animations
[17:12:09] Asset (handle: elementor-animations) in group styles has been successfully processed.
[17:12:53] localProcessing Group : elementor-frontend
[17:12:53] Asset (handle: elementor-frontend) in group styles has been successfully processed.
[17:12:55] localProcessing Group : elementor-post-2060
[17:12:55] Asset (handle: elementor-post-2060) in group styles has been successfully processed.
[17:12:55] localProcessing Group : elementor-pro
[17:12:55] Asset (handle: elementor-pro) in group styles has been successfully processed.
[17:12:57] localProcessing Group : pojo-css-framework
[17:12:57] Asset (handle: pojo-css-framework) in group styles has been successfully processed.
[17:12:58] localProcessing Group : wpmu-wpmu-ui-3-min-css
[17:12:58] Asset (handle: wpmu-wpmu-ui-3-min-css) in group styles has been successfully processed.
[17:12:59] localProcessing Group : wpmu-animate-3-min-css
[17:12:59] Asset (handle: wpmu-animate-3-min-css) in group styles has been successfully processed.
[17:13:00] localProcessing Group : photoswipe
[17:13:00] Asset (handle: photoswipe) in group styles has been successfully processed.
[17:13:01] localProcessing Group : photoswipe-skin
[17:13:01] Asset (handle: photoswipe-skin) in group styles has been successfully processed.
[17:13:05] localProcessing Group : pojo-base-style
[17:13:05] Asset (handle: pojo-base-style) in group styles has been successfully processed.
[17:13:06] localProcessing Group : pojo-style
[17:13:06] Asset (handle: pojo-style) in group styles has been successfully processed.
[17:13:06] localProcessing Group : pojo-base-style-rtl
[17:13:06] Asset (handle: pojo-base-style-rtl) in group styles has been successfully processed.
[17:13:07] localProcessing Group : pojo-style-rtl
[17:13:07] Asset (handle: pojo-style-rtl) in group styles has been successfully processed.
[17:13:07] localProcessing Group : jquery-core
[17:13:07] Asset (handle: jquery-core) in group scripts has been successfully processed.
[17:13:09] localProcessing Group : jquery-migrate
[17:13:09] Asset (handle: jquery-migrate) in group scripts has been successfully processed.
[17:13:10] localProcessing Group : tp-tools
[17:13:10] Asset (handle: tp-tools) in group scripts has been successfully processed.
[17:13:17] localProcessing Group : revmin
[17:13:17] Asset (handle: revmin) in group scripts has been successfully processed.
[17:13:18] localProcessing Group : wdsi
[17:13:18] Asset (handle: wdsi) in group scripts has been successfully processed.
[17:13:18] localProcessing Group : briar-elementor
[17:13:18] Asset (handle: briar-elementor) in group styles has been successfully processed.
[17:13:19] localProcessing Group : WebgroupUtils
[17:13:19] Asset (handle: WebgroupUtils) in group scripts has been successfully processed.
[17:13:20] localProcessing Group : addPageViewCrmInfoScript
[17:13:20] Asset (handle: addPageViewCrmInfoScript) in group scripts has been successfully processed.
[17:13:21] localProcessing Group : addDiviFormCrmInfoScript
[17:13:21] Asset (handle: addDiviFormCrmInfoScript) in group scripts has been successfully processed.
[17:13:22] localProcessing Group : replacePhoneNumbersByChannelId
[17:13:22] Asset (handle: replacePhoneNumbersByChannelId) in group scripts has been successfully processed.
[17:13:22] localProcessing Group : pojo-forms
[17:13:22] Asset (handle: pojo-forms) in group scripts has been successfully processed.
[17:13:30] localProcessing Group : briar-elementor
[17:13:30] Asset (handle: briar-elementor) in group styles has been successfully processed.
[17:13:31] localProcessing Group : WebgroupUtils
[17:13:31] Asset (handle: WebgroupUtils) in group scripts has been successfully processed.
[17:13:31] localProcessing Group : addPageViewCrmInfoScript
[17:13:31] Asset (handle: addPageViewCrmInfoScript) in group scripts has been successfully processed.
[17:13:32] localProcessing Group : addDiviFormCrmInfoScript
[17:13:32] Asset (handle: addDiviFormCrmInfoScript) in group scripts has been successfully processed.
[17:13:33] localProcessing Group : replacePhoneNumbersByChannelId
[17:13:33] Asset (handle: replacePhoneNumbersByChannelId) in group scripts has been successfully processed.
[17:13:34] localProcessing Group : pojo-forms
[17:13:34] Asset (handle: pojo-forms) in group scripts has been successfully processed.
[17:13:34] localProcessing Group : pojo-a11y
[17:13:34] Asset (handle: pojo-a11y) in group scripts has been successfully processed.
[17:13:35] localProcessing Group : pojo-plugins
[17:13:35] Asset (handle: pojo-plugins) in group scripts has been successfully processed.
[17:15:22] localProcessing Group : pojo-scripts
[17:15:22] Asset (handle: pojo-scripts) in group scripts has been successfully processed.
[17:15:23] localProcessing Group : wpmu-wpmu-ui-3-min-js
[17:15:23] Asset (handle: wpmu-wpmu-ui-3-min-js) in group scripts has been successfully processed.
[17:15:24] localProcessing Group : wpmu-public-min-js
[17:15:24] Asset (handle: wpmu-public-min-js) in group scripts has been successfully processed.
[17:15:25] localProcessing Group : masterslider
[17:15:25] Asset (handle: masterslider) in group scripts has been successfully processed.
[17:15:26] localProcessing Group : photoswipe
[17:15:26] Asset (handle: photoswipe) in group scripts has been successfully processed.
[17:15:26] localProcessing Group : photoswipe-ui
[17:15:26] Asset (handle: photoswipe-ui) in group scripts has been successfully processed.
[17:15:27] localProcessing Group : pojo-lightbox-app
[17:15:27] Asset (handle: pojo-lightbox-app) in group scripts has been successfully processed.
[17:15:28] localProcessing Group : pojo-news-ticker
[17:15:28] Asset (handle: pojo-news-ticker) in group scripts has been successfully processed.
[17:15:35] localProcessing Group : wp-embed
[17:15:35] Asset (handle: wp-embed) in group scripts has been successfully processed.
[17:15:36] localProcessing Group : elementor-pro-frontend
[17:15:36] Asset (handle: elementor-pro-frontend) in group scripts has been successfully processed.
[17:15:37] localProcessing Group : jquery-ui-position
[17:15:37] Asset (handle: jquery-ui-position) in group scripts has been successfully processed.
[17:15:38] localProcessing Group : elementor-dialog
[17:15:38] Asset (handle: elementor-dialog) in group scripts has been successfully processed.
[17:15:38] localProcessing Group : elementor-waypoints
[17:15:38] Asset (handle: elementor-waypoints) in group scripts has been successfully processed.
[17:15:39] localProcessing Group : jquery-swiper
[17:15:39] Asset (handle: jquery-swiper) in group scripts has been successfully processed.
[17:15:40] localProcessing Group : elementor-frontend
[17:15:40] Asset (handle: elementor-frontend) in group scripts has been successfully processed.
[17:15:41] localProcessing Group : briar-elementor
[17:15:41] Asset (handle: briar-elementor) in group scripts has been successfully processed.
[17:15:51] localProcessing Group : comment-reply
[17:15:51] Asset (handle: comment-reply) in group scripts has been successfully processed.
[19:35:15] localProcessing Group : elementor-post-2045
[19:35:15] Asset (handle: elementor-post-2045) in group styles has been successfully processed.
[19:35:16] localProcessing Group : jquery-numerator
[19:35:16] Asset (handle: jquery-numerator) in group scripts has been successfully processed.
[04:23:40] localProcessing Group : elementor-post-2046
[04:23:40] Asset (handle: elementor-post-2046) in group styles has been successfully processed.
[04:23:41] localProcessing Group : jquery-slick
[04:23:41] Asset (handle: jquery-slick) in group scripts has been successfully processed.
[08:46:42] localProcessing Group : elementor-post-2061
[08:46:42] Asset (handle: elementor-post-2061) in group styles has been successfully processed.
