[15:56:55] localProcessing Group : fix-smartphone-elementor
[15:56:55] Asset (handle: fix-smartphone-elementor) in group styles has been successfully processed.
[15:56:56] localProcessing Group : rs-plugin-settings
[15:56:56] Asset (handle: rs-plugin-settings) in group styles has been successfully processed.
[15:56:57] localProcessing Group : wdsi
[15:56:57] Asset (handle: wdsi) in group styles has been successfully processed.
[15:56:58] localProcessing Group : uaf_client_css
[15:56:58] localProcessing Group : pojo-a11y
[15:56:58] Asset (handle: pojo-a11y) in group styles has been successfully processed.
[15:56:59] localProcessing Group : pojo-css-framework
[15:56:59] Asset (handle: pojo-css-framework) in group styles has been successfully processed.
[15:57:00] localProcessing Group : font-awesome
[15:57:00] Asset (handle: font-awesome) in group styles has been successfully processed.
[15:57:01] localProcessing Group : wpmu-wpmu-ui-3-min-css
[15:57:01] Asset (handle: wpmu-wpmu-ui-3-min-css) in group styles has been successfully processed.
[17:39:56] localProcessing Group : wpmu-animate-3-min-css
[17:39:56] Asset (handle: wpmu-animate-3-min-css) in group styles has been successfully processed.
[17:39:58] localProcessing Group : photoswipe
[17:39:58] Asset (handle: photoswipe) in group styles has been successfully processed.
[17:39:58] localProcessing Group : photoswipe-skin
[17:39:58] Asset (handle: photoswipe-skin) in group styles has been successfully processed.
[17:39:59] localProcessing Group : pojo-base-style
[17:39:59] Asset (handle: pojo-base-style) in group styles has been successfully processed.
[17:40:00] localProcessing Group : pojo-style
[17:40:00] Asset (handle: pojo-style) in group styles has been successfully processed.
[17:40:00] localProcessing Group : pojo-base-style-rtl
[17:40:00] Asset (handle: pojo-base-style-rtl) in group styles has been successfully processed.
[17:40:01] localProcessing Group : pojo-style-rtl
[17:40:01] Asset (handle: pojo-style-rtl) in group styles has been successfully processed.
[17:40:01] localProcessing Group : jquery-core
[17:40:01] Asset (handle: jquery-core) in group scripts has been successfully processed.
[20:27:50] localProcessing Group : jquery-migrate
[20:27:50] Asset (handle: jquery-migrate) in group scripts has been successfully processed.
[20:27:51] localProcessing Group : tp-tools
[20:27:51] Asset (handle: tp-tools) in group scripts has been successfully processed.
[20:27:52] localProcessing Group : revmin
[20:27:52] Asset (handle: revmin) in group scripts has been successfully processed.
[20:27:53] localProcessing Group : wdsi
[20:27:53] Asset (handle: wdsi) in group scripts has been successfully processed.
[20:27:54] localProcessing Group : comment-reply
[20:27:54] Asset (handle: comment-reply) in group scripts has been successfully processed.
[20:27:55] localProcessing Group : WebgroupUtils
[20:27:55] Asset (handle: WebgroupUtils) in group scripts has been successfully processed.
[20:27:55] localProcessing Group : addPageViewCrmInfoScript
[20:27:55] Asset (handle: addPageViewCrmInfoScript) in group scripts has been successfully processed.
[21:03:05] localProcessing Group : addDiviFormCrmInfoScript
[21:03:05] Asset (handle: addDiviFormCrmInfoScript) in group scripts has been successfully processed.
[21:03:07] localProcessing Group : replacePhoneNumbersByChannelId
[21:03:07] Asset (handle: replacePhoneNumbersByChannelId) in group scripts has been successfully processed.
[21:03:08] localProcessing Group : pojo-forms
[21:03:08] Asset (handle: pojo-forms) in group scripts has been successfully processed.
[21:03:09] localProcessing Group : pojo-a11y
[21:03:09] Asset (handle: pojo-a11y) in group scripts has been successfully processed.
[21:03:09] localProcessing Group : pojo-plugins
[21:03:09] Asset (handle: pojo-plugins) in group scripts has been successfully processed.
[21:03:10] localProcessing Group : pojo-scripts
[21:03:10] Asset (handle: pojo-scripts) in group scripts has been successfully processed.
[21:03:11] localProcessing Group : wpmu-wpmu-ui-3-min-js
[21:03:11] Asset (handle: wpmu-wpmu-ui-3-min-js) in group scripts has been successfully processed.
[21:03:12] localProcessing Group : wpmu-public-min-js
[21:03:12] Asset (handle: wpmu-public-min-js) in group scripts has been successfully processed.
[21:28:50] localProcessing Group : masterslider
[21:28:50] Asset (handle: masterslider) in group scripts has been successfully processed.
[21:28:51] localProcessing Group : photoswipe
[21:28:51] Asset (handle: photoswipe) in group scripts has been successfully processed.
[21:28:52] localProcessing Group : photoswipe-ui
[21:28:52] Asset (handle: photoswipe-ui) in group scripts has been successfully processed.
[21:28:53] localProcessing Group : pojo-lightbox-app
[21:28:53] Asset (handle: pojo-lightbox-app) in group scripts has been successfully processed.
[21:28:54] localProcessing Group : pojo-news-ticker
[21:28:54] Asset (handle: pojo-news-ticker) in group scripts has been successfully processed.
[21:28:55] localProcessing Group : wp-embed
[21:28:55] Asset (handle: wp-embed) in group scripts has been successfully processed.
[00:16:45] localProcessing Group : elementor-icons
[00:16:45] Asset (handle: elementor-icons) in group styles has been successfully processed.
[00:16:47] localProcessing Group : elementor-animations
[00:16:47] Asset (handle: elementor-animations) in group styles has been successfully processed.
[00:16:48] localProcessing Group : elementor-frontend
[00:16:48] Asset (handle: elementor-frontend) in group styles has been successfully processed.
[00:16:49] localProcessing Group : elementor-post-2035
[00:16:49] Asset (handle: elementor-post-2035) in group styles has been successfully processed.
[00:17:00] localProcessing Group : elementor-pro
[00:17:00] Asset (handle: elementor-pro) in group styles has been successfully processed.
[00:17:01] localProcessing Group : briar-elementor
[00:17:01] Asset (handle: briar-elementor) in group styles has been successfully processed.
[00:17:01] localProcessing Group : elementor-pro-frontend
[00:17:01] Asset (handle: elementor-pro-frontend) in group scripts has been successfully processed.
[00:17:02] localProcessing Group : jquery-ui-position
[00:17:02] Asset (handle: jquery-ui-position) in group scripts has been successfully processed.
[02:01:35] localProcessing Group : elementor-dialog
[02:01:35] Asset (handle: elementor-dialog) in group scripts has been successfully processed.
[02:01:37] localProcessing Group : elementor-waypoints
[02:01:37] Asset (handle: elementor-waypoints) in group scripts has been successfully processed.
[02:01:37] localProcessing Group : jquery-swiper
[02:01:37] Asset (handle: jquery-swiper) in group scripts has been successfully processed.
[02:01:38] localProcessing Group : elementor-frontend
[02:01:38] Asset (handle: elementor-frontend) in group scripts has been successfully processed.
[02:01:39] localProcessing Group : briar-elementor
[02:01:39] Asset (handle: briar-elementor) in group scripts has been successfully processed.
[05:29:10] localProcessing Group : elementor-post-4
[05:29:10] Asset (handle: elementor-post-4) in group styles has been successfully processed.
[08:46:52] localProcessing Group : mediaelement
[08:46:52] Asset (handle: mediaelement) in group styles has been successfully processed.
[08:46:53] localProcessing Group : wp-mediaelement
[08:46:53] Asset (handle: wp-mediaelement) in group styles has been successfully processed.
[08:46:54] localProcessing Group : mediaelement-core
[08:46:54] Asset (handle: mediaelement-core) in group scripts has been successfully processed.
[08:46:55] localProcessing Group : mediaelement-migrate
[08:46:55] Asset (handle: mediaelement-migrate) in group scripts has been successfully processed.
[08:46:56] localProcessing Group : wp-mediaelement
[08:46:56] Asset (handle: wp-mediaelement) in group scripts has been successfully processed.
