[17:46:37] localProcessing Group : fix-smartphone-elementor
[17:46:37] Asset (handle: fix-smartphone-elementor) in group styles has been successfully processed.
[17:46:38] localProcessing Group : rs-plugin-settings
[17:46:38] Asset (handle: rs-plugin-settings) in group styles has been successfully processed.
[17:46:39] localProcessing Group : wdsi
[17:46:39] Asset (handle: wdsi) in group styles has been successfully processed.
[17:46:40] localProcessing Group : uaf_client_css
[17:46:40] localProcessing Group : stick-elementor-section-on-top-when-scrolling-css
[17:46:40] Asset (handle: stick-elementor-section-on-top-when-scrolling-css) in group styles has been successfully processed.
[17:46:41] localProcessing Group : leader-fix-style
[17:46:41] Asset (handle: leader-fix-style) in group styles has been successfully processed.
[17:46:42] localProcessing Group : leader-fix-bootstrap
[17:46:42] Asset (handle: leader-fix-bootstrap) in group styles has been successfully processed.
[17:46:43] localProcessing Group : leader-fix-main
[17:46:43] Asset (handle: leader-fix-main) in group styles has been successfully processed.
[17:59:22] localProcessing Group : elementor-icons
[17:59:22] Asset (handle: elementor-icons) in group styles has been successfully processed.
[17:59:23] localProcessing Group : font-awesome
[17:59:23] Asset (handle: font-awesome) in group styles has been successfully processed.
[17:59:24] localProcessing Group : elementor-animations
[17:59:24] Asset (handle: elementor-animations) in group styles has been successfully processed.
[17:59:25] localProcessing Group : elementor-frontend
[17:59:25] Asset (handle: elementor-frontend) in group styles has been successfully processed.
[17:59:26] localProcessing Group : elementor-post-2853
[17:59:26] Asset (handle: elementor-post-2853) in group styles has been successfully processed.
[17:59:27] localProcessing Group : elementor-pro
[17:59:27] Asset (handle: elementor-pro) in group styles has been successfully processed.
[17:59:28] localProcessing Group : wpmu-wpmu-ui-3-min-css
[17:59:28] Asset (handle: wpmu-wpmu-ui-3-min-css) in group styles has been successfully processed.
[17:59:29] localProcessing Group : wpmu-animate-3-min-css
[17:59:29] Asset (handle: wpmu-animate-3-min-css) in group styles has been successfully processed.
[22:16:05] localProcessing Group : jquery-core
[22:16:05] Asset (handle: jquery-core) in group scripts has been successfully processed.
[22:16:08] localProcessing Group : jquery-migrate
[22:16:08] Asset (handle: jquery-migrate) in group scripts has been successfully processed.
[22:16:09] localProcessing Group : tp-tools
[22:16:09] Asset (handle: tp-tools) in group scripts has been successfully processed.
[22:16:10] localProcessing Group : revmin
[22:16:10] Asset (handle: revmin) in group scripts has been successfully processed.
[22:16:11] localProcessing Group : wdsi
[22:16:11] Asset (handle: wdsi) in group scripts has been successfully processed.
[22:16:12] localProcessing Group : stick-elementor-section-on-top-when-scrolling-js
[22:16:12] Asset (handle: stick-elementor-section-on-top-when-scrolling-js) in group scripts has been successfully processed.
[22:16:13] localProcessing Group : elementor-post-4282
[22:16:13] Asset (handle: elementor-post-4282) in group styles has been successfully processed.
[22:16:17] localProcessing Group : wdsi
[22:16:17] Asset (handle: wdsi) in group scripts has been successfully processed.
[22:16:18] localProcessing Group : stick-elementor-section-on-top-when-scrolling-js
[22:16:18] Asset (handle: stick-elementor-section-on-top-when-scrolling-js) in group scripts has been successfully processed.
[22:16:19] localProcessing Group : elementor-post-4282
[22:16:19] Asset (handle: elementor-post-4282) in group styles has been successfully processed.
[22:16:20] localProcessing Group : elementor-post-4285
[22:16:20] Asset (handle: elementor-post-4285) in group styles has been successfully processed.
[22:16:21] localProcessing Group : briar-elementor
[22:16:21] Asset (handle: briar-elementor) in group styles has been successfully processed.
[22:16:22] localProcessing Group : WebgroupUtils
[22:16:22] Asset (handle: WebgroupUtils) in group scripts has been successfully processed.
[22:16:23] localProcessing Group : addPageViewCrmInfoScript
[22:16:23] Asset (handle: addPageViewCrmInfoScript) in group scripts has been successfully processed.
[22:16:24] localProcessing Group : addDiviFormCrmInfoScript
[22:16:24] Asset (handle: addDiviFormCrmInfoScript) in group scripts has been successfully processed.
[22:21:05] localProcessing Group : replacePhoneNumbersByChannelId
[22:21:05] Asset (handle: replacePhoneNumbersByChannelId) in group scripts has been successfully processed.
[22:21:06] localProcessing Group : wpmu-wpmu-ui-3-min-js
[22:21:06] Asset (handle: wpmu-wpmu-ui-3-min-js) in group scripts has been successfully processed.
[22:21:07] localProcessing Group : wpmu-public-min-js
[22:21:07] Asset (handle: wpmu-public-min-js) in group scripts has been successfully processed.
[22:21:08] localProcessing Group : wp-embed
[22:21:08] Asset (handle: wp-embed) in group scripts has been successfully processed.
[22:21:08] localProcessing Group : smartmenus
[22:21:08] Asset (handle: smartmenus) in group scripts has been successfully processed.
[22:21:09] localProcessing Group : imagesloaded
[22:21:09] Asset (handle: imagesloaded) in group scripts has been successfully processed.
[22:21:12] localProcessing Group : jquery-slick
[22:21:12] Asset (handle: jquery-slick) in group scripts has been successfully processed.
[22:21:13] localProcessing Group : elementor-pro-frontend
[22:21:13] Asset (handle: elementor-pro-frontend) in group scripts has been successfully processed.
[23:17:25] localProcessing Group : jquery-ui-position
[23:17:25] Asset (handle: jquery-ui-position) in group scripts has been successfully processed.
[23:17:26] localProcessing Group : elementor-dialog
[23:17:26] Asset (handle: elementor-dialog) in group scripts has been successfully processed.
[23:17:27] localProcessing Group : elementor-waypoints
[23:17:27] Asset (handle: elementor-waypoints) in group scripts has been successfully processed.
[23:17:27] localProcessing Group : jquery-swiper
[23:17:27] Asset (handle: jquery-swiper) in group scripts has been successfully processed.
[23:17:29] localProcessing Group : elementor-frontend
[23:17:29] Asset (handle: elementor-frontend) in group scripts has been successfully processed.
[23:17:30] localProcessing Group : briar-elementor
[23:17:30] Asset (handle: briar-elementor) in group scripts has been successfully processed.
[23:17:31] localProcessing Group : jquery-core
[23:17:31] Asset (handle: jquery-core) in group scripts has been successfully processed.
[23:17:33] localProcessing Group : elementor-post-4271
[23:17:33] Asset (handle: elementor-post-4271) in group styles has been successfully processed.
