[14:32:46] localProcessing Group : fix-smartphone-elementor
[14:32:46] Asset (handle: fix-smartphone-elementor) in group styles has been successfully processed.
[14:32:47] localProcessing Group : rs-plugin-settings
[14:32:47] Asset (handle: rs-plugin-settings) in group styles has been successfully processed.
[14:32:48] localProcessing Group : wdsi
[14:32:48] Asset (handle: wdsi) in group styles has been successfully processed.
[14:32:49] localProcessing Group : uaf_client_css
[14:32:49] localProcessing Group : pojo-a11y
[14:32:49] Asset (handle: pojo-a11y) in group styles has been successfully processed.
[14:32:51] localProcessing Group : elementor-icons
[14:32:51] Asset (handle: elementor-icons) in group styles has been successfully processed.
[14:32:52] localProcessing Group : font-awesome
[14:32:52] Asset (handle: font-awesome) in group styles has been successfully processed.
[14:32:53] localProcessing Group : elementor-animations
[14:32:53] Asset (handle: elementor-animations) in group styles has been successfully processed.
[14:33:11] localProcessing Group : elementor-frontend
[14:33:11] Asset (handle: elementor-frontend) in group styles has been successfully processed.
[14:33:13] localProcessing Group : elementor-post-3258
[14:33:13] Asset (handle: elementor-post-3258) in group styles has been successfully processed.
[14:33:14] localProcessing Group : elementor-pro
[14:33:14] Asset (handle: elementor-pro) in group styles has been successfully processed.
[14:33:16] localProcessing Group : pojo-css-framework
[14:33:16] Asset (handle: pojo-css-framework) in group styles has been successfully processed.
[14:33:17] localProcessing Group : wpmu-wpmu-ui-3-min-css
[14:33:17] Asset (handle: wpmu-wpmu-ui-3-min-css) in group styles has been successfully processed.
[14:33:18] localProcessing Group : wpmu-animate-3-min-css
[14:33:18] Asset (handle: wpmu-animate-3-min-css) in group styles has been successfully processed.
[14:33:20] localProcessing Group : photoswipe
[14:33:20] Asset (handle: photoswipe) in group styles has been successfully processed.
[14:33:21] localProcessing Group : photoswipe-skin
[14:33:21] Asset (handle: photoswipe-skin) in group styles has been successfully processed.
[14:33:42] localProcessing Group : pojo-base-style
[14:33:42] Asset (handle: pojo-base-style) in group styles has been successfully processed.
[14:33:43] localProcessing Group : pojo-style
[14:33:43] Asset (handle: pojo-style) in group styles has been successfully processed.
[14:33:43] localProcessing Group : pojo-base-style-rtl
[14:33:43] Asset (handle: pojo-base-style-rtl) in group styles has been successfully processed.
[14:33:44] localProcessing Group : pojo-style-rtl
[14:33:44] Asset (handle: pojo-style-rtl) in group styles has been successfully processed.
[14:33:44] localProcessing Group : jquery-core
[14:33:44] Asset (handle: jquery-core) in group scripts has been successfully processed.
[14:33:48] localProcessing Group : jquery-migrate
[14:33:48] Asset (handle: jquery-migrate) in group scripts has been successfully processed.
[14:33:49] localProcessing Group : tp-tools
[14:33:49] Asset (handle: tp-tools) in group scripts has been successfully processed.
[14:34:08] localProcessing Group : revmin
[14:34:08] Asset (handle: revmin) in group scripts has been successfully processed.
[14:34:09] localProcessing Group : wdsi
[14:34:09] Asset (handle: wdsi) in group scripts has been successfully processed.
[14:34:10] localProcessing Group : briar-elementor
[14:34:10] Asset (handle: briar-elementor) in group styles has been successfully processed.
[14:34:12] localProcessing Group : WebgroupUtils
[14:34:12] Asset (handle: WebgroupUtils) in group scripts has been successfully processed.
[14:34:13] localProcessing Group : addPageViewCrmInfoScript
[14:34:13] Asset (handle: addPageViewCrmInfoScript) in group scripts has been successfully processed.
[14:34:14] localProcessing Group : addDiviFormCrmInfoScript
[14:34:14] Asset (handle: addDiviFormCrmInfoScript) in group scripts has been successfully processed.
[14:34:16] localProcessing Group : replacePhoneNumbersByChannelId
[14:34:16] Asset (handle: replacePhoneNumbersByChannelId) in group scripts has been successfully processed.
[14:34:18] localProcessing Group : pojo-forms
[14:34:18] Asset (handle: pojo-forms) in group scripts has been successfully processed.
[14:35:30] localProcessing Group : revmin
[14:35:30] Asset (handle: revmin) in group scripts has been successfully processed.
[14:35:32] localProcessing Group : wdsi
[14:35:32] Asset (handle: wdsi) in group scripts has been successfully processed.
[14:35:34] localProcessing Group : briar-elementor
[14:35:34] Asset (handle: briar-elementor) in group styles has been successfully processed.
[14:35:35] localProcessing Group : WebgroupUtils
[14:35:35] Asset (handle: WebgroupUtils) in group scripts has been successfully processed.
[14:35:36] localProcessing Group : addPageViewCrmInfoScript
[14:35:36] Asset (handle: addPageViewCrmInfoScript) in group scripts has been successfully processed.
[14:35:37] localProcessing Group : addDiviFormCrmInfoScript
[14:35:37] Asset (handle: addDiviFormCrmInfoScript) in group scripts has been successfully processed.
[14:35:38] localProcessing Group : replacePhoneNumbersByChannelId
[14:35:38] Asset (handle: replacePhoneNumbersByChannelId) in group scripts has been successfully processed.
[14:35:39] localProcessing Group : pojo-forms
[14:35:39] Asset (handle: pojo-forms) in group scripts has been successfully processed.
[14:36:09] localProcessing Group : pojo-a11y
[14:36:09] Asset (handle: pojo-a11y) in group scripts has been successfully processed.
[14:36:11] localProcessing Group : pojo-plugins
[14:36:11] Asset (handle: pojo-plugins) in group scripts has been successfully processed.
[14:36:12] localProcessing Group : pojo-scripts
[14:36:12] Asset (handle: pojo-scripts) in group scripts has been successfully processed.
[14:36:16] localProcessing Group : wpmu-wpmu-ui-3-min-js
[14:36:16] Asset (handle: wpmu-wpmu-ui-3-min-js) in group scripts has been successfully processed.
[14:36:17] localProcessing Group : wpmu-public-min-js
[14:36:17] Asset (handle: wpmu-public-min-js) in group scripts has been successfully processed.
[14:36:19] localProcessing Group : masterslider
[14:36:19] Asset (handle: masterslider) in group scripts has been successfully processed.
[14:36:21] localProcessing Group : photoswipe
[14:36:21] Asset (handle: photoswipe) in group scripts has been successfully processed.
[14:36:22] localProcessing Group : photoswipe-ui
[14:36:22] Asset (handle: photoswipe-ui) in group scripts has been successfully processed.
[14:39:00] localProcessing Group : pojo-lightbox-app
[14:39:00] Asset (handle: pojo-lightbox-app) in group scripts has been successfully processed.
[14:39:01] localProcessing Group : pojo-news-ticker
[14:39:01] Asset (handle: pojo-news-ticker) in group scripts has been successfully processed.
[14:39:02] localProcessing Group : wp-embed
[14:39:02] Asset (handle: wp-embed) in group scripts has been successfully processed.
[14:39:03] localProcessing Group : elementor-pro-frontend
[14:39:03] Asset (handle: elementor-pro-frontend) in group scripts has been successfully processed.
[14:39:05] localProcessing Group : jquery-ui-position
[14:39:05] Asset (handle: jquery-ui-position) in group scripts has been successfully processed.
[14:39:06] localProcessing Group : elementor-dialog
[14:39:06] Asset (handle: elementor-dialog) in group scripts has been successfully processed.
[14:39:07] localProcessing Group : elementor-waypoints
[14:39:07] Asset (handle: elementor-waypoints) in group scripts has been successfully processed.
[14:39:08] localProcessing Group : jquery-swiper
[14:39:08] Asset (handle: jquery-swiper) in group scripts has been successfully processed.
[14:41:51] localProcessing Group : elementor-frontend
[14:41:51] Asset (handle: elementor-frontend) in group scripts has been successfully processed.
[14:41:53] localProcessing Group : briar-elementor
[14:41:53] Asset (handle: briar-elementor) in group scripts has been successfully processed.
[14:41:54] localProcessing Group : comment-reply
[14:41:54] Asset (handle: comment-reply) in group scripts has been successfully processed.
[17:10:36] localProcessing Group : elementor-post-3708
[17:10:36] Asset (handle: elementor-post-3708) in group styles has been successfully processed.
[17:10:37] localProcessing Group : jquery-numerator
[17:10:37] Asset (handle: jquery-numerator) in group scripts has been successfully processed.
[17:11:01] localProcessing Group : elementor-post-4294
[17:11:01] Asset (handle: elementor-post-4294) in group styles has been successfully processed.
[05:47:49] localProcessing Group : elementor-post-4310
[05:47:49] Asset (handle: elementor-post-4310) in group styles has been successfully processed.
[05:47:50] localProcessing Group : jquery-slick
[05:47:50] Asset (handle: jquery-slick) in group scripts has been successfully processed.
