[00:23:59] localProcessing Group : fix-smartphone-elementor
[00:23:59] Asset (handle: fix-smartphone-elementor) in group styles has been successfully processed.
[00:24:00] localProcessing Group : rs-plugin-settings
[00:24:00] Asset (handle: rs-plugin-settings) in group styles has been successfully processed.
[00:24:01] localProcessing Group : wdsi
[00:24:01] Asset (handle: wdsi) in group styles has been successfully processed.
[00:24:02] localProcessing Group : uaf_client_css
[00:24:02] localProcessing Group : stick-elementor-section-on-top-when-scrolling-css
[00:24:02] Asset (handle: stick-elementor-section-on-top-when-scrolling-css) in group styles has been successfully processed.
[00:24:02] localProcessing Group : wpah-front-styles
[00:24:02] Asset (handle: wpah-front-styles) in group styles has been successfully processed.
[00:24:03] localProcessing Group : frame-fix-style
[00:24:03] Asset (handle: frame-fix-style) in group styles has been successfully processed.
[00:24:04] localProcessing Group : frame-fix-bootstrap
[00:24:04] Asset (handle: frame-fix-bootstrap) in group styles has been successfully processed.
[04:01:59] localProcessing Group : frame-fix-main
[04:01:59] Asset (handle: frame-fix-main) in group styles has been successfully processed.
[04:02:00] localProcessing Group : elementor-icons
[04:02:00] Asset (handle: elementor-icons) in group styles has been successfully processed.
[04:02:01] localProcessing Group : font-awesome
[04:02:01] Asset (handle: font-awesome) in group styles has been successfully processed.
[04:02:01] localProcessing Group : elementor-animations
[04:02:01] Asset (handle: elementor-animations) in group styles has been successfully processed.
[04:02:02] localProcessing Group : elementor-frontend
[04:02:02] Asset (handle: elementor-frontend) in group styles has been successfully processed.
[04:02:03] localProcessing Group : elementor-post-1461
[04:02:03] Asset (handle: elementor-post-1461) in group styles has been successfully processed.
[04:02:04] localProcessing Group : elementor-pro
[04:02:04] Asset (handle: elementor-pro) in group styles has been successfully processed.
[04:02:05] localProcessing Group : wpmu-wpmu-ui-3-min-css
[04:02:05] Asset (handle: wpmu-wpmu-ui-3-min-css) in group styles has been successfully processed.
[09:19:33] localProcessing Group : wpmu-animate-3-min-css
[09:19:33] Asset (handle: wpmu-animate-3-min-css) in group styles has been successfully processed.
[09:19:36] localProcessing Group : jquery-core
[09:19:36] Asset (handle: jquery-core) in group scripts has been successfully processed.
[09:19:40] localProcessing Group : jquery-migrate
[09:19:40] Asset (handle: jquery-migrate) in group scripts has been successfully processed.
[09:19:41] localProcessing Group : tp-tools
[09:19:41] Asset (handle: tp-tools) in group scripts has been successfully processed.
[09:19:42] localProcessing Group : revmin
[09:19:42] Asset (handle: revmin) in group scripts has been successfully processed.
[09:19:43] localProcessing Group : wdsi
[09:19:43] Asset (handle: wdsi) in group scripts has been successfully processed.
[09:19:44] localProcessing Group : stick-elementor-section-on-top-when-scrolling-js
[09:19:44] Asset (handle: stick-elementor-section-on-top-when-scrolling-js) in group scripts has been successfully processed.
[09:20:05] localProcessing Group : elementor-post-2913
[09:20:05] Asset (handle: elementor-post-2913) in group styles has been successfully processed.
[09:20:06] localProcessing Group : elementor-post-2897
[09:20:06] Asset (handle: elementor-post-2897) in group styles has been successfully processed.
[09:20:06] localProcessing Group : briar-elementor
[09:20:06] Asset (handle: briar-elementor) in group styles has been successfully processed.
[09:20:07] localProcessing Group : WebgroupUtils
[09:20:07] Asset (handle: WebgroupUtils) in group scripts has been successfully processed.
[09:20:08] localProcessing Group : addPageViewCrmInfoScript
[09:20:08] Asset (handle: addPageViewCrmInfoScript) in group scripts has been successfully processed.
[09:20:09] localProcessing Group : addDiviFormCrmInfoScript
[09:20:09] Asset (handle: addDiviFormCrmInfoScript) in group scripts has been successfully processed.
[09:20:10] localProcessing Group : replacePhoneNumbersByChannelId
[09:20:10] Asset (handle: replacePhoneNumbersByChannelId) in group scripts has been successfully processed.
[09:20:10] localProcessing Group : wp-accessibility-helper
[09:20:10] Asset (handle: wp-accessibility-helper) in group scripts has been successfully processed.
