[13:22:44] localProcessing Group : fix-smartphone-elementor
[13:22:44] Asset (handle: fix-smartphone-elementor) in group styles has been successfully processed.
[13:22:45] localProcessing Group : rs-plugin-settings
[13:22:45] Asset (handle: rs-plugin-settings) in group styles has been successfully processed.
[13:22:47] localProcessing Group : wdsi
[13:22:47] Asset (handle: wdsi) in group styles has been successfully processed.
[13:22:48] localProcessing Group : uaf_client_css
[13:22:48] localProcessing Group : pojo-a11y
[13:22:48] Asset (handle: pojo-a11y) in group styles has been successfully processed.
[13:22:49] localProcessing Group : elementor-icons
[13:22:49] Asset (handle: elementor-icons) in group styles has been successfully processed.
[13:22:50] localProcessing Group : font-awesome
[13:22:50] Asset (handle: font-awesome) in group styles has been successfully processed.
[13:22:51] localProcessing Group : elementor-animations
[13:22:51] Asset (handle: elementor-animations) in group styles has been successfully processed.
[13:40:50] localProcessing Group : elementor-frontend
[13:40:50] Asset (handle: elementor-frontend) in group styles has been successfully processed.
[13:40:52] localProcessing Group : elementor-post-1467
[13:40:52] Asset (handle: elementor-post-1467) in group styles has been successfully processed.
[13:40:53] localProcessing Group : elementor-pro
[13:40:53] Asset (handle: elementor-pro) in group styles has been successfully processed.
[13:40:55] localProcessing Group : pojo-css-framework
[13:40:55] Asset (handle: pojo-css-framework) in group styles has been successfully processed.
[13:40:56] localProcessing Group : wpmu-wpmu-ui-3-min-css
[13:40:56] Asset (handle: wpmu-wpmu-ui-3-min-css) in group styles has been successfully processed.
[13:40:57] localProcessing Group : wpmu-animate-3-min-css
[13:40:57] Asset (handle: wpmu-animate-3-min-css) in group styles has been successfully processed.
[13:40:59] localProcessing Group : photoswipe
[13:40:59] Asset (handle: photoswipe) in group styles has been successfully processed.
[13:41:00] localProcessing Group : photoswipe-skin
[13:41:00] Asset (handle: photoswipe-skin) in group styles has been successfully processed.
[13:44:54] localProcessing Group : pojo-base-style
[13:44:54] Asset (handle: pojo-base-style) in group styles has been successfully processed.
[13:44:56] localProcessing Group : pojo-style
[13:44:56] Asset (handle: pojo-style) in group styles has been successfully processed.
[13:44:56] localProcessing Group : pojo-base-style-rtl
[13:44:56] Asset (handle: pojo-base-style-rtl) in group styles has been successfully processed.
[13:44:57] localProcessing Group : pojo-style-rtl
[13:44:57] Asset (handle: pojo-style-rtl) in group styles has been successfully processed.
[13:44:57] localProcessing Group : jquery-core
[13:44:57] Asset (handle: jquery-core) in group scripts has been successfully processed.
[13:44:59] localProcessing Group : jquery-migrate
[13:44:59] Asset (handle: jquery-migrate) in group scripts has been successfully processed.
[13:45:00] localProcessing Group : tp-tools
[13:45:00] Asset (handle: tp-tools) in group scripts has been successfully processed.
[13:57:42] localProcessing Group : revmin
[13:57:42] Asset (handle: revmin) in group scripts has been successfully processed.
[13:57:44] localProcessing Group : wdsi
[13:57:44] Asset (handle: wdsi) in group scripts has been successfully processed.
[13:57:45] localProcessing Group : comment-reply
[13:57:45] Asset (handle: comment-reply) in group scripts has been successfully processed.
[13:57:46] localProcessing Group : briar-elementor
[13:57:46] Asset (handle: briar-elementor) in group styles has been successfully processed.
[13:57:47] localProcessing Group : WebgroupUtils
[13:57:47] Asset (handle: WebgroupUtils) in group scripts has been successfully processed.
[13:57:47] localProcessing Group : addPageViewCrmInfoScript
[13:57:47] Asset (handle: addPageViewCrmInfoScript) in group scripts has been successfully processed.
[13:57:48] localProcessing Group : addDiviFormCrmInfoScript
[13:57:48] Asset (handle: addDiviFormCrmInfoScript) in group scripts has been successfully processed.
[13:57:49] localProcessing Group : replacePhoneNumbersByChannelId
[13:57:49] Asset (handle: replacePhoneNumbersByChannelId) in group scripts has been successfully processed.
[13:59:11] localProcessing Group : pojo-forms
[13:59:11] Asset (handle: pojo-forms) in group scripts has been successfully processed.
[13:59:12] localProcessing Group : pojo-a11y
[13:59:12] Asset (handle: pojo-a11y) in group scripts has been successfully processed.
[13:59:13] localProcessing Group : pojo-plugins
[13:59:13] Asset (handle: pojo-plugins) in group scripts has been successfully processed.
[13:59:14] localProcessing Group : pojo-scripts
[13:59:14] Asset (handle: pojo-scripts) in group scripts has been successfully processed.
[13:59:15] localProcessing Group : wpmu-wpmu-ui-3-min-js
[13:59:15] Asset (handle: wpmu-wpmu-ui-3-min-js) in group scripts has been successfully processed.
[13:59:16] localProcessing Group : wpmu-public-min-js
[13:59:16] Asset (handle: wpmu-public-min-js) in group scripts has been successfully processed.
[13:59:17] localProcessing Group : masterslider
[13:59:17] Asset (handle: masterslider) in group scripts has been successfully processed.
[13:59:18] localProcessing Group : photoswipe
[13:59:18] Asset (handle: photoswipe) in group scripts has been successfully processed.
[14:15:45] localProcessing Group : photoswipe-ui
[14:15:45] Asset (handle: photoswipe-ui) in group scripts has been successfully processed.
[14:15:46] localProcessing Group : pojo-lightbox-app
[14:15:46] Asset (handle: pojo-lightbox-app) in group scripts has been successfully processed.
[14:15:47] localProcessing Group : pojo-news-ticker
[14:15:47] Asset (handle: pojo-news-ticker) in group scripts has been successfully processed.
[14:15:48] localProcessing Group : wp-embed
[14:15:48] Asset (handle: wp-embed) in group scripts has been successfully processed.
[14:15:49] localProcessing Group : imagesloaded
[14:15:49] Asset (handle: imagesloaded) in group scripts has been successfully processed.
[14:15:49] localProcessing Group : elementor-pro-frontend
[14:15:50] Asset (handle: elementor-pro-frontend) in group scripts has been successfully processed.
[14:15:51] localProcessing Group : jquery-ui-position
[14:15:51] Asset (handle: jquery-ui-position) in group scripts has been successfully processed.
[14:15:51] localProcessing Group : elementor-dialog
[14:15:51] Asset (handle: elementor-dialog) in group scripts has been successfully processed.
[14:18:08] localProcessing Group : elementor-waypoints
[14:18:08] Asset (handle: elementor-waypoints) in group scripts has been successfully processed.
[14:18:09] localProcessing Group : jquery-swiper
[14:18:09] Asset (handle: jquery-swiper) in group scripts has been successfully processed.
[14:18:11] localProcessing Group : elementor-frontend
[14:18:11] Asset (handle: elementor-frontend) in group scripts has been successfully processed.
[14:18:12] localProcessing Group : briar-elementor
[14:18:12] Asset (handle: briar-elementor) in group scripts has been successfully processed.
[14:49:48] localProcessing Group : wdsi
[14:49:49] Asset (handle: wdsi) in group styles has been successfully processed.
[16:21:07] localProcessing Group : elementor-post-2943
[16:21:07] Asset (handle: elementor-post-2943) in group styles has been successfully processed.
[16:22:06] localProcessing Group : elementor-post-2778
[16:22:06] Asset (handle: elementor-post-2778) in group styles has been successfully processed.
[16:22:33] localProcessing Group : elementor-post-2844
[16:22:33] Asset (handle: elementor-post-2844) in group styles has been successfully processed.
[16:22:59] localProcessing Group : elementor-post-2932
[16:22:59] Asset (handle: elementor-post-2932) in group styles has been successfully processed.
[16:24:49] localProcessing Group : elementor-post-3192
[16:24:50] Asset (handle: elementor-post-3192) in group styles has been successfully processed.
[16:25:05] localProcessing Group : elementor-post-2726
[16:25:05] Asset (handle: elementor-post-2726) in group styles has been successfully processed.
[18:04:01] localProcessing Group : elementor-post-2905
[18:04:02] Asset (handle: elementor-post-2905) in group styles has been successfully processed.
[18:04:46] localProcessing Group : elementor-post-2882
[18:04:46] Asset (handle: elementor-post-2882) in group styles has been successfully processed.
[19:44:17] localProcessing Group : elementor-post-3337
[19:44:18] Asset (handle: elementor-post-3337) in group styles has been successfully processed.
[22:32:45] localProcessing Group : elementor-post-2959
[22:32:45] Asset (handle: elementor-post-2959) in group styles has been successfully processed.
[03:30:42] localProcessing Group : elementor-post-2253
[03:30:42] Asset (handle: elementor-post-2253) in group styles has been successfully processed.
