[03:11:17] localProcessing Group : fix-smartphone-elementor
[03:11:17] Asset (handle: fix-smartphone-elementor) in group styles has been successfully processed.
[03:11:18] localProcessing Group : rs-plugin-settings
[03:11:18] Asset (handle: rs-plugin-settings) in group styles has been successfully processed.
[03:11:19] localProcessing Group : wdsi
[03:11:19] Asset (handle: wdsi) in group styles has been successfully processed.
[03:11:20] localProcessing Group : uaf_client_css
[03:11:20] localProcessing Group : twentyseventeen-style
[03:11:20] Asset (handle: twentyseventeen-style) in group styles has been successfully processed.
[03:11:21] localProcessing Group : twentyseventeen-ie8
[03:11:21] Asset (handle: twentyseventeen-ie8) in group styles has been successfully processed.
[03:11:22] localProcessing Group : wpmu-wpmu-ui-3-min-css
[03:11:22] Asset (handle: wpmu-wpmu-ui-3-min-css) in group styles has been successfully processed.
[03:11:23] localProcessing Group : wpmu-animate-3-min-css
[03:11:23] Asset (handle: wpmu-animate-3-min-css) in group styles has been successfully processed.
[03:37:50] localProcessing Group : jquery-core
[03:37:50] Asset (handle: jquery-core) in group scripts has been successfully processed.
[03:37:52] localProcessing Group : jquery-migrate
[03:37:52] Asset (handle: jquery-migrate) in group scripts has been successfully processed.
[03:37:53] localProcessing Group : tp-tools
[03:37:53] Asset (handle: tp-tools) in group scripts has been successfully processed.
[03:37:54] localProcessing Group : revmin
[03:37:54] Asset (handle: revmin) in group scripts has been successfully processed.
[03:37:55] localProcessing Group : wdsi
[03:37:55] Asset (handle: wdsi) in group scripts has been successfully processed.
[03:37:56] localProcessing Group : html5
[03:37:56] Asset (handle: html5) in group scripts has been successfully processed.
[03:37:57] localProcessing Group : WebgroupUtils
[03:37:57] Asset (handle: WebgroupUtils) in group scripts has been successfully processed.
[06:05:09] localProcessing Group : addPageViewCrmInfoScript
[06:05:09] Asset (handle: addPageViewCrmInfoScript) in group scripts has been successfully processed.
[06:05:10] localProcessing Group : addDiviFormCrmInfoScript
[06:05:10] Asset (handle: addDiviFormCrmInfoScript) in group scripts has been successfully processed.
[06:05:11] localProcessing Group : replacePhoneNumbersByChannelId
[06:05:11] Asset (handle: replacePhoneNumbersByChannelId) in group scripts has been successfully processed.
[06:05:12] localProcessing Group : twentyseventeen-skip-link-focus-fix
[06:05:12] Asset (handle: twentyseventeen-skip-link-focus-fix) in group scripts has been successfully processed.
[06:05:12] localProcessing Group : twentyseventeen-global
[06:05:12] Asset (handle: twentyseventeen-global) in group scripts has been successfully processed.
[06:05:17] localProcessing Group : jquery-scrollto
[06:05:17] Asset (handle: jquery-scrollto) in group scripts has been successfully processed.
[06:05:17] localProcessing Group : wpmu-wpmu-ui-3-min-js
[06:05:17] Asset (handle: wpmu-wpmu-ui-3-min-js) in group scripts has been successfully processed.
[06:05:18] localProcessing Group : wpmu-public-min-js
[06:05:18] Asset (handle: wpmu-public-min-js) in group scripts has been successfully processed.
[08:38:46] localProcessing Group : wp-embed
[08:38:46] Asset (handle: wp-embed) in group scripts has been successfully processed.
