[21:57:54] localProcessing Group : fix-smartphone-elementor
[21:57:54] Asset (handle: fix-smartphone-elementor) in group styles has been successfully processed.
[21:57:55] localProcessing Group : rs-plugin-settings
[21:57:55] Asset (handle: rs-plugin-settings) in group styles has been successfully processed.
[21:57:56] localProcessing Group : wdsi
[21:57:56] Asset (handle: wdsi) in group styles has been successfully processed.
[21:57:57] localProcessing Group : uaf_client_css
[21:57:57] localProcessing Group : twentyseventeen-style
[21:57:57] Asset (handle: twentyseventeen-style) in group styles has been successfully processed.
[21:57:58] localProcessing Group : twentyseventeen-ie8
[21:57:58] Asset (handle: twentyseventeen-ie8) in group styles has been successfully processed.
[21:57:59] localProcessing Group : wpmu-wpmu-ui-3-min-css
[21:57:59] Asset (handle: wpmu-wpmu-ui-3-min-css) in group styles has been successfully processed.
[21:58:00] localProcessing Group : wpmu-animate-3-min-css
[21:58:00] Asset (handle: wpmu-animate-3-min-css) in group styles has been successfully processed.
[01:48:51] localProcessing Group : jquery-core
[01:48:51] Asset (handle: jquery-core) in group scripts has been successfully processed.
[01:48:54] localProcessing Group : jquery-migrate
[01:48:54] Asset (handle: jquery-migrate) in group scripts has been successfully processed.
[01:48:55] localProcessing Group : tp-tools
[01:48:55] Asset (handle: tp-tools) in group scripts has been successfully processed.
[01:48:56] localProcessing Group : revmin
[01:48:56] Asset (handle: revmin) in group scripts has been successfully processed.
[01:48:57] localProcessing Group : wdsi
[01:48:57] Asset (handle: wdsi) in group scripts has been successfully processed.
[01:48:58] localProcessing Group : html5
[01:48:58] Asset (handle: html5) in group scripts has been successfully processed.
[01:48:59] localProcessing Group : WebgroupUtils
[01:48:59] Asset (handle: WebgroupUtils) in group scripts has been successfully processed.
[04:12:06] localProcessing Group : addPageViewCrmInfoScript
[04:12:06] Asset (handle: addPageViewCrmInfoScript) in group scripts has been successfully processed.
[04:12:07] localProcessing Group : addDiviFormCrmInfoScript
[04:12:07] Asset (handle: addDiviFormCrmInfoScript) in group scripts has been successfully processed.
[04:12:08] localProcessing Group : replacePhoneNumbersByChannelId
[04:12:08] Asset (handle: replacePhoneNumbersByChannelId) in group scripts has been successfully processed.
[04:12:09] localProcessing Group : twentyseventeen-skip-link-focus-fix
[04:12:09] Asset (handle: twentyseventeen-skip-link-focus-fix) in group scripts has been successfully processed.
[04:12:10] localProcessing Group : twentyseventeen-global
[04:12:10] Asset (handle: twentyseventeen-global) in group scripts has been successfully processed.
[04:12:10] localProcessing Group : jquery-scrollto
[04:12:10] Asset (handle: jquery-scrollto) in group scripts has been successfully processed.
[04:12:11] localProcessing Group : wpmu-wpmu-ui-3-min-js
[04:12:11] Asset (handle: wpmu-wpmu-ui-3-min-js) in group scripts has been successfully processed.
[04:12:12] localProcessing Group : wpmu-public-min-js
[04:12:12] Asset (handle: wpmu-public-min-js) in group scripts has been successfully processed.
[05:16:29] localProcessing Group : wp-embed
[05:16:29] Asset (handle: wp-embed) in group scripts has been successfully processed.
