[00:49:16] localProcessing Group : fix-smartphone-elementor
[00:49:16] Asset (handle: fix-smartphone-elementor) in group styles has been successfully processed.
[00:49:17] localProcessing Group : rs-plugin-settings
[00:49:17] Asset (handle: rs-plugin-settings) in group styles has been successfully processed.
[00:49:18] localProcessing Group : wdsi
[00:49:18] Asset (handle: wdsi) in group styles has been successfully processed.
[00:49:19] localProcessing Group : uaf_client_css
[00:49:19] localProcessing Group : pojo-a11y
[00:49:19] Asset (handle: pojo-a11y) in group styles has been successfully processed.
[00:49:20] localProcessing Group : pojo-css-framework
[00:49:20] Asset (handle: pojo-css-framework) in group styles has been successfully processed.
[00:49:21] localProcessing Group : font-awesome
[00:49:21] Asset (handle: font-awesome) in group styles has been successfully processed.
[00:49:22] localProcessing Group : wpmu-wpmu-ui-3-min-css
[00:49:22] Asset (handle: wpmu-wpmu-ui-3-min-css) in group styles has been successfully processed.
[07:49:13] localProcessing Group : wpmu-animate-3-min-css
[07:49:13] Asset (handle: wpmu-animate-3-min-css) in group styles has been successfully processed.
[07:49:14] localProcessing Group : photoswipe
[07:49:14] Asset (handle: photoswipe) in group styles has been successfully processed.
[07:49:14] localProcessing Group : photoswipe-skin
[07:49:14] Asset (handle: photoswipe-skin) in group styles has been successfully processed.
[07:49:15] localProcessing Group : pojo-base-style
[07:49:15] Asset (handle: pojo-base-style) in group styles has been successfully processed.
[07:49:16] localProcessing Group : pojo-style
[07:49:16] Asset (handle: pojo-style) in group styles has been successfully processed.
[07:49:16] localProcessing Group : pojo-base-style-rtl
[07:49:16] Asset (handle: pojo-base-style-rtl) in group styles has been successfully processed.
[07:49:17] localProcessing Group : pojo-style-rtl
[07:49:17] Asset (handle: pojo-style-rtl) in group styles has been successfully processed.
[07:49:17] localProcessing Group : jquery-core
[07:49:17] Asset (handle: jquery-core) in group scripts has been successfully processed.
[10:30:22] localProcessing Group : jquery-migrate
[10:30:22] Asset (handle: jquery-migrate) in group scripts has been successfully processed.
[10:30:23] localProcessing Group : tp-tools
[10:30:23] Asset (handle: tp-tools) in group scripts has been successfully processed.
[10:30:24] localProcessing Group : revmin
[10:30:24] Asset (handle: revmin) in group scripts has been successfully processed.
[10:30:25] localProcessing Group : wdsi
[10:30:25] Asset (handle: wdsi) in group scripts has been successfully processed.
[10:30:26] localProcessing Group : WebgroupUtils
[10:30:26] Asset (handle: WebgroupUtils) in group scripts has been successfully processed.
[10:30:26] localProcessing Group : addPageViewCrmInfoScript
[10:30:26] Asset (handle: addPageViewCrmInfoScript) in group scripts has been successfully processed.
[10:30:27] localProcessing Group : addDiviFormCrmInfoScript
[10:30:27] Asset (handle: addDiviFormCrmInfoScript) in group scripts has been successfully processed.
