[15:30:33] localProcessing Group : fix-smartphone-elementor
[15:30:33] Asset (handle: fix-smartphone-elementor) in group styles has been successfully processed.
[15:30:37] localProcessing Group : rs-plugin-settings
[15:30:37] Asset (handle: rs-plugin-settings) in group styles has been successfully processed.
[15:30:38] localProcessing Group : wdsi
[15:30:38] Asset (handle: wdsi) in group styles has been successfully processed.
[15:30:39] localProcessing Group : uaf_client_css
[15:30:39] localProcessing Group : twentyseventeen-style
[15:30:39] Asset (handle: twentyseventeen-style) in group styles has been successfully processed.
[15:30:41] localProcessing Group : twentyseventeen-ie8
[15:30:41] Asset (handle: twentyseventeen-ie8) in group styles has been successfully processed.
[15:30:41] localProcessing Group : wpmu-wpmu-ui-3-min-css
[15:30:41] Asset (handle: wpmu-wpmu-ui-3-min-css) in group styles has been successfully processed.
[15:30:42] localProcessing Group : wpmu-animate-3-min-css
[15:30:42] Asset (handle: wpmu-animate-3-min-css) in group styles has been successfully processed.
[17:11:28] localProcessing Group : jquery-core
[17:11:28] Asset (handle: jquery-core) in group scripts has been successfully processed.
[17:11:30] localProcessing Group : jquery-migrate
[17:11:30] Asset (handle: jquery-migrate) in group scripts has been successfully processed.
[17:11:31] localProcessing Group : tp-tools
[17:11:31] Asset (handle: tp-tools) in group scripts has been successfully processed.
[17:11:32] localProcessing Group : revmin
[17:11:32] Asset (handle: revmin) in group scripts has been successfully processed.
[17:11:33] localProcessing Group : wdsi
[17:11:33] Asset (handle: wdsi) in group scripts has been successfully processed.
[17:11:34] localProcessing Group : html5
[17:11:34] Asset (handle: html5) in group scripts has been successfully processed.
[17:11:35] localProcessing Group : comment-reply
[17:11:35] Asset (handle: comment-reply) in group scripts has been successfully processed.
[17:11:50] localProcessing Group : WebgroupUtils
[17:11:50] Asset (handle: WebgroupUtils) in group scripts has been successfully processed.
[17:11:51] localProcessing Group : addPageViewCrmInfoScript
[17:11:51] Asset (handle: addPageViewCrmInfoScript) in group scripts has been successfully processed.
[17:11:52] localProcessing Group : addDiviFormCrmInfoScript
[17:11:52] Asset (handle: addDiviFormCrmInfoScript) in group scripts has been successfully processed.
[17:11:52] localProcessing Group : replacePhoneNumbersByChannelId
[17:11:52] Asset (handle: replacePhoneNumbersByChannelId) in group scripts has been successfully processed.
[17:11:53] localProcessing Group : twentyseventeen-skip-link-focus-fix
[17:11:53] Asset (handle: twentyseventeen-skip-link-focus-fix) in group scripts has been successfully processed.
[17:11:54] localProcessing Group : twentyseventeen-global
[17:11:54] Asset (handle: twentyseventeen-global) in group scripts has been successfully processed.
[17:11:55] localProcessing Group : jquery-scrollto
[17:11:55] Asset (handle: jquery-scrollto) in group scripts has been successfully processed.
[17:11:55] localProcessing Group : wpmu-wpmu-ui-3-min-js
[17:11:55] Asset (handle: wpmu-wpmu-ui-3-min-js) in group scripts has been successfully processed.
[21:16:18] localProcessing Group : wpmu-public-min-js
[21:16:18] Asset (handle: wpmu-public-min-js) in group scripts has been successfully processed.
[21:16:19] localProcessing Group : wp-embed
[21:16:19] Asset (handle: wp-embed) in group scripts has been successfully processed.
