[00:59:27] localProcessing Group : fix-smartphone-elementor
[00:59:27] Asset (handle: fix-smartphone-elementor) in group styles has been successfully processed.
[00:59:28] localProcessing Group : rs-plugin-settings
[00:59:28] Asset (handle: rs-plugin-settings) in group styles has been successfully processed.
[00:59:29] localProcessing Group : wdsi
[00:59:29] Asset (handle: wdsi) in group styles has been successfully processed.
[00:59:30] localProcessing Group : uaf_client_css
[00:59:30] localProcessing Group : twentyseventeen-style
[00:59:30] Asset (handle: twentyseventeen-style) in group styles has been successfully processed.
[00:59:31] localProcessing Group : twentyseventeen-ie8
[00:59:31] Asset (handle: twentyseventeen-ie8) in group styles has been successfully processed.
[00:59:32] localProcessing Group : wpmu-wpmu-ui-3-min-css
[00:59:32] Asset (handle: wpmu-wpmu-ui-3-min-css) in group styles has been successfully processed.
[00:59:33] localProcessing Group : wpmu-animate-3-min-css
[00:59:33] Asset (handle: wpmu-animate-3-min-css) in group styles has been successfully processed.
[05:37:36] localProcessing Group : jquery-core
[05:37:36] Asset (handle: jquery-core) in group scripts has been successfully processed.
[05:37:38] localProcessing Group : jquery-migrate
[05:37:38] Asset (handle: jquery-migrate) in group scripts has been successfully processed.
[05:37:39] localProcessing Group : tp-tools
[05:37:39] Asset (handle: tp-tools) in group scripts has been successfully processed.
[05:37:40] localProcessing Group : revmin
[05:37:40] Asset (handle: revmin) in group scripts has been successfully processed.
[05:37:41] localProcessing Group : wdsi
[05:37:41] Asset (handle: wdsi) in group scripts has been successfully processed.
[05:37:41] localProcessing Group : html5
[05:37:41] Asset (handle: html5) in group scripts has been successfully processed.
[05:37:42] localProcessing Group : WebgroupUtils
[05:37:42] Asset (handle: WebgroupUtils) in group scripts has been successfully processed.
[06:49:15] localProcessing Group : addPageViewCrmInfoScript
[06:49:15] Asset (handle: addPageViewCrmInfoScript) in group scripts has been successfully processed.
[06:49:16] localProcessing Group : addDiviFormCrmInfoScript
[06:49:16] Asset (handle: addDiviFormCrmInfoScript) in group scripts has been successfully processed.
[06:49:17] localProcessing Group : replacePhoneNumbersByChannelId
[06:49:17] Asset (handle: replacePhoneNumbersByChannelId) in group scripts has been successfully processed.
[06:49:18] localProcessing Group : twentyseventeen-skip-link-focus-fix
[06:49:18] Asset (handle: twentyseventeen-skip-link-focus-fix) in group scripts has been successfully processed.
[06:49:18] localProcessing Group : twentyseventeen-global
[06:49:18] Asset (handle: twentyseventeen-global) in group scripts has been successfully processed.
[06:49:19] localProcessing Group : jquery-scrollto
[06:49:19] Asset (handle: jquery-scrollto) in group scripts has been successfully processed.
[06:49:20] localProcessing Group : wpmu-wpmu-ui-3-min-js
[06:49:20] Asset (handle: wpmu-wpmu-ui-3-min-js) in group scripts has been successfully processed.
[06:49:20] localProcessing Group : wpmu-public-min-js
[06:49:20] Asset (handle: wpmu-public-min-js) in group scripts has been successfully processed.
[06:49:58] localProcessing Group : wp-embed
[06:49:58] Asset (handle: wp-embed) in group scripts has been successfully processed.
