[13:16:56] localProcessing Group : fix-smartphone-elementor
[13:16:56] Asset (handle: fix-smartphone-elementor) in group styles has been successfully processed.
[13:16:57] localProcessing Group : rs-plugin-settings
[13:16:57] Asset (handle: rs-plugin-settings) in group styles has been successfully processed.
[13:16:58] localProcessing Group : wdsi
[13:16:58] Asset (handle: wdsi) in group styles has been successfully processed.
[13:17:00] localProcessing Group : uaf_client_css
[13:17:00] localProcessing Group : yaron2-parent-style
[13:17:00] Asset (handle: yaron2-parent-style) in group styles has been successfully processed.
[13:17:01] localProcessing Group : yaron2-child-aronot-style
[13:17:01] Asset (handle: yaron2-child-aronot-style) in group styles has been successfully processed.
[13:17:02] localProcessing Group : pojo-a11y
[13:17:02] Asset (handle: pojo-a11y) in group styles has been successfully processed.
[13:17:03] localProcessing Group : pojo-css-framework
[13:17:03] Asset (handle: pojo-css-framework) in group styles has been successfully processed.
[14:52:16] localProcessing Group : font-awesome
[14:52:17] Asset (handle: font-awesome) in group styles has been successfully processed.
[14:52:18] localProcessing Group : wpmu-wpmu-ui-3-min-css
[14:52:18] Asset (handle: wpmu-wpmu-ui-3-min-css) in group styles has been successfully processed.
[14:52:19] localProcessing Group : wpmu-animate-3-min-css
[14:52:19] Asset (handle: wpmu-animate-3-min-css) in group styles has been successfully processed.
[14:52:20] localProcessing Group : photoswipe
[14:52:20] Asset (handle: photoswipe) in group styles has been successfully processed.
[14:52:21] localProcessing Group : photoswipe-skin
[14:52:21] Asset (handle: photoswipe-skin) in group styles has been successfully processed.
[14:52:22] localProcessing Group : pojo-base-style
[14:52:22] Asset (handle: pojo-base-style) in group styles has been successfully processed.
[14:52:23] localProcessing Group : pojo-style
[14:52:23] Asset (handle: pojo-style) in group styles has been successfully processed.
[14:52:23] localProcessing Group : pojo-base-style-rtl
[14:52:23] Asset (handle: pojo-base-style-rtl) in group styles has been successfully processed.
[14:52:46] localProcessing Group : pojo-style-rtl
[14:52:46] Asset (handle: pojo-style-rtl) in group styles has been successfully processed.
[14:52:46] localProcessing Group : jquery-core
[14:52:46] Asset (handle: jquery-core) in group scripts has been successfully processed.
[14:52:49] localProcessing Group : jquery-migrate
[14:52:49] Asset (handle: jquery-migrate) in group scripts has been successfully processed.
[14:52:50] localProcessing Group : tp-tools
[14:52:50] Asset (handle: tp-tools) in group scripts has been successfully processed.
[14:52:52] localProcessing Group : revmin
[14:52:52] Asset (handle: revmin) in group scripts has been successfully processed.
[14:52:53] localProcessing Group : wdsi
[14:52:53] Asset (handle: wdsi) in group scripts has been successfully processed.
[14:52:54] localProcessing Group : WebgroupUtils
[14:52:54] Asset (handle: WebgroupUtils) in group scripts has been successfully processed.
[15:03:43] localProcessing Group : addPageViewCrmInfoScript
[15:03:43] Asset (handle: addPageViewCrmInfoScript) in group scripts has been successfully processed.
[15:03:44] localProcessing Group : addDiviFormCrmInfoScript
[15:03:44] Asset (handle: addDiviFormCrmInfoScript) in group scripts has been successfully processed.
[15:03:45] localProcessing Group : replacePhoneNumbersByChannelId
[15:03:45] Asset (handle: replacePhoneNumbersByChannelId) in group scripts has been successfully processed.
[15:03:46] localProcessing Group : pojo-forms
[15:03:46] Asset (handle: pojo-forms) in group scripts has been successfully processed.
[15:03:46] localProcessing Group : pojo-a11y
[15:03:46] Asset (handle: pojo-a11y) in group scripts has been successfully processed.
[15:03:47] localProcessing Group : pojo-plugins
[15:03:47] Asset (handle: pojo-plugins) in group scripts has been successfully processed.
[15:03:48] localProcessing Group : pojo-scripts
[15:03:48] Asset (handle: pojo-scripts) in group scripts has been successfully processed.
[15:03:49] localProcessing Group : wpmu-wpmu-ui-3-min-js
[15:03:49] Asset (handle: wpmu-wpmu-ui-3-min-js) in group scripts has been successfully processed.
[15:04:30] localProcessing Group : wpmu-public-min-js
[15:04:30] Asset (handle: wpmu-public-min-js) in group scripts has been successfully processed.
[15:04:31] localProcessing Group : masterslider
[15:04:31] Asset (handle: masterslider) in group scripts has been successfully processed.
[15:04:32] localProcessing Group : photoswipe
[15:04:32] Asset (handle: photoswipe) in group scripts has been successfully processed.
[15:04:33] localProcessing Group : photoswipe-ui
[15:04:33] Asset (handle: photoswipe-ui) in group scripts has been successfully processed.
[15:04:34] localProcessing Group : pojo-lightbox-app
[15:04:34] Asset (handle: pojo-lightbox-app) in group scripts has been successfully processed.
[15:04:35] localProcessing Group : pojo-news-ticker
[15:04:35] Asset (handle: pojo-news-ticker) in group scripts has been successfully processed.
[15:04:36] localProcessing Group : wp-embed
[15:04:36] Asset (handle: wp-embed) in group scripts has been successfully processed.
[16:03:25] localProcessing Group : wpmu-wpmu-ui-3-min-css
[16:03:25] Asset (handle: wpmu-wpmu-ui-3-min-css) in group styles has been successfully processed.
[16:03:26] localProcessing Group : comment-reply
[16:03:26] Asset (handle: comment-reply) in group scripts has been successfully processed.
[18:04:18] localProcessing Group : elementor-icons
[18:04:18] Asset (handle: elementor-icons) in group styles has been successfully processed.
[18:04:19] localProcessing Group : elementor-animations
[18:04:19] Asset (handle: elementor-animations) in group styles has been successfully processed.
[18:04:20] localProcessing Group : elementor-frontend
[18:04:20] Asset (handle: elementor-frontend) in group styles has been successfully processed.
[18:04:21] localProcessing Group : elementor-post-4263
[18:04:21] Asset (handle: elementor-post-4263) in group styles has been successfully processed.
[18:04:21] localProcessing Group : elementor-pro
[18:04:21] Asset (handle: elementor-pro) in group styles has been successfully processed.
[18:04:23] localProcessing Group : briar-elementor
[18:04:23] Asset (handle: briar-elementor) in group styles has been successfully processed.
[18:04:23] localProcessing Group : elementor-pro-frontend
[18:04:23] Asset (handle: elementor-pro-frontend) in group scripts has been successfully processed.
[18:04:24] localProcessing Group : jquery-ui-position
[18:04:24] Asset (handle: jquery-ui-position) in group scripts has been successfully processed.
[18:04:38] localProcessing Group : elementor-dialog
[18:04:38] Asset (handle: elementor-dialog) in group scripts has been successfully processed.
[18:04:40] localProcessing Group : elementor-waypoints
[18:04:40] Asset (handle: elementor-waypoints) in group scripts has been successfully processed.
[18:04:41] localProcessing Group : jquery-swiper
[18:04:41] Asset (handle: jquery-swiper) in group scripts has been successfully processed.
[18:04:43] localProcessing Group : elementor-frontend
[18:04:43] Asset (handle: elementor-frontend) in group scripts has been successfully processed.
[18:04:44] localProcessing Group : briar-elementor
[18:04:44] Asset (handle: briar-elementor) in group scripts has been successfully processed.
[18:39:40] localProcessing Group : elementor-post-3367
[18:39:40] Asset (handle: elementor-post-3367) in group styles has been successfully processed.
[21:46:10] localProcessing Group : elementor-post-3383
[21:46:10] Asset (handle: elementor-post-3383) in group styles has been successfully processed.
[23:43:25] localProcessing Group : elementor-post-3461
[23:43:25] Asset (handle: elementor-post-3461) in group styles has been successfully processed.
[00:57:45] localProcessing Group : elementor-post-3805
[00:57:45] Asset (handle: elementor-post-3805) in group styles has been successfully processed.
[00:57:46] localProcessing Group : imagesloaded
[00:57:46] Asset (handle: imagesloaded) in group scripts has been successfully processed.
[00:57:48] localProcessing Group : jquery-slick
[00:57:48] Asset (handle: jquery-slick) in group scripts has been successfully processed.
[03:56:47] localProcessing Group : elementor-post-4267
[03:56:47] Asset (handle: elementor-post-4267) in group styles has been successfully processed.
